Log file open, 10/03/24 23:32:55
LogInit: Display: Running engine for game: Project2D
LogPlatformFile: Not using cached read wrapper
LogTaskGraph: Started task graph with 5 named threads and 23 total threads with 3 sets of task threads.
LogStats: Stats thread started at 5.989906
LogD3D11RHI: Loaded GFSDK_Aftermath_Lib.x64.dll
LogICUInternationalization: ICU TimeZone Detection - Raw Offset: -5:00, Platform Override: ''
LogPluginManager: Mounting plugin Paper2D
LogPluginManager: Mounting plugin AISupport
LogPluginManager: Mounting plugin LightPropagationVolume
LogPluginManager: Mounting plugin CameraShakePreviewer
LogPluginManager: Mounting plugin ActorLayerUtilities
LogPluginManager: Mounting plugin AnimationSharing
LogPluginManager: Mounting plugin CLionSourceCodeAccess
LogPluginManager: Mounting plugin CodeLiteSourceCodeAccess
LogPluginManager: Mounting plugin GitSourceControl
LogPluginManager: Mounting plugin KDevelopSourceCodeAccess
LogPluginManager: Mounting plugin NullSourceCodeAccess
LogPluginManager: Mounting plugin PerforceSourceControl
LogPluginManager: Mounting plugin PlasticSourceControl
LogPluginManager: Mounting plugin RiderSourceCodeAccess
LogPluginManager: Mounting plugin SubversionSourceControl
LogPluginManager: Mounting plugin UObjectPlugin
LogPluginManager: Mounting plugin VisualStudioCodeSourceCodeAccess
LogPluginManager: Mounting plugin VisualStudioSourceCodeAccess
LogPluginManager: Mounting plugin XCodeSourceCodeAccess
LogPluginManager: Mounting plugin AssetManagerEditor
LogPluginManager: Mounting plugin CryptoKeys
LogPluginManager: Mounting plugin CurveEditorTools
LogPluginManager: Mounting plugin DataValidation
LogPluginManager: Mounting plugin EditorScriptingUtilities
LogPluginManager: Mounting plugin FacialAnimation
LogPluginManager: Mounting plugin GameplayTagsEditor
LogPluginManager: Mounting plugin GeometryMode
LogPluginManager: Mounting plugin MacGraphicsSwitching
LogPluginManager: Mounting plugin MaterialAnalyzer
LogPluginManager: Mounting plugin MobileLauncherProfileWizard
LogPluginManager: Mounting plugin PluginBrowser
LogPluginManager: Mounting plugin SpeedTreeImporter
LogPluginManager: Mounting plugin DatasmithContent
LogPluginManager: Mounting plugin VariantManagerContent
LogPluginManager: Mounting plugin AlembicImporter
LogPluginManager: Mounting plugin AutomationUtils
LogPluginManager: Mounting plugin BackChannel
LogPluginManager: Mounting plugin ChaosCloth
LogPluginManager: Mounting plugin ChaosClothEditor
LogPluginManager: Mounting plugin ChaosEditor
LogPluginManager: Mounting plugin ChaosNiagara
LogPluginManager: Mounting plugin ChaosSolverPlugin
LogPluginManager: Mounting plugin CharacterAI
LogPluginManager: Mounting plugin GeometryCache
LogPluginManager: Mounting plugin GeometryCollectionPlugin
LogPluginManager: Mounting plugin GeometryProcessing
LogPluginManager: Mounting plugin PlanarCut
LogPluginManager: Mounting plugin PlatformCrypto
LogPluginManager: Mounting plugin ProxyLODPlugin
LogPluginManager: Mounting plugin SkeletalReduction
LogPluginManager: Mounting plugin Niagara
LogPluginManager: Mounting plugin MagicLeap
LogPluginManager: Mounting plugin MagicLeapLightEstimation
LogPluginManager: Mounting plugin MagicLeapMedia
LogPluginManager: Mounting plugin MagicLeapPassableWorld
LogPluginManager: Mounting plugin MLSDK
LogPluginManager: Mounting plugin AndroidMedia
LogPluginManager: Mounting plugin AvfMedia
LogPluginManager: Mounting plugin ImgMedia
LogPluginManager: Mounting plugin MediaCompositing
LogPluginManager: Mounting plugin MediaPlayerEditor
LogPluginManager: Mounting plugin WebMMedia
LogPluginManager: Mounting plugin WmfMedia
LogPluginManager: Mounting plugin MeshPainting
LogPluginManager: Mounting plugin TcpMessaging
LogPluginManager: Mounting plugin UdpMessaging
LogPluginManager: Mounting plugin ActorSequence
LogPluginManager: Mounting plugin LevelSequenceEditor
LogPluginManager: Mounting plugin MatineeToLevelSequence
LogPluginManager: Mounting plugin MovieRenderPipeline
LogPluginManager: Mounting plugin TemplateSequence
LogPluginManager: Mounting plugin NetcodeUnitTest
LogPluginManager: Mounting plugin NUTUnrealEngine4
LogPluginManager: Mounting plugin OnlineSubsystemGooglePlay
LogPluginManager: Mounting plugin OnlineSubsystemIOS
LogPluginManager: Mounting plugin OnlineSubsystem
LogPluginManager: Mounting plugin OnlineSubsystemNull
LogPluginManager: Mounting plugin OnlineSubsystemUtils
LogPluginManager: Mounting plugin LauncherChunkInstaller
LogPluginManager: Mounting plugin AndroidDeviceProfileSelector
LogPluginManager: Mounting plugin AndroidMoviePlayer
LogPluginManager: Mounting plugin AndroidPermission
LogPluginManager: Mounting plugin AppleImageUtils
LogPluginManager: Mounting plugin AppleMoviePlayer
LogPluginManager: Mounting plugin ArchVisCharacter
LogPluginManager: Mounting plugin AssetTags
LogPluginManager: Mounting plugin AudioCapture
LogPluginManager: Mounting plugin CableComponent
LogPluginManager: Mounting plugin CustomMeshComponent
LogPluginManager: Mounting plugin EditableMesh
LogPluginManager: Mounting plugin ExampleDeviceProfileSelector
LogPluginManager: Mounting plugin GoogleCloudMessaging
LogPluginManager: Mounting plugin GooglePAD
LogPluginManager: Mounting plugin IOSDeviceProfileSelector
LogPluginManager: Mounting plugin LinuxDeviceProfileSelector
LogPluginManager: Mounting plugin LocationServicesBPLibrary
LogPluginManager: Mounting plugin MobilePatchingUtils
LogPluginManager: Mounting plugin OculusVR
LogPluginManager: Mounting plugin PhysXVehicles
LogPluginManager: Mounting plugin PostSplashScreen
LogPluginManager: Mounting plugin ProceduralMeshComponent
LogPluginManager: Mounting plugin RuntimePhysXCooking
LogPluginManager: Mounting plugin SignificanceManager
LogPluginManager: Mounting plugin SoundFields
LogPluginManager: Mounting plugin SteamVR
LogPluginManager: Mounting plugin Synthesis
LogPluginManager: Mounting plugin WebMMoviePlayer
LogPluginManager: Mounting plugin WindowsMoviePlayer
LogPluginManager: Mounting plugin ScreenshotTools
LogInit: Using libcurl 7.55.1-DEV
LogInit:  - built for x86_64-pc-win32
LogInit:  - supports SSL with OpenSSL/1.1.1
LogInit:  - supports HTTP deflate (compression) using libz 1.2.8
LogInit:  - other features:
LogInit:      CURL_VERSION_SSL
LogInit:      CURL_VERSION_LIBZ
LogInit:      CURL_VERSION_IPV6
LogInit:      CURL_VERSION_ASYNCHDNS
LogInit:      CURL_VERSION_LARGEFILE
LogInit:      CURL_VERSION_IDN
LogInit:  CurlRequestOptions (configurable via config and command line):
LogInit:  - bVerifyPeer = true  - Libcurl will verify peer certificate
LogInit:  - bUseHttpProxy = false  - Libcurl will NOT use HTTP proxy
LogInit:  - bDontReuseConnections = false  - Libcurl will reuse connections
LogInit:  - MaxHostConnections = 16  - Libcurl will limit the number of connections to a host
LogInit:  - LocalHostAddr = Default
LogInit:  - BufferSize = 65536
LogOnline: OSS: Creating online subsystem instance for: NULL
LogInit: WinSock: version 1.1 (2.2), MaxSocks=32767, MaxUdp=65467
LogOnline: OSS: TryLoadSubsystemAndSetDefault: Loaded subsystem for module [NULL]
LogInit: Build: ++UE4+Release-4.25-CL-14469661
LogInit: Engine Version: 4.25.4-14469661+++UE4+Release-4.25
LogInit: Compatible Engine Version: 4.25.0-13144385+++UE4+Release-4.25
LogInit: Net CL: 13144385
LogInit: OS: Windows 10 (Release 2009) (), CPU: Intel(R) Core(TM) i7-7700HQ CPU @ 2.80GHz, GPU: Intel(R) HD Graphics 630
LogInit: Compiled (64-bit): Oct 11 2020 08:10:49
LogInit: Compiled with Visual C++: 19.24.28315.00
LogInit: Build Configuration: Development
LogInit: Branch Name: ++UE4+Release-4.25
LogInit: Command Line: 
LogInit: Base Directory: D:/Programmes(x86)/Epic Games/UE_4.25/Engine/Binaries/Win64/
LogInit: Allocator: TBB
LogInit: Installed Engine Build: 1
LogDevObjectVersion: Number of dev versions registered: 26
LogDevObjectVersion:   Dev-Blueprints (B0D832E4-1F89-4F0D-ACCF-7EB736FD4AA2): 10
LogDevObjectVersion:   Dev-Build (E1C64328-A22C-4D53-A36C-8E866417BD8C): 0
LogDevObjectVersion:   Dev-Core (375EC13C-06E4-48FB-B500-84F0262A717E): 4
LogDevObjectVersion:   Dev-Editor (E4B068ED-F494-42E9-A231-DA0B2E46BB41): 38
LogDevObjectVersion:   Dev-Framework (CFFC743F-43B0-4480-9391-14DF171D2073): 37
LogDevObjectVersion:   Dev-Mobile (B02B49B5-BB20-44E9-A304-32B752E40360): 2
LogDevObjectVersion:   Dev-Networking (A4E4105C-59A1-49B5-A7C5-40C4547EDFEE): 0
LogDevObjectVersion:   Dev-Online (39C831C9-5AE6-47DC-9A44-9C173E1C8E7C): 0
LogDevObjectVersion:   Dev-Physics (78F01B33-EBEA-4F98-B9B4-84EACCB95AA2): 4
LogDevObjectVersion:   Dev-Platform (6631380F-2D4D-43E0-8009-CF276956A95A): 0
LogDevObjectVersion:   Dev-Rendering (12F88B9F-8875-4AFC-A67C-D90C383ABD29): 43
LogDevObjectVersion:   Dev-Sequencer (7B5AE74C-D270-4C10-A958-57980B212A5A): 12
LogDevObjectVersion:   Dev-VR (D7296918-1DD6-4BDD-9DE2-64A83CC13884): 3
LogDevObjectVersion:   Dev-LoadTimes (C2A15278-BFE7-4AFE-6C17-90FF531DF755): 1
LogDevObjectVersion:   Private-Geometry (6EACA3D4-40EC-4CC1-B786-8BED09428FC5): 3
LogDevObjectVersion:   Dev-AnimPhys (29E575DD-E0A3-4627-9D10-D276232CDCEA): 17
LogDevObjectVersion:   Dev-Anim (AF43A65D-7FD3-4947-9873-3E8ED9C1BB05): 7
LogDevObjectVersion:   Dev-ReflectionCapture (6B266CEC-1EC7-4B8F-A30B-E4D90942FC07): 1
LogDevObjectVersion:   Dev-Automation (0DF73D61-A23F-47EA-B727-89E90C41499A): 1
LogDevObjectVersion:   FortniteMain (601D1886-AC64-4F84-AA16-D3DE0DEAC7D6): 31
LogDevObjectVersion:   Dev-Enterprise (9DFFBCD6-494F-0158-E221-12823C92A888): 10
LogDevObjectVersion:   Dev-Niagara (F2AED0AC-9AFE-416F-8664-AA7FFA26D6FC): 1
LogDevObjectVersion:   Dev-Destruction (174F1F0B-B4C6-45A5-B13F-2EE8D0FB917D): 10
LogDevObjectVersion:   Dev-Physics-Ext (35F94A83-E258-406C-A318-09F59610247C): 37
LogDevObjectVersion:   Dev-PhysicsMaterial-Chaos (B68FC16E-8B1B-42E2-B453-215C058844FE): 1
LogDevObjectVersion:   Dev-CineCamera (B2E18506-4273-CFC2-A54E-F4BB758BBA07): 1
LogInit: Presizing for max 25165824 objects, including 0 objects not considered by GC, pre-allocating 0 bytes for permanent pool.
LogConfig: Applying CVar settings from Section [/Script/Engine.StreamingSettings] File [D:/GitHub/Project2D/Project2D/Saved/Config/Windows/Engine.ini]
LogConfig: Setting CVar [[s.MinBulkDataSizeForAsyncLoading:131072]]
LogConfig: Setting CVar [[s.AsyncLoadingThreadEnabled:0]]
LogConfig: Setting CVar [[s.EventDrivenLoaderEnabled:1]]
LogConfig: Setting CVar [[s.WarnIfTimeLimitExceeded:0]]
LogConfig: Setting CVar [[s.TimeLimitExceededMultiplier:1.5]]
LogConfig: Setting CVar [[s.TimeLimitExceededMinTime:0.005]]
LogConfig: Setting CVar [[s.UseBackgroundLevelStreaming:1]]
LogConfig: Setting CVar [[s.PriorityAsyncLoadingExtraTime:15.0]]
LogConfig: Setting CVar [[s.LevelStreamingActorsUpdateTimeLimit:5.0]]
LogConfig: Setting CVar [[s.PriorityLevelStreamingActorsUpdateExtraTime:5.0]]
LogConfig: Setting CVar [[s.LevelStreamingComponentsRegistrationGranularity:10]]
LogConfig: Setting CVar [[s.UnregisterComponentsTimeLimit:1.0]]
LogConfig: Setting CVar [[s.LevelStreamingComponentsUnregistrationGranularity:5]]
LogConfig: Setting CVar [[s.FlushStreamingOnExit:1]]
LogInit: Object subsystem initialized
LogConfig: Setting CVar [[con.DebugEarlyDefault:1]]
LogConfig: Setting CVar [[r.setres:1280x720]]
[2024.10.04-03.33.00:417][  0]LogConfig: Setting CVar [[r.VSync:0]]
[2024.10.04-03.33.00:417][  0]LogConfig: Setting CVar [[r.RHICmdBypass:0]]
[2024.10.04-03.33.00:421][  0]LogConfig: Applying CVar settings from Section [/Script/Engine.RendererSettings] File [D:/GitHub/Project2D/Project2D/Saved/Config/Windows/Engine.ini]
[2024.10.04-03.33.00:421][  0]LogConfig: Setting CVar [[r.GPUCrashDebugging:0]]
[2024.10.04-03.33.00:421][  0]LogConfig: Setting CVar [[r.ForwardShading:1]]
[2024.10.04-03.33.00:421][  0]LogConfig: Setting CVar [[r.MinScreenRadiusForLights:0.000000]]
[2024.10.04-03.33.00:421][  0]LogConfig: Setting CVar [[r.DefaultFeature.AutoExposure:0]]
[2024.10.04-03.33.00:421][  0]LogConfig: Setting CVar [[r.DefaultFeature.MotionBlur:0]]
[2024.10.04-03.33.00:421][  0]LogConfig: Setting CVar [[r.DefaultFeature.AntiAliasing:0]]
[2024.10.04-03.33.00:421][  0]LogConfig: Setting CVar [[r.DefaultFeature.AutoExposure.Bias:0.000000]]
[2024.10.04-03.33.00:421][  0]LogConfig: Setting CVar [[r.ReflectionEnvironmentLightmapMixBasedOnRoughness:0]]
[2024.10.04-03.33.00:421][  0]LogConfig: Setting CVar [[r.DefaultFeature.AmbientOcclusion:0]]
[2024.10.04-03.33.00:421][  0]LogConfig: Setting CVar [[r.DefaultFeature.AmbientOcclusionStaticFraction:0]]
[2024.10.04-03.33.00:421][  0]LogConfig: Applying CVar settings from Section [/Script/Engine.RendererOverrideSettings] File [D:/GitHub/Project2D/Project2D/Saved/Config/Windows/Engine.ini]
[2024.10.04-03.33.00:421][  0]LogConfig: Applying CVar settings from Section [/Script/Engine.StreamingSettings] File [D:/GitHub/Project2D/Project2D/Saved/Config/Windows/Engine.ini]
[2024.10.04-03.33.00:421][  0]LogConfig: Setting CVar [[s.MinBulkDataSizeForAsyncLoading:131072]]
[2024.10.04-03.33.00:421][  0]LogConfig: Setting CVar [[s.AsyncLoadingThreadEnabled:0]]
[2024.10.04-03.33.00:421][  0]LogConfig: Setting CVar [[s.EventDrivenLoaderEnabled:1]]
[2024.10.04-03.33.00:421][  0]LogConfig: Setting CVar [[s.WarnIfTimeLimitExceeded:0]]
[2024.10.04-03.33.00:421][  0]LogConfig: Setting CVar [[s.TimeLimitExceededMultiplier:1.5]]
[2024.10.04-03.33.00:421][  0]LogConfig: Setting CVar [[s.TimeLimitExceededMinTime:0.005]]
[2024.10.04-03.33.00:421][  0]LogConfig: Setting CVar [[s.UseBackgroundLevelStreaming:1]]
[2024.10.04-03.33.00:421][  0]LogConfig: Setting CVar [[s.PriorityAsyncLoadingExtraTime:15.0]]
[2024.10.04-03.33.00:422][  0]LogConfig: Setting CVar [[s.LevelStreamingActorsUpdateTimeLimit:5.0]]
[2024.10.04-03.33.00:422][  0]LogConfig: Setting CVar [[s.PriorityLevelStreamingActorsUpdateExtraTime:5.0]]
[2024.10.04-03.33.00:422][  0]LogConfig: Setting CVar [[s.LevelStreamingComponentsRegistrationGranularity:10]]
[2024.10.04-03.33.00:422][  0]LogConfig: Setting CVar [[s.UnregisterComponentsTimeLimit:1.0]]
[2024.10.04-03.33.00:422][  0]LogConfig: Setting CVar [[s.LevelStreamingComponentsUnregistrationGranularity:5]]
[2024.10.04-03.33.00:422][  0]LogConfig: Setting CVar [[s.FlushStreamingOnExit:1]]
[2024.10.04-03.33.00:422][  0]LogConfig: Applying CVar settings from Section [/Script/Engine.GarbageCollectionSettings] File [D:/GitHub/Project2D/Project2D/Saved/Config/Windows/Engine.ini]
[2024.10.04-03.33.00:422][  0]LogConfig: Setting CVar [[gc.MaxObjectsNotConsideredByGC:1]]
[2024.10.04-03.33.00:422][  0]LogConfig: Setting CVar [[gc.SizeOfPermanentObjectPool:0]]
[2024.10.04-03.33.00:422][  0]LogConfig: Setting CVar [[gc.FlushStreamingOnGC:0]]
[2024.10.04-03.33.00:422][  0]LogConfig: Setting CVar [[gc.NumRetriesBeforeForcingGC:10]]
[2024.10.04-03.33.00:422][  0]LogConfig: Setting CVar [[gc.AllowParallelGC:1]]
[2024.10.04-03.33.00:422][  0]LogConfig: Setting CVar [[gc.TimeBetweenPurgingPendingKillObjects:61.1]]
[2024.10.04-03.33.00:422][  0]LogConfig: Setting CVar [[gc.MaxObjectsInEditor:25165824]]
[2024.10.04-03.33.00:422][  0]LogConfig: Setting CVar [[gc.IncrementalBeginDestroyEnabled:1]]
[2024.10.04-03.33.00:422][  0]LogConfig: Setting CVar [[gc.CreateGCClusters:1]]
[2024.10.04-03.33.00:422][  0]LogConfig: Setting CVar [[gc.MinGCClusterSize:5]]
[2024.10.04-03.33.00:422][  0]LogConfig: Setting CVar [[gc.ActorClusteringEnabled:0]]
[2024.10.04-03.33.00:422][  0]LogConfig: Setting CVar [[gc.BlueprintClusteringEnabled:0]]
[2024.10.04-03.33.00:422][  0]LogConfig: Setting CVar [[gc.UseDisregardForGCOnDedicatedServers:0]]
[2024.10.04-03.33.00:422][  0]LogConfig: Applying CVar settings from Section [/Script/Engine.NetworkSettings] File [D:/GitHub/Project2D/Project2D/Saved/Config/Windows/Engine.ini]
[2024.10.04-03.33.00:422][  0]LogConfig: Applying CVar settings from Section [/Script/UnrealEd.CookerSettings] File [D:/GitHub/Project2D/Project2D/Saved/Config/Windows/Engine.ini]
[2024.10.04-03.33.00:493][  0]LogConfig: Applying CVar settings from Section [ViewDistanceQuality@3] File [D:/GitHub/Project2D/Project2D/Saved/Config/Windows/Scalability.ini]
[2024.10.04-03.33.00:493][  0]LogConfig: Setting CVar [[r.SkeletalMeshLODBias:0]]
[2024.10.04-03.33.00:493][  0]LogConfig: Setting CVar [[r.ViewDistanceScale:1.0]]
[2024.10.04-03.33.00:493][  0]LogConfig: Applying CVar settings from Section [AntiAliasingQuality@3] File [D:/GitHub/Project2D/Project2D/Saved/Config/Windows/Scalability.ini]
[2024.10.04-03.33.00:493][  0]LogConfig: Setting CVar [[r.PostProcessAAQuality:4]]
[2024.10.04-03.33.00:493][  0]LogConfig: Applying CVar settings from Section [ShadowQuality@3] File [D:/GitHub/Project2D/Project2D/Saved/Config/Windows/Scalability.ini]
[2024.10.04-03.33.00:493][  0]LogConfig: Setting CVar [[r.LightFunctionQuality:1]]
[2024.10.04-03.33.00:493][  0]LogConfig: Setting CVar [[r.ShadowQuality:5]]
[2024.10.04-03.33.00:493][  0]LogConfig: Setting CVar [[r.Shadow.CSM.MaxCascades:10]]
[2024.10.04-03.33.00:493][  0]LogConfig: Setting CVar [[r.Shadow.MaxResolution:2048]]
[2024.10.04-03.33.00:493][  0]LogConfig: Setting CVar [[r.Shadow.MaxCSMResolution:2048]]
[2024.10.04-03.33.00:493][  0]LogConfig: Setting CVar [[r.Shadow.RadiusThreshold:0.01]]
[2024.10.04-03.33.00:493][  0]LogConfig: Setting CVar [[r.Shadow.DistanceScale:1.0]]
[2024.10.04-03.33.00:493][  0]LogConfig: Setting CVar [[r.Shadow.CSM.TransitionScale:1.0]]
[2024.10.04-03.33.00:493][  0]LogConfig: Setting CVar [[r.Shadow.PreShadowResolutionFactor:1.0]]
[2024.10.04-03.33.00:493][  0]LogConfig: Setting CVar [[r.DistanceFieldShadowing:1]]
[2024.10.04-03.33.00:493][  0]LogConfig: Setting CVar [[r.DistanceFieldAO:1]]
[2024.10.04-03.33.00:493][  0]LogConfig: Setting CVar [[r.AOQuality:2]]
[2024.10.04-03.33.00:493][  0]LogConfig: Setting CVar [[r.VolumetricFog:1]]
[2024.10.04-03.33.00:493][  0]LogConfig: Setting CVar [[r.VolumetricFog.GridPixelSize:8]]
[2024.10.04-03.33.00:493][  0]LogConfig: Setting CVar [[r.VolumetricFog.GridSizeZ:128]]
[2024.10.04-03.33.00:493][  0]LogConfig: Setting CVar [[r.VolumetricFog.HistoryMissSupersampleCount:4]]
[2024.10.04-03.33.00:493][  0]LogConfig: Setting CVar [[r.LightMaxDrawDistanceScale:1]]
[2024.10.04-03.33.00:493][  0]LogConfig: Setting CVar [[r.CapsuleShadows:1]]
[2024.10.04-03.33.00:493][  0]LogConfig: Applying CVar settings from Section [PostProcessQuality@3] File [D:/GitHub/Project2D/Project2D/Saved/Config/Windows/Scalability.ini]
[2024.10.04-03.33.00:493][  0]LogConfig: Setting CVar [[r.MotionBlurQuality:4]]
[2024.10.04-03.33.00:493][  0]LogConfig: Setting CVar [[r.AmbientOcclusionMipLevelFactor:0.4]]
[2024.10.04-03.33.00:493][  0]LogConfig: Setting CVar [[r.AmbientOcclusionMaxQuality:100]]
[2024.10.04-03.33.00:493][  0]LogConfig: Setting CVar [[r.AmbientOcclusionLevels:-1]]
[2024.10.04-03.33.00:493][  0]LogConfig: Setting CVar [[r.AmbientOcclusionRadiusScale:1.0]]
[2024.10.04-03.33.00:493][  0]LogConfig: Setting CVar [[r.DepthOfFieldQuality:2]]
[2024.10.04-03.33.00:493][  0]LogConfig: Setting CVar [[r.RenderTargetPoolMin:400]]
[2024.10.04-03.33.00:493][  0]LogConfig: Setting CVar [[r.LensFlareQuality:2]]
[2024.10.04-03.33.00:493][  0]LogConfig: Setting CVar [[r.SceneColorFringeQuality:1]]
[2024.10.04-03.33.00:493][  0]LogConfig: Setting CVar [[r.EyeAdaptationQuality:2]]
[2024.10.04-03.33.00:493][  0]LogConfig: Setting CVar [[r.BloomQuality:5]]
[2024.10.04-03.33.00:494][  0]LogConfig: Setting CVar [[r.FastBlurThreshold:100]]
[2024.10.04-03.33.00:494][  0]LogConfig: Setting CVar [[r.Upscale.Quality:3]]
[2024.10.04-03.33.00:494][  0]LogConfig: Setting CVar [[r.Tonemapper.GrainQuantization:1]]
[2024.10.04-03.33.00:494][  0]LogConfig: Setting CVar [[r.LightShaftQuality:1]]
[2024.10.04-03.33.00:494][  0]LogConfig: Setting CVar [[r.Filter.SizeScale:1]]
[2024.10.04-03.33.00:494][  0]LogConfig: Setting CVar [[r.Tonemapper.Quality:5]]
[2024.10.04-03.33.00:494][  0]LogConfig: Setting CVar [[r.DOF.Gather.AccumulatorQuality:1        ; higher gathering accumulator quality]]
[2024.10.04-03.33.00:494][  0]LogConfig: Setting CVar [[r.DOF.Gather.PostfilterMethod:1          ; Median3x3 postfilering method]]
[2024.10.04-03.33.00:494][  0]LogConfig: Setting CVar [[r.DOF.Gather.EnableBokehSettings:0       ; no bokeh simulation when gathering]]
[2024.10.04-03.33.00:494][  0]LogConfig: Setting CVar [[r.DOF.Gather.RingCount:4                 ; medium number of samples when gathering]]
[2024.10.04-03.33.00:494][  0]LogConfig: Setting CVar [[r.DOF.Scatter.ForegroundCompositing:1    ; additive foreground scattering]]
[2024.10.04-03.33.00:494][  0]LogConfig: Setting CVar [[r.DOF.Scatter.BackgroundCompositing:2    ; additive background scattering]]
[2024.10.04-03.33.00:494][  0]LogConfig: Setting CVar [[r.DOF.Scatter.EnableBokehSettings:1      ; bokeh simulation when scattering]]
[2024.10.04-03.33.00:494][  0]LogConfig: Setting CVar [[r.DOF.Scatter.MaxSpriteRatio:0.1         ; only a maximum of 10% of scattered bokeh]]
[2024.10.04-03.33.00:494][  0]LogConfig: Setting CVar [[r.DOF.Recombine.Quality:1                ; cheap slight out of focus]]
[2024.10.04-03.33.00:494][  0]LogConfig: Setting CVar [[r.DOF.Recombine.EnableBokehSettings:0    ; no bokeh simulation on slight out of focus]]
[2024.10.04-03.33.00:494][  0]LogConfig: Setting CVar [[r.DOF.TemporalAAQuality:1                ; more stable temporal accumulation]]
[2024.10.04-03.33.00:494][  0]LogConfig: Setting CVar [[r.DOF.Kernel.MaxForegroundRadius:0.025]]
[2024.10.04-03.33.00:494][  0]LogConfig: Setting CVar [[r.DOF.Kernel.MaxBackgroundRadius:0.025]]
[2024.10.04-03.33.00:494][  0]LogConfig: Applying CVar settings from Section [TextureQuality@3] File [D:/GitHub/Project2D/Project2D/Saved/Config/Windows/Scalability.ini]
[2024.10.04-03.33.00:494][  0]LogConfig: Setting CVar [[r.Streaming.MipBias:0]]
[2024.10.04-03.33.00:494][  0]LogConfig: Setting CVar [[r.Streaming.AmortizeCPUToGPUCopy:0]]
[2024.10.04-03.33.00:494][  0]LogConfig: Setting CVar [[r.Streaming.MaxNumTexturesToStreamPerFrame:0]]
[2024.10.04-03.33.00:494][  0]LogConfig: Setting CVar [[r.Streaming.Boost:1]]
[2024.10.04-03.33.00:494][  0]LogConfig: Setting CVar [[r.MaxAnisotropy:8]]
[2024.10.04-03.33.00:494][  0]LogConfig: Setting CVar [[r.VT.MaxAnisotropy:8]]
[2024.10.04-03.33.00:494][  0]LogConfig: Setting CVar [[r.Streaming.LimitPoolSizeToVRAM:0]]
[2024.10.04-03.33.00:494][  0]LogConfig: Setting CVar [[r.Streaming.PoolSize:1000]]
[2024.10.04-03.33.00:494][  0]LogConfig: Setting CVar [[r.Streaming.MaxEffectiveScreenSize:0]]
[2024.10.04-03.33.00:494][  0]LogConfig: Applying CVar settings from Section [EffectsQuality@3] File [D:/GitHub/Project2D/Project2D/Saved/Config/Windows/Scalability.ini]
[2024.10.04-03.33.00:494][  0]LogConfig: Setting CVar [[r.TranslucencyLightingVolumeDim:64]]
[2024.10.04-03.33.00:494][  0]LogConfig: Setting CVar [[r.RefractionQuality:2]]
[2024.10.04-03.33.00:494][  0]LogConfig: Setting CVar [[r.SSR.Quality:3]]
[2024.10.04-03.33.00:494][  0]LogConfig: Setting CVar [[r.SSR.HalfResSceneColor:0]]
[2024.10.04-03.33.00:494][  0]LogConfig: Setting CVar [[r.SceneColorFormat:4]]
[2024.10.04-03.33.00:494][  0]LogConfig: Setting CVar [[r.DetailMode:2]]
[2024.10.04-03.33.00:494][  0]LogConfig: Setting CVar [[r.TranslucencyVolumeBlur:1]]
[2024.10.04-03.33.00:494][  0]LogConfig: Setting CVar [[r.MaterialQualityLevel:1 ; High quality]]
[2024.10.04-03.33.00:494][  0]LogConfig: Setting CVar [[r.SSS.Scale:1]]
[2024.10.04-03.33.00:494][  0]LogConfig: Setting CVar [[r.SSS.SampleSet:2]]
[2024.10.04-03.33.00:494][  0]LogConfig: Setting CVar [[r.SSS.Quality:1]]
[2024.10.04-03.33.00:494][  0]LogConfig: Setting CVar [[r.SSS.HalfRes:0]]
[2024.10.04-03.33.00:494][  0]LogConfig: Setting CVar [[r.SSGI.Quality:3]]
[2024.10.04-03.33.00:494][  0]LogConfig: Setting CVar [[r.EmitterSpawnRateScale:1.0]]
[2024.10.04-03.33.00:494][  0]LogConfig: Setting CVar [[r.ParticleLightQuality:2]]
[2024.10.04-03.33.00:494][  0]LogConfig: Setting CVar [[r.SkyAtmosphere.AerialPerspectiveLUT.FastApplyOnOpaque:1 ; Always have FastSkyLUT 1 in this case to avoid wrong sky]]
[2024.10.04-03.33.00:494][  0]LogConfig: Setting CVar [[r.SkyAtmosphere.AerialPerspectiveLUT.SampleCountPerSlice:1]]
[2024.10.04-03.33.00:494][  0]LogConfig: Setting CVar [[r.SkyAtmosphere.AerialPerspectiveLUT.DepthResolution:16.0]]
[2024.10.04-03.33.00:494][  0]LogConfig: Setting CVar [[r.SkyAtmosphere.FastSkyLUT:1]]
[2024.10.04-03.33.00:494][  0]LogConfig: Setting CVar [[r.SkyAtmosphere.FastSkyLUT.SampleCountMin:4.0]]
[2024.10.04-03.33.00:494][  0]LogConfig: Setting CVar [[r.SkyAtmosphere.FastSkyLUT.SampleCountMax:32.0]]
[2024.10.04-03.33.00:494][  0]LogConfig: Setting CVar [[r.SkyAtmosphere.SampleCountMin:4.0]]
[2024.10.04-03.33.00:494][  0]LogConfig: Setting CVar [[r.SkyAtmosphere.SampleCountMax:32.0]]
[2024.10.04-03.33.00:494][  0]LogConfig: Setting CVar [[r.SkyAtmosphere.TransmittanceLUT.UseSmallFormat:0]]
[2024.10.04-03.33.00:494][  0]LogConfig: Setting CVar [[r.SkyAtmosphere.TransmittanceLUT.SampleCount:10.0]]
[2024.10.04-03.33.00:494][  0]LogConfig: Setting CVar [[r.SkyAtmosphere.MultiScatteringLUT.SampleCount:15.0]]
[2024.10.04-03.33.00:494][  0]LogConfig: Applying CVar settings from Section [FoliageQuality@3] File [D:/GitHub/Project2D/Project2D/Saved/Config/Windows/Scalability.ini]
[2024.10.04-03.33.00:494][  0]LogConfig: Setting CVar [[foliage.DensityScale:1.0]]
[2024.10.04-03.33.00:494][  0]LogConfig: Setting CVar [[grass.DensityScale:1.0]]
[2024.10.04-03.33.00:494][  0]LogConfig: Applying CVar settings from Section [ShadingQuality@3] File [D:/GitHub/Project2D/Project2D/Saved/Config/Windows/Scalability.ini]
[2024.10.04-03.33.00:494][  0]LogConfig: Setting CVar [[r.HairStrands.SkyLighting.SampleCount:16]]
[2024.10.04-03.33.00:494][  0]LogConfig: Setting CVar [[r.HairStrands.SkyLighting.JitterIntegration:0]]
[2024.10.04-03.33.00:494][  0]LogConfig: Setting CVar [[r.HairStrands.SkyAO.SampleCount:16]]
[2024.10.04-03.33.00:494][  0]LogConfig: Setting CVar [[r.HairStrands.DeepShadow.SuperSampling:0]]
[2024.10.04-03.33.00:494][  0]LogConfig: Setting CVar [[r.HairStrands.VisibilityPPLL:0]]
[2024.10.04-03.33.00:494][  0]LogConfig: Setting CVar [[r.HairStrands.RasterizationScale:0.5]]
[2024.10.04-03.33.00:494][  0]LogConfig: Setting CVar [[r.HairStrands.VelocityRasterizationScale:1]]
[2024.10.04-03.33.00:501][  0]LogInit: Selected Device Profile: [Windows]
[2024.10.04-03.33.00:501][  0]LogInit: Applying CVar settings loaded from the selected device profile: [Windows]
[2024.10.04-03.33.00:514][  0]LogHAL: Display: Platform has ~ 16 GB [17058197504 / 17179869184 / 16], which maps to Larger [LargestMinGB=32, LargerMinGB=12, DefaultMinGB=8, SmallerMinGB=6, SmallestMinGB=0)
[2024.10.04-03.33.00:515][  0]LogInit: Going up to parent DeviceProfile []
[2024.10.04-03.33.00:515][  0]LogConfig: Applying CVar settings from Section [ViewDistanceQuality@3] File [D:/GitHub/Project2D/Project2D/Saved/Config/Windows/Scalability.ini]
[2024.10.04-03.33.00:515][  0]LogConfig: Setting CVar [[r.SkeletalMeshLODBias:0]]
[2024.10.04-03.33.00:515][  0]LogConfig: Setting CVar [[r.ViewDistanceScale:1.0]]
[2024.10.04-03.33.00:515][  0]LogConfig: Applying CVar settings from Section [AntiAliasingQuality@3] File [D:/GitHub/Project2D/Project2D/Saved/Config/Windows/Scalability.ini]
[2024.10.04-03.33.00:515][  0]LogConfig: Setting CVar [[r.PostProcessAAQuality:4]]
[2024.10.04-03.33.00:515][  0]LogConfig: Applying CVar settings from Section [ShadowQuality@3] File [D:/GitHub/Project2D/Project2D/Saved/Config/Windows/Scalability.ini]
[2024.10.04-03.33.00:515][  0]LogConfig: Setting CVar [[r.LightFunctionQuality:1]]
[2024.10.04-03.33.00:515][  0]LogConfig: Setting CVar [[r.ShadowQuality:5]]
[2024.10.04-03.33.00:515][  0]LogConfig: Setting CVar [[r.Shadow.CSM.MaxCascades:10]]
[2024.10.04-03.33.00:515][  0]LogConfig: Setting CVar [[r.Shadow.MaxResolution:2048]]
[2024.10.04-03.33.00:515][  0]LogConfig: Setting CVar [[r.Shadow.MaxCSMResolution:2048]]
[2024.10.04-03.33.00:515][  0]LogConfig: Setting CVar [[r.Shadow.RadiusThreshold:0.01]]
[2024.10.04-03.33.00:515][  0]LogConfig: Setting CVar [[r.Shadow.DistanceScale:1.0]]
[2024.10.04-03.33.00:515][  0]LogConfig: Setting CVar [[r.Shadow.CSM.TransitionScale:1.0]]
[2024.10.04-03.33.00:515][  0]LogConfig: Setting CVar [[r.Shadow.PreShadowResolutionFactor:1.0]]
[2024.10.04-03.33.00:515][  0]LogConfig: Setting CVar [[r.DistanceFieldShadowing:1]]
[2024.10.04-03.33.00:515][  0]LogConfig: Setting CVar [[r.DistanceFieldAO:1]]
[2024.10.04-03.33.00:515][  0]LogConfig: Setting CVar [[r.AOQuality:2]]
[2024.10.04-03.33.00:515][  0]LogConfig: Setting CVar [[r.VolumetricFog:1]]
[2024.10.04-03.33.00:515][  0]LogConfig: Setting CVar [[r.VolumetricFog.GridPixelSize:8]]
[2024.10.04-03.33.00:515][  0]LogConfig: Setting CVar [[r.VolumetricFog.GridSizeZ:128]]
[2024.10.04-03.33.00:515][  0]LogConfig: Setting CVar [[r.VolumetricFog.HistoryMissSupersampleCount:4]]
[2024.10.04-03.33.00:515][  0]LogConfig: Setting CVar [[r.LightMaxDrawDistanceScale:1]]
[2024.10.04-03.33.00:515][  0]LogConfig: Setting CVar [[r.CapsuleShadows:1]]
[2024.10.04-03.33.00:515][  0]LogConfig: Applying CVar settings from Section [PostProcessQuality@3] File [D:/GitHub/Project2D/Project2D/Saved/Config/Windows/Scalability.ini]
[2024.10.04-03.33.00:516][  0]LogConfig: Setting CVar [[r.MotionBlurQuality:4]]
[2024.10.04-03.33.00:516][  0]LogConfig: Setting CVar [[r.AmbientOcclusionMipLevelFactor:0.4]]
[2024.10.04-03.33.00:516][  0]LogConfig: Setting CVar [[r.AmbientOcclusionMaxQuality:100]]
[2024.10.04-03.33.00:516][  0]LogConfig: Setting CVar [[r.AmbientOcclusionLevels:-1]]
[2024.10.04-03.33.00:516][  0]LogConfig: Setting CVar [[r.AmbientOcclusionRadiusScale:1.0]]
[2024.10.04-03.33.00:516][  0]LogConfig: Setting CVar [[r.DepthOfFieldQuality:2]]
[2024.10.04-03.33.00:516][  0]LogConfig: Setting CVar [[r.RenderTargetPoolMin:400]]
[2024.10.04-03.33.00:516][  0]LogConfig: Setting CVar [[r.LensFlareQuality:2]]
[2024.10.04-03.33.00:516][  0]LogConfig: Setting CVar [[r.SceneColorFringeQuality:1]]
[2024.10.04-03.33.00:516][  0]LogConfig: Setting CVar [[r.EyeAdaptationQuality:2]]
[2024.10.04-03.33.00:516][  0]LogConfig: Setting CVar [[r.BloomQuality:5]]
[2024.10.04-03.33.00:516][  0]LogConfig: Setting CVar [[r.FastBlurThreshold:100]]
[2024.10.04-03.33.00:516][  0]LogConfig: Setting CVar [[r.Upscale.Quality:3]]
[2024.10.04-03.33.00:516][  0]LogConfig: Setting CVar [[r.Tonemapper.GrainQuantization:1]]
[2024.10.04-03.33.00:516][  0]LogConfig: Setting CVar [[r.LightShaftQuality:1]]
[2024.10.04-03.33.00:516][  0]LogConfig: Setting CVar [[r.Filter.SizeScale:1]]
[2024.10.04-03.33.00:516][  0]LogConfig: Setting CVar [[r.Tonemapper.Quality:5]]
[2024.10.04-03.33.00:516][  0]LogConfig: Setting CVar [[r.DOF.Gather.AccumulatorQuality:1        ; higher gathering accumulator quality]]
[2024.10.04-03.33.00:516][  0]LogConfig: Setting CVar [[r.DOF.Gather.PostfilterMethod:1          ; Median3x3 postfilering method]]
[2024.10.04-03.33.00:516][  0]LogConfig: Setting CVar [[r.DOF.Gather.EnableBokehSettings:0       ; no bokeh simulation when gathering]]
[2024.10.04-03.33.00:516][  0]LogConfig: Setting CVar [[r.DOF.Gather.RingCount:4                 ; medium number of samples when gathering]]
[2024.10.04-03.33.00:516][  0]LogConfig: Setting CVar [[r.DOF.Scatter.ForegroundCompositing:1    ; additive foreground scattering]]
[2024.10.04-03.33.00:516][  0]LogConfig: Setting CVar [[r.DOF.Scatter.BackgroundCompositing:2    ; additive background scattering]]
[2024.10.04-03.33.00:516][  0]LogConfig: Setting CVar [[r.DOF.Scatter.EnableBokehSettings:1      ; bokeh simulation when scattering]]
[2024.10.04-03.33.00:516][  0]LogConfig: Setting CVar [[r.DOF.Scatter.MaxSpriteRatio:0.1         ; only a maximum of 10% of scattered bokeh]]
[2024.10.04-03.33.00:516][  0]LogConfig: Setting CVar [[r.DOF.Recombine.Quality:1                ; cheap slight out of focus]]
[2024.10.04-03.33.00:516][  0]LogConfig: Setting CVar [[r.DOF.Recombine.EnableBokehSettings:0    ; no bokeh simulation on slight out of focus]]
[2024.10.04-03.33.00:516][  0]LogConfig: Setting CVar [[r.DOF.TemporalAAQuality:1                ; more stable temporal accumulation]]
[2024.10.04-03.33.00:516][  0]LogConfig: Setting CVar [[r.DOF.Kernel.MaxForegroundRadius:0.025]]
[2024.10.04-03.33.00:516][  0]LogConfig: Setting CVar [[r.DOF.Kernel.MaxBackgroundRadius:0.025]]
[2024.10.04-03.33.00:516][  0]LogConfig: Applying CVar settings from Section [TextureQuality@3] File [D:/GitHub/Project2D/Project2D/Saved/Config/Windows/Scalability.ini]
[2024.10.04-03.33.00:516][  0]LogConfig: Setting CVar [[r.Streaming.MipBias:0]]
[2024.10.04-03.33.00:516][  0]LogConfig: Setting CVar [[r.Streaming.AmortizeCPUToGPUCopy:0]]
[2024.10.04-03.33.00:516][  0]LogConfig: Setting CVar [[r.Streaming.MaxNumTexturesToStreamPerFrame:0]]
[2024.10.04-03.33.00:516][  0]LogConfig: Setting CVar [[r.Streaming.Boost:1]]
[2024.10.04-03.33.00:516][  0]LogConfig: Setting CVar [[r.MaxAnisotropy:8]]
[2024.10.04-03.33.00:516][  0]LogConfig: Setting CVar [[r.VT.MaxAnisotropy:8]]
[2024.10.04-03.33.00:516][  0]LogConfig: Setting CVar [[r.Streaming.LimitPoolSizeToVRAM:0]]
[2024.10.04-03.33.00:516][  0]LogConfig: Setting CVar [[r.Streaming.PoolSize:1000]]
[2024.10.04-03.33.00:516][  0]LogConfig: Setting CVar [[r.Streaming.MaxEffectiveScreenSize:0]]
[2024.10.04-03.33.00:516][  0]LogConfig: Applying CVar settings from Section [EffectsQuality@3] File [D:/GitHub/Project2D/Project2D/Saved/Config/Windows/Scalability.ini]
[2024.10.04-03.33.00:516][  0]LogConfig: Setting CVar [[r.TranslucencyLightingVolumeDim:64]]
[2024.10.04-03.33.00:516][  0]LogConfig: Setting CVar [[r.RefractionQuality:2]]
[2024.10.04-03.33.00:516][  0]LogConfig: Setting CVar [[r.SSR.Quality:3]]
[2024.10.04-03.33.00:516][  0]LogConfig: Setting CVar [[r.SSR.HalfResSceneColor:0]]
[2024.10.04-03.33.00:516][  0]LogConfig: Setting CVar [[r.SceneColorFormat:4]]
[2024.10.04-03.33.00:516][  0]LogConfig: Setting CVar [[r.DetailMode:2]]
[2024.10.04-03.33.00:516][  0]LogConfig: Setting CVar [[r.TranslucencyVolumeBlur:1]]
[2024.10.04-03.33.00:516][  0]LogConfig: Setting CVar [[r.MaterialQualityLevel:1 ; High quality]]
[2024.10.04-03.33.00:516][  0]LogConfig: Setting CVar [[r.SSS.Scale:1]]
[2024.10.04-03.33.00:516][  0]LogConfig: Setting CVar [[r.SSS.SampleSet:2]]
[2024.10.04-03.33.00:516][  0]LogConfig: Setting CVar [[r.SSS.Quality:1]]
[2024.10.04-03.33.00:516][  0]LogConfig: Setting CVar [[r.SSS.HalfRes:0]]
[2024.10.04-03.33.00:516][  0]LogConfig: Setting CVar [[r.SSGI.Quality:3]]
[2024.10.04-03.33.00:516][  0]LogConfig: Setting CVar [[r.EmitterSpawnRateScale:1.0]]
[2024.10.04-03.33.00:516][  0]LogConfig: Setting CVar [[r.ParticleLightQuality:2]]
[2024.10.04-03.33.00:516][  0]LogConfig: Setting CVar [[r.SkyAtmosphere.AerialPerspectiveLUT.FastApplyOnOpaque:1 ; Always have FastSkyLUT 1 in this case to avoid wrong sky]]
[2024.10.04-03.33.00:516][  0]LogConfig: Setting CVar [[r.SkyAtmosphere.AerialPerspectiveLUT.SampleCountPerSlice:1]]
[2024.10.04-03.33.00:516][  0]LogConfig: Setting CVar [[r.SkyAtmosphere.AerialPerspectiveLUT.DepthResolution:16.0]]
[2024.10.04-03.33.00:516][  0]LogConfig: Setting CVar [[r.SkyAtmosphere.FastSkyLUT:1]]
[2024.10.04-03.33.00:516][  0]LogConfig: Setting CVar [[r.SkyAtmosphere.FastSkyLUT.SampleCountMin:4.0]]
[2024.10.04-03.33.00:516][  0]LogConfig: Setting CVar [[r.SkyAtmosphere.FastSkyLUT.SampleCountMax:32.0]]
[2024.10.04-03.33.00:516][  0]LogConfig: Setting CVar [[r.SkyAtmosphere.SampleCountMin:4.0]]
[2024.10.04-03.33.00:516][  0]LogConfig: Setting CVar [[r.SkyAtmosphere.SampleCountMax:32.0]]
[2024.10.04-03.33.00:516][  0]LogConfig: Setting CVar [[r.SkyAtmosphere.TransmittanceLUT.UseSmallFormat:0]]
[2024.10.04-03.33.00:516][  0]LogConfig: Setting CVar [[r.SkyAtmosphere.TransmittanceLUT.SampleCount:10.0]]
[2024.10.04-03.33.00:516][  0]LogConfig: Setting CVar [[r.SkyAtmosphere.MultiScatteringLUT.SampleCount:15.0]]
[2024.10.04-03.33.00:516][  0]LogConfig: Applying CVar settings from Section [FoliageQuality@3] File [D:/GitHub/Project2D/Project2D/Saved/Config/Windows/Scalability.ini]
[2024.10.04-03.33.00:516][  0]LogConfig: Setting CVar [[foliage.DensityScale:1.0]]
[2024.10.04-03.33.00:517][  0]LogConfig: Setting CVar [[grass.DensityScale:1.0]]
[2024.10.04-03.33.00:517][  0]LogConfig: Applying CVar settings from Section [ShadingQuality@3] File [D:/GitHub/Project2D/Project2D/Saved/Config/Windows/Scalability.ini]
[2024.10.04-03.33.00:517][  0]LogConfig: Setting CVar [[r.HairStrands.SkyLighting.SampleCount:16]]
[2024.10.04-03.33.00:517][  0]LogConfig: Setting CVar [[r.HairStrands.SkyLighting.JitterIntegration:0]]
[2024.10.04-03.33.00:517][  0]LogConfig: Setting CVar [[r.HairStrands.SkyAO.SampleCount:16]]
[2024.10.04-03.33.00:517][  0]LogConfig: Setting CVar [[r.HairStrands.DeepShadow.SuperSampling:0]]
[2024.10.04-03.33.00:517][  0]LogConfig: Setting CVar [[r.HairStrands.VisibilityPPLL:0]]
[2024.10.04-03.33.00:517][  0]LogConfig: Setting CVar [[r.HairStrands.RasterizationScale:0.5]]
[2024.10.04-03.33.00:517][  0]LogConfig: Setting CVar [[r.HairStrands.VelocityRasterizationScale:1]]
[2024.10.04-03.33.00:517][  0]LogConfig: Applying CVar settings from Section [Startup] File [../../../Engine/Config/ConsoleVariables.ini]
[2024.10.04-03.33.00:535][  0]LogConfig: Setting CVar [[net.UseAdaptiveNetUpdateFrequency:0]]
[2024.10.04-03.33.00:535][  0]LogConfig: Setting CVar [[p.chaos.AllowCreatePhysxBodies:1]]
[2024.10.04-03.33.00:535][  0]LogConfig: Setting CVar [[fx.SkipVectorVMBackendOptimizations:1]]
[2024.10.04-03.33.00:535][  0]LogConfig: Applying CVar settings from Section [ConsoleVariables] File [D:/GitHub/Project2D/Project2D/Saved/Config/Windows/Engine.ini]
[2024.10.04-03.33.00:545][  0]LogInit: Computer: DESKTOP-IRMJCUU
[2024.10.04-03.33.00:545][  0]LogInit: User: maxpe
[2024.10.04-03.33.00:545][  0]LogInit: CPU Page size=4096, Cores=4
[2024.10.04-03.33.00:545][  0]LogInit: High frequency timer resolution =10.000000 MHz
[2024.10.04-03.33.00:545][  0]LogMemory: Memory total: Physical=15.9GB (16GB approx)
[2024.10.04-03.33.00:545][  0]LogMemory: Platform Memory Stats for Windows
[2024.10.04-03.33.00:545][  0]LogMemory: Process Physical Memory: 116.39 MB used, 116.39 MB peak
[2024.10.04-03.33.00:545][  0]LogMemory: Process Virtual Memory: 97.34 MB used, 97.34 MB peak
[2024.10.04-03.33.00:545][  0]LogMemory: Physical Memory: 8985.27 MB used,  7282.70 MB free, 16267.96 MB total
[2024.10.04-03.33.00:545][  0]LogMemory: Virtual Memory: 5147.60 MB used,  134212584.00 MB free, 134217728.00 MB total
[2024.10.04-03.33.00:572][  0]LogWindows: WindowsPlatformFeatures enabled
[2024.10.04-03.33.02:311][  0]LogInit: Physics initialised using underlying interface: PhysX
[2024.10.04-03.33.02:329][  0]LogInit: Using OS detected language (en-US).
[2024.10.04-03.33.02:329][  0]LogInit: Using OS detected locale (en-US).
[2024.10.04-03.33.02:430][  0]LogTextLocalizationManager: No specific localization for 'en-US' exists, so the 'en' localization will be used.
[2024.10.04-03.33.03:460][  0]LogInit: Setting process to per monitor DPI aware
[2024.10.04-03.33.04:391][  0]LogSlate: New Slate User Created.  User Index 0, Is Virtual User: 0
[2024.10.04-03.33.04:391][  0]LogSlate: Slate User Registered.  User Index 0, Is Virtual User: 0
[2024.10.04-03.33.09:498][  0]LogHMD: Failed to initialize OpenVR with code 110
[2024.10.04-03.33.09:498][  0]LogD3D11RHI: D3D11 min allowed feature level: 11_0
[2024.10.04-03.33.09:498][  0]LogD3D11RHI: D3D11 max allowed feature level: 11_0
[2024.10.04-03.33.09:498][  0]LogD3D11RHI: D3D11 adapters:
[2024.10.04-03.33.09:752][  0]LogD3D11RHI:    0. 'NVIDIA GeForce GTX 1050' (Feature Level 11_0)
[2024.10.04-03.33.09:752][  0]LogD3D11RHI:       4007/0/8133 MB DedicatedVideo/DedicatedSystem/SharedSystem, Outputs:3, VendorId:0x10de
[2024.10.04-03.33.09:837][  0]LogD3D11RHI:    1. 'Intel(R) HD Graphics 630' (Feature Level 11_0)
[2024.10.04-03.33.09:837][  0]LogD3D11RHI:       128/0/8133 MB DedicatedVideo/DedicatedSystem/SharedSystem, Outputs:0, VendorId:0x8086
[2024.10.04-03.33.09:840][  0]LogD3D11RHI:    2. 'Microsoft Basic Render Driver' (Feature Level 11_0)
[2024.10.04-03.33.09:840][  0]LogD3D11RHI:       0/0/8133 MB DedicatedVideo/DedicatedSystem/SharedSystem, Outputs:0, VendorId:0x1414
[2024.10.04-03.33.09:840][  0]LogD3D11RHI: Chosen D3D11 Adapter: 0
[2024.10.04-03.33.09:850][  0]LogD3D11RHI: Creating new Direct3DDevice
[2024.10.04-03.33.09:850][  0]LogD3D11RHI:     GPU DeviceId: 0x1c8d (for the marketing name, search the web for "GPU Device Id")
[2024.10.04-03.33.09:850][  0]LogWindows: EnumDisplayDevices:
[2024.10.04-03.33.09:850][  0]LogWindows:    0. 'Intel(R) HD Graphics 630' (P:0 D:1)
[2024.10.04-03.33.09:850][  0]LogWindows:    1. 'Intel(R) HD Graphics 630' (P:1 D:1)
[2024.10.04-03.33.09:851][  0]LogWindows:    2. 'Intel(R) HD Graphics 630' (P:0 D:1)
[2024.10.04-03.33.09:851][  0]LogWindows: DebugString: PrimaryIsNotTheChoosenAdapter PrimaryIsNotTheChoosenAdapter PrimaryIsNotTheChoosenAdapter FoundDriverCount:0 
[2024.10.04-03.33.09:851][  0]LogD3D11RHI:     Adapter Name: NVIDIA GeForce GTX 1050
[2024.10.04-03.33.09:851][  0]LogD3D11RHI:   Driver Version: Unknown (internal:Unknown, unified:Unknown)
[2024.10.04-03.33.09:851][  0]LogD3D11RHI:      Driver Date: Unknown
[2024.10.04-03.33.09:851][  0]LogRHI: Texture pool is 2804 MB (70% of 4007 MB)
[2024.10.04-03.33.09:997][  0]LogD3D11RHI: RHI has support for 64 bit atomics
[2024.10.04-03.33.10:000][  0]LogD3D11RHI: Async texture creation enabled
[2024.10.04-03.33.10:000][  0]LogD3D11RHI: Array index from any shader is supported
[2024.10.04-03.33.10:351][  0]LogD3D11RHI: GPU Timing Frequency: 1000.000000 (Debug: 2 1)
[2024.10.04-03.33.13:132][  0]LogTargetPlatformManager: Display: Loaded TargetPlatform 'AllDesktop'
[2024.10.04-03.33.13:231][  0]LogTargetPlatformManager: Display: Loaded TargetPlatform 'Android'
[2024.10.04-03.33.13:231][  0]LogTargetPlatformManager: Display: Loaded TargetPlatform 'Android_ASTC'
[2024.10.04-03.33.13:231][  0]LogTargetPlatformManager: Display: Loaded TargetPlatform 'Android_DXT'
[2024.10.04-03.33.13:231][  0]LogTargetPlatformManager: Display: Loaded TargetPlatform 'Android_ETC2'
[2024.10.04-03.33.13:231][  0]LogTargetPlatformManager: Display: Loaded TargetPlatform 'AndroidClient'
[2024.10.04-03.33.13:231][  0]LogTargetPlatformManager: Display: Loaded TargetPlatform 'Android_ASTCClient'
[2024.10.04-03.33.13:231][  0]LogTargetPlatformManager: Display: Loaded TargetPlatform 'Android_DXTClient'
[2024.10.04-03.33.13:231][  0]LogTargetPlatformManager: Display: Loaded TargetPlatform 'Android_ETC2Client'
[2024.10.04-03.33.13:231][  0]LogTargetPlatformManager: Display: Loaded TargetPlatform 'Android_Multi'
[2024.10.04-03.33.13:231][  0]LogTargetPlatformManager: Display: Loaded TargetPlatform 'Android_MultiClient'
[2024.10.04-03.33.13:492][  0]LogTargetPlatformManager: Display: Loaded TargetPlatform 'IOSClient'
[2024.10.04-03.33.13:492][  0]LogTargetPlatformManager: Display: Loaded TargetPlatform 'IOS'
[2024.10.04-03.33.13:563][  0]LogTargetPlatformManager: Display: Loaded TargetPlatform 'Linux'
[2024.10.04-03.33.13:618][  0]LogTargetPlatformManager: Display: Loaded TargetPlatform 'LinuxNoEditor'
[2024.10.04-03.33.13:695][  0]LogTargetPlatformManager: Display: Loaded TargetPlatform 'LinuxClient'
[2024.10.04-03.33.13:745][  0]LogTargetPlatformManager: Display: Loaded TargetPlatform 'LinuxServer'
[2024.10.04-03.33.13:807][  0]LogTargetPlatformManager: Display: Loaded TargetPlatform 'LinuxAArch64NoEditor'
[2024.10.04-03.33.13:856][  0]LogTargetPlatformManager: Display: Loaded TargetPlatform 'LinuxAArch64Client'
[2024.10.04-03.33.13:939][  0]LogTargetPlatformManager: Display: Loaded TargetPlatform 'LinuxAArch64Server'
[2024.10.04-03.33.14:017][  0]LogTargetPlatformManager: Display: Loaded TargetPlatform 'Lumin'
[2024.10.04-03.33.14:017][  0]LogTargetPlatformManager: Display: Loaded TargetPlatform 'LuminClient'
[2024.10.04-03.33.14:077][  0]LogTargetPlatformManager: Display: Loaded TargetPlatform 'TVOSClient'
[2024.10.04-03.33.14:077][  0]LogTargetPlatformManager: Display: Loaded TargetPlatform 'TVOS'
[2024.10.04-03.33.14:200][  0]LogTargetPlatformManager: Display: Loaded TargetPlatform 'WindowsNoEditor'
[2024.10.04-03.33.14:259][  0]LogTargetPlatformManager: Display: Loaded TargetPlatform 'Windows'
[2024.10.04-03.33.14:310][  0]LogTargetPlatformManager: Display: Loaded TargetPlatform 'WindowsClient'
[2024.10.04-03.33.14:373][  0]LogTargetPlatformManager: Display: Loaded TargetPlatform 'WindowsServer'
[2024.10.04-03.33.14:373][  0]LogTargetPlatformManager: Display: Building Assets For Windows
[2024.10.04-03.33.14:781][  0]LogAudioDebug: Display: Lib vorbis DLL was dynamically loaded.
[2024.10.04-03.33.16:000][  0]LogShaderCompilers: Guid format shader working directory is 2 characters bigger than the processId version (../../../../../../GitHub/Project2D/Project2D/Intermediate/Shaders/WorkingDirectory/4788/).
[2024.10.04-03.33.16:000][  0]LogShaderCompilers: Cleaned the shader compiler working directory 'C:/Users/maxpe/AppData/Local/Temp/UnrealShaderWorkingDir/3C76B3D24B3AC4AAA08DA9B02A87E09E/'.
[2024.10.04-03.33.16:004][  0]LogXGEController: Cleaning working directory: C:/Users/maxpe/AppData/Local/Temp/UnrealXGEWorkingDir/
[2024.10.04-03.33.16:004][  0]LogXGEController: Cannot use XGE Controller as Incredibuild is not installed on this machine.
[2024.10.04-03.33.16:004][  0]LogShaderCompilers: Cannot use XGE Shader Compiler as Incredibuild is not installed on this machine.
[2024.10.04-03.33.16:004][  0]LogShaderCompilers: Display: Using Local Shader Compiler.
[2024.10.04-03.33.25:334][  0]LogDerivedDataCache: Display: Max Cache Size: 512 MB
[2024.10.04-03.33.25:576][  0]LogDerivedDataCache: Loaded boot cache 0.23s 79MB C:/Users/maxpe/AppData/Local/UnrealEngine/4.25/DerivedDataCache/Boot.ddc.
[2024.10.04-03.33.25:576][  0]LogDerivedDataCache: Display: Loaded Boot cache: C:/Users/maxpe/AppData/Local/UnrealEngine/4.25/DerivedDataCache/Boot.ddc
[2024.10.04-03.33.25:587][  0]LogDerivedDataCache: FDerivedDataBackendGraph:  Pak pak cache file ../../../../../../GitHub/Project2D/Project2D/DerivedDataCache/DDC.ddp not found, will not use a pak cache.
[2024.10.04-03.33.25:587][  0]LogDerivedDataCache: Unable to find inner node Pak for hierarchical cache Hierarchy.
[2024.10.04-03.33.25:587][  0]LogDerivedDataCache: FDerivedDataBackendGraph:  CompressedPak pak cache file ../../../../../../GitHub/Project2D/Project2D/DerivedDataCache/Compressed.ddp not found, will not use a pak cache.
[2024.10.04-03.33.25:587][  0]LogDerivedDataCache: Unable to find inner node CompressedPak for hierarchical cache Hierarchy.
[2024.10.04-03.33.25:663][  0]LogDerivedDataCache: Display: Pak cache opened for reading ../../../Engine/DerivedDataCache/Compressed.ddp.
[2024.10.04-03.33.25:663][  0]LogDerivedDataCache: FDerivedDataBackendGraph:  EnterprisePak pak cache file ../../../Enterprise/DerivedDataCache/Compressed.ddp not found, will not use a pak cache.
[2024.10.04-03.33.25:663][  0]LogDerivedDataCache: Unable to find inner node EnterprisePak for hierarchical cache Hierarchy.
[2024.10.04-03.33.25:672][  0]LogDerivedDataCache: Using Local data cache path C:/Users/maxpe/AppData/Local/UnrealEngine/Common/DerivedDataCache: Writable
[2024.10.04-03.33.25:672][  0]LogDerivedDataCache: Shared data cache path not found in *engine.ini, will not use an Shared cache.
[2024.10.04-03.33.25:672][  0]LogDerivedDataCache: Unable to find inner node Shared for hierarchical cache Hierarchy.
[2024.10.04-03.33.25:889][  0]LogSlate: Using FreeType 2.10.0
[2024.10.04-03.33.26:059][  0]LogSlate: SlateFontServices - WITH_FREETYPE: 1, WITH_HARFBUZZ: 1
[2024.10.04-03.33.27:640][  0]LogAssetRegistry: FAssetRegistry took 0.0062 seconds to start up
[2024.10.04-03.33.32:356][  0]LogInit: Selected Device Profile: [Windows]
[2024.10.04-03.33.35:541][  0]LogMeshReduction: Using QuadricMeshReduction for automatic static mesh reduction
[2024.10.04-03.33.35:541][  0]LogMeshReduction: Using SimplygonMeshReduction for automatic skeletal mesh reduction
[2024.10.04-03.33.35:541][  0]LogMeshReduction: Using ProxyLODMeshReduction for automatic mesh merging
[2024.10.04-03.33.35:542][  0]LogMeshReduction: No distributed automatic mesh merging module available
[2024.10.04-03.33.35:595][  0]LogMeshMerging: No distributed automatic mesh merging module available
[2024.10.04-03.33.36:202][  0]LogNetVersion: Project2D 1.0.0, NetCL: 13144385, EngineNetVer: 14, GameNetVer: 0 (Checksum: 360832608)
[2024.10.04-03.33.56:894][  0]LogAISub: UAISubsystem::UAISubsystem AISubsystem (0000026E88B52980), frame # 0
[2024.10.04-03.33.56:894][  0]LogAISub: UAISubsystem::UAISubsystem AIPerceptionSystem (0000026E889D11C0), frame # 0
[2024.10.04-03.33.56:898][  0]LogAISub: UAISubsystem::UAISubsystem EnvQueryManager (0000026E88B4E600), frame # 0
[2024.10.04-03.33.57:453][  0]LogPackageLocalizationCache: Processed 19 localized package path(s) for 1 prioritized culture(s) in 0.250660 seconds
[2024.10.04-03.33.57:478][  0]LogUObjectArray: 15917 objects as part of root set at end of initial load.
[2024.10.04-03.33.57:478][  0]LogUObjectAllocator: 3965568 out of 0 bytes used by permanent object pool.
[2024.10.04-03.33.57:478][  0]LogUObjectArray: CloseDisregardForGC: 0/0 objects in disregard for GC pool
[2024.10.04-03.34.04:856][  0]LogTcpMessaging: Initializing TcpMessaging bridge
[2024.10.04-03.34.04:980][  0]LogUdpMessaging: Initializing bridge on interface 0.0.0.0:0 to multicast group 230.0.0.1:6666.
[2024.10.04-03.34.05:980][  0]LogLinker: Warning: Failed to load '/Engine/Tutorial/Paper2D/SpriteEditorTutorial': Can't find file.
[2024.10.04-03.34.05:988][  0]LogLinker: Warning: Failed to load '/Engine/Tutorial/Paper2D/SpriteEditorTutorial': Can't find file.
[2024.10.04-03.34.05:988][  0]LogUObjectGlobals: Warning: Failed to find object 'Class /Engine/Tutorial/Paper2D/SpriteEditorTutorial.SpriteEditorTutorial_C'
[2024.10.04-03.34.05:988][  0]LogLinker: Warning: Failed to load '/Engine/Tutorial/Paper2D/FlipbookEditorTutorial': Can't find file.
[2024.10.04-03.34.05:988][  0]LogLinker: Warning: Failed to load '/Engine/Tutorial/Paper2D/FlipbookEditorTutorial': Can't find file.
[2024.10.04-03.34.05:988][  0]LogUObjectGlobals: Warning: Failed to find object 'Class /Engine/Tutorial/Paper2D/FlipbookEditorTutorial.FlipbookEditorTutorial_C'
[2024.10.04-03.34.06:640][  0]SourceControl: Source control is disabled
[2024.10.04-03.34.06:641][  0]SourceControl: Source control is disabled
[2024.10.04-03.34.06:790][  0]SourceControl: Source control is disabled
[2024.10.04-03.34.06:847][  0]SourceControl: Source control is disabled
[2024.10.04-03.34.07:058][  0]SourceControl: Source control is disabled
[2024.10.04-03.34.11:383][  0]LogAndroidPermission: UAndroidPermissionCallbackProxy::GetInstance
[2024.10.04-03.34.11:718][  0]LogAudioCaptureCore: Display: No Audio Capture implementations found. Audio input will be silent.
[2024.10.04-03.34.11:718][  0]LogAudioCaptureCore: Display: No Audio Capture implementations found. Audio input will be silent.
[2024.10.04-03.34.12:377][  0]LogOcInput: OculusInput pre-init called
[2024.10.04-03.34.12:517][  0]LogWindows: Failed to load 'OVRPlugin.dll' (GetLastError=126)
[2024.10.04-03.34.12:517][  0]LogWindows: File 'OVRPlugin.dll' does not exist
[2024.10.04-03.34.14:067][  0]LogEngine: Initializing Engine...
[2024.10.04-03.34.14:106][  0]LogHMD: Failed to initialize OpenVR with code 110
[2024.10.04-03.34.14:106][  0]LogMagicLeap: Warning: VR disabled because ZI is not enabled.  To enable, in the editor, Edit -> Project Settings -> Plugins -> Magic Leap Plugin -> Enable Zero Iteration
[2024.10.04-03.34.14:165][  0]LogStats: UGameplayTagsManager::InitializeManager -  0.021 s
[2024.10.04-03.34.15:291][  0]LogInit: Initializing FReadOnlyCVARCache
[2024.10.04-03.34.15:741][  0]LogAIModule: Creating AISystem for world Untitled
[2024.10.04-03.34.15:741][  0]LogAISub: UAISubsystem::UAISubsystem EnvQueryManager (0000026E91A87C00), frame # 0
[2024.10.04-03.34.15:741][  0]LogAISub: UAISubsystem::UAISubsystem AIPerceptionSystem (0000026E91B1E0C0), frame # 0
[2024.10.04-03.34.15:899][  0]LogAudioMixer: Display: Audio Mixer Platform Settings:
[2024.10.04-03.34.15:900][  0]LogAudioMixer: Display: 	Sample Rate:						  48000
[2024.10.04-03.34.15:900][  0]LogAudioMixer: Display: 	Callback Buffer Frame Size Requested: 1024
[2024.10.04-03.34.15:900][  0]LogAudioMixer: Display: 	Callback Buffer Frame Size To Use:	  1024
[2024.10.04-03.34.15:900][  0]LogAudioMixer: Display: 	Number of buffers to queue:			  2
[2024.10.04-03.34.15:900][  0]LogAudioMixer: Display: 	Max Channels (voices):				  32
[2024.10.04-03.34.15:900][  0]LogAudioMixer: Display: 	Number of Async Source Workers:		  0
[2024.10.04-03.34.15:900][  0]LogAudio: Display: AudioDevice MaxSources: 32
[2024.10.04-03.34.15:913][  0]LogAudio: Display: Using built-in audio occlusion.
[2024.10.04-03.34.15:913][  0]LogAudioMixer: Display: Initializing audio mixer.
[2024.10.04-03.34.16:126][  0]LogAudioMixer: Display: 0: FrontLeft
[2024.10.04-03.34.16:126][  0]LogAudioMixer: Display: 1: FrontRight
[2024.10.04-03.34.16:487][  0]LogAudioMixer: Display: Using Audio Device Haut-parleurs (Realtek High Definition Audio)
[2024.10.04-03.34.16:500][  0]LogAudioMixer: Display: Initializing Sound Submixes...
[2024.10.04-03.34.16:585][  0]LogAudioMixer: Display: Creating Master Submix 'MasterSubmixDefault'
[2024.10.04-03.34.16:585][  0]LogAudioMixer: Display: Creating Master Submix 'MasterReverbSubmixDefault'
[2024.10.04-03.34.16:587][  0]LogAudioMixer: Display: Creating Master Submix 'MasterEQSubmixDefault'
[2024.10.04-03.34.16:588][  0]LogInit: FAudioDevice initialized.
[2024.10.04-03.34.16:589][  0]LogNetVersion: Set ProjectVersion to 1.0.0.0. Version Checksum will be recalculated on next use.
[2024.10.04-03.34.16:688][  0]LogDerivedDataCache: Saved boot cache 0.10s 79MB C:/Users/maxpe/AppData/Local/UnrealEngine/4.25/DerivedDataCache/Boot.ddc.
[2024.10.04-03.34.16:693][  0]LogInit: Texture streaming: Enabled
[2024.10.04-03.34.16:963][  0]LogEngineSessionManager: EngineSessionManager initialized
[2024.10.04-03.34.16:963][  0]LogEditorSessionSummary: Verbose: Initializing EditorSessionSummaryWriter for editor session tracking
[2024.10.04-03.34.16:981][  0]LogEditorSessionSummary: EditorSessionSummaryWriter initialized
[2024.10.04-03.34.17:311][  0]LogInit: Transaction tracking system initialized
[2024.10.04-03.34.17:826][  0]BlueprintLog: New page: Editor Load
[2024.10.04-03.34.19:637][  0]LocalizationService: Localization service is disabled
[2024.10.04-03.34.23:713][  0]LogFileCache: Scanning file cache for directory 'D:/GitHub/Project2D/Project2D/Content/' took 0.03s
[2024.10.04-03.34.23:713][  0]LogCook: Display: Max memory allowance for cook 16384mb min free memory 0mb
[2024.10.04-03.34.23:713][  0]LogCook: Display: Mobile HDR setting 1
[2024.10.04-03.34.27:894][  0]SourceControl: Source control is disabled
[2024.10.04-03.34.27:908][  0]LogUnrealEdMisc: Loading editor; pre map load, took 125.762
[2024.10.04-03.34.27:946][  0]Cmd: MAP LOAD FILE="../../../../../../GitHub/Project2D/Project2D/Content/Project/Maps/MAP_2D.umap" TEMPLATE=0 SHOWPROGRESS=1 FEATURELEVEL=3
[2024.10.04-03.34.27:962][  0]LightingResults: New page: Lighting Build
[2024.10.04-03.34.28:113][  0]LogWorld: UWorld::CleanupWorld for Untitled, bSessionEnded=true, bCleanupResources=true
[2024.10.04-03.34.28:137][  0]LogSlate: InvalidateAllWidgets triggered.  All widgets were invalidated
[2024.10.04-03.34.28:154][  0]MapCheck: New page: Map Check
[2024.10.04-03.34.28:154][  0]LightingResults: New page: Lighting Build
[2024.10.04-03.34.28:439][  0]LogAISub: UAISubsystem::~UAISubsystem EnvQueryManager (0000026E91A87C00), frame # 0
[2024.10.04-03.34.28:439][  0]LogAISub: UAISubsystem::~UAISubsystem AIPerceptionSystem (0000026E91B1E0C0), frame # 0
[2024.10.04-03.34.28:440][  0]LogUObjectHash: Compacting FUObjectHashTables data took   1.02ms
[2024.10.04-03.34.31:293][  0]LogAIModule: Creating AISystem for world MAP_2D
[2024.10.04-03.34.31:293][  0]LogAISub: UAISubsystem::UAISubsystem EnvQueryManager (0000026E926D2400), frame # 0
[2024.10.04-03.34.31:293][  0]LogAISub: UAISubsystem::UAISubsystem AIPerceptionSystem (0000026E92521A80), frame # 0
[2024.10.04-03.34.31:769][  0]LogEditorServer: Finished looking for orphan Actors (0.000 secs)
[2024.10.04-03.34.31:819][  0]LogUObjectHash: Compacting FUObjectHashTables data took   0.82ms
[2024.10.04-03.34.31:819][  0]Cmd: MAP CHECKDEP NOCLEARLOG
[2024.10.04-03.34.31:834][  0]MapCheck: Map check complete: 0 Error(s), 0 Warning(s), took 14.634ms to complete.
[2024.10.04-03.34.31:834][  0]LogFileHelpers: Loading map 'MAP_2D' took 3.902
[2024.10.04-03.34.32:842][  0]LogUnrealEdMisc: Total Editor Startup Time, took 130.696
[2024.10.04-03.34.33:557][  0]LogSlate: Updating window title bar state: overlay mode, drag disabled, window buttons hidden, title bar hidden
[2024.10.04-03.34.33:578][  0]LogSlate: Updating window title bar state: overlay mode, drag disabled, window buttons hidden, title bar hidden
[2024.10.04-03.34.33:587][  0]LogSlate: Updating window title bar state: overlay mode, drag disabled, window buttons hidden, title bar hidden
[2024.10.04-03.34.33:595][  0]LogSlate: Updating window title bar state: overlay mode, drag disabled, window buttons hidden, title bar hidden
[2024.10.04-03.34.33:740][  0]LogCollectionManager: Loaded 0 collections in 0.001466 seconds
[2024.10.04-03.34.33:851][  0]LogFileCache: Scanning file cache for directory 'D:/GitHub/Project2D/Project2D/Saved/Collections/' took 0.00s
[2024.10.04-03.34.33:851][  0]LogFileCache: Scanning file cache for directory 'D:/GitHub/Project2D/Project2D/Content/Developers/maxpe/Collections/' took 0.00s
[2024.10.04-03.34.33:851][  0]LogFileCache: Scanning file cache for directory 'D:/GitHub/Project2D/Project2D/Content/Collections/' took 0.00s
[2024.10.04-03.34.33:851][  0]LogContentBrowser: Native class hierarchy populated in 0.0326 seconds. Added 3437 classes and 824 folders.
[2024.10.04-03.34.33:968][  0]LogContentBrowser: Native class hierarchy updated for 'WidgetCarousel' in 0.0008 seconds. Added 0 classes and 0 folders.
[2024.10.04-03.34.36:142][  0]LogContentBrowser: Native class hierarchy updated for 'AddContentDialog' in 0.0007 seconds. Added 0 classes and 0 folders.
[2024.10.04-03.34.36:189][  0]LogContentBrowser: Native class hierarchy updated for 'SceneOutliner' in 0.0009 seconds. Added 2 classes and 0 folders.
[2024.10.04-03.34.37:414][  0]LogSlate: Took 0.030260 seconds to synchronously load lazily loaded font '../../../Engine/Content/Slate/Fonts/Roboto-Regular.ttf' (155K)
[2024.10.04-03.34.37:463][  0]LogSlate: Took 0.024731 seconds to synchronously load lazily loaded font '../../../Engine/Content/Slate/Fonts/Roboto-Bold.ttf' (160K)
[2024.10.04-03.34.37:619][  0]LogSlate: Took 0.116826 seconds to synchronously load lazily loaded font '../../../Engine/Content/Editor/Slate/Fonts/FontAwesome.ttf' (139K)
[2024.10.04-03.34.38:259][  0]LogRenderer: Reallocating scene render targets to support 1236x556 Format 10 NumSamples 1 (Frame:1).
[2024.10.04-03.34.38:888][  0]LogContentBrowser: Native class hierarchy updated for 'HierarchicalLODOutliner' in 0.0008 seconds. Added 0 classes and 0 folders.
[2024.10.04-03.34.38:888][  0]LogLoad: (Engine Initialization) Total time: 136.74 seconds
[2024.10.04-03.34.38:888][  0]LogLoad: (Engine Initialization) Total Blueprint compile time: 0.00 seconds
[2024.10.04-03.34.39:235][  0]LogContentStreaming: Texture pool size now 1000 MB
[2024.10.04-03.34.39:646][  1]LogAssetRegistry: Asset discovery search completed in 72.0069 seconds
[2024.10.04-03.34.39:650][  1]LogCollectionManager: Fixed up redirectors for 0 collections in 0.000003 seconds (updated 0 objects)
[2024.10.04-03.34.43:783][ 13]LogSlate: Took 0.043919 seconds to synchronously load lazily loaded font '../../../Engine/Content/Slate/Fonts/Roboto-Light.ttf' (167K)
[2024.10.04-04.49.50:340][478]LogAudioMixer: Display: Audio Buffer Underrun detected.
[2024.10.04-04.49.52:011][512]LogEditorViewport: Clicking Background
[2024.10.04-04.49.54:054][610]LogTemp: Repeating last play command: Selected Viewport
[2024.10.04-04.49.54:238][610]LogPlayLevel: PlayLevel: No blueprints needed recompiling
[2024.10.04-04.49.54:286][610]PIE: New page: PIE session: MAP_2D (Oct 3, 2024, 8:49:54 PM)
[2024.10.04-04.49.54:365][610]LogOnline: OSS: Creating online subsystem instance for: NULL
[2024.10.04-04.49.54:368][610]LogOnline: OSS: TryLoadSubsystemAndSetDefault: Loaded subsystem for module [NULL]
[2024.10.04-04.49.54:392][610]LogPlayLevel: Creating play world package: /Game/Project/Maps/UEDPIE_0_MAP_2D
[2024.10.04-04.49.54:482][610]LogPlayLevel: PIE: StaticDuplicateObject took: (0.089998s)
[2024.10.04-04.49.54:497][610]LogAIModule: Creating AISystem for world MAP_2D
[2024.10.04-04.49.54:497][610]LogAISub: UAISubsystem::UAISubsystem EnvQueryManager (0000026EAD83CA00), frame # 13610
[2024.10.04-04.49.54:497][610]LogAISub: UAISubsystem::UAISubsystem AIPerceptionSystem (0000026EAD854A40), frame # 13610
[2024.10.04-04.49.54:510][610]LogPlayLevel: PIE: World Init took: (0.028588s)
[2024.10.04-04.49.54:526][610]LogPlayLevel: PIE: Created PIE world by copying editor world from /Game/Project/Maps/MAP_2D.MAP_2D to /Game/Project/Maps/UEDPIE_0_MAP_2D.MAP_2D (0.133815s)
[2024.10.04-04.49.54:541][610]LogUObjectHash: Compacting FUObjectHashTables data took   1.26ms
[2024.10.04-04.49.54:559][610]LogAudioMixer: Display: Audio Mixer Platform Settings:
[2024.10.04-04.49.54:559][610]LogAudioMixer: Display: 	Sample Rate:						  48000
[2024.10.04-04.49.54:559][610]LogAudioMixer: Display: 	Callback Buffer Frame Size Requested: 1024
[2024.10.04-04.49.54:559][610]LogAudioMixer: Display: 	Callback Buffer Frame Size To Use:	  1024
[2024.10.04-04.49.54:560][610]LogAudioMixer: Display: 	Number of buffers to queue:			  2
[2024.10.04-04.49.54:560][610]LogAudioMixer: Display: 	Max Channels (voices):				  32
[2024.10.04-04.49.54:560][610]LogAudioMixer: Display: 	Number of Async Source Workers:		  0
[2024.10.04-04.49.54:560][610]LogAudio: Display: AudioDevice MaxSources: 32
[2024.10.04-04.49.54:560][610]LogAudio: Display: Using built-in audio occlusion.
[2024.10.04-04.49.54:560][610]LogAudioMixer: Display: Initializing audio mixer.
[2024.10.04-04.49.54:567][610]LogAudioMixer: Display: 0: FrontLeft
[2024.10.04-04.49.54:567][610]LogAudioMixer: Display: 1: FrontRight
[2024.10.04-04.49.54:677][610]LogAudioMixer: Display: Using Audio Device Haut-parleurs (Realtek High Definition Audio)
[2024.10.04-04.49.54:678][610]LogAudioMixer: Display: Initializing Sound Submixes...
[2024.10.04-04.49.54:678][610]LogAudioMixer: Display: Creating Master Submix 'MasterSubmixDefault'
[2024.10.04-04.49.54:678][610]LogAudioMixer: Display: Creating Master Submix 'MasterReverbSubmixDefault'
[2024.10.04-04.49.54:679][610]LogAudioMixer: Display: Creating Master Submix 'MasterEQSubmixDefault'
[2024.10.04-04.49.54:699][610]LogInit: FAudioDevice initialized.
[2024.10.04-04.49.55:257][610]LogLoad: Game class is 'BP_SMW_GameMode_C'
[2024.10.04-04.49.55:473][610]LogWorld: Bringing World /Game/Project/Maps/UEDPIE_0_MAP_2D.MAP_2D up for play (max tick rate 60) at 2024.10.04-00.49.55
[2024.10.04-04.49.55:543][610]LogWorld: Bringing up level for play took: 0.067970
[2024.10.04-04.49.55:588][610]LogOnline: OSS: Creating online subsystem instance for: :Context_1
[2024.10.04-04.49.55:885][610]LogContentBrowser: Native class hierarchy updated for 'MovieSceneCapture' in 0.0010 seconds. Added 20 classes and 0 folders.
[2024.10.04-04.49.56:101][610]PIE: Server logged in
[2024.10.04-04.49.56:113][610]PIE: Play in editor total start time 2.033 seconds.
[2024.10.04-04.49.56:509][610]LogAudio: Warning: Detected orphaned looping sound 'SC_OVERWORLD'.
[2024.10.04-04.49.56:858][611]LogCharacterMovement: Warning: GetSimulationTimeStep() - Max iterations 8 hit while remaining time 0.070048 > MaxSimulationTimeStep (0.050) for 'BP_Mario_Character_C_0', movement 'Walking'
[2024.10.04-04.49.57:539][642]LogTemp: Warning: Hello, n00b!
[2024.10.04-04.49.59:254][733]LogTemp: Warning: Hello, KOOPA
[2024.10.04-04.49.59:470][744]LogTemp: Warning: Hello, n00b!
[2024.10.04-04.50.00:510][805]LogTemp: Warning: Hello, n00b!
[2024.10.04-04.50.01:845][878]LogSlate: Updating window title bar state: overlay mode, drag disabled, window buttons hidden, title bar hidden
[2024.10.04-04.50.01:845][878]LogWorld: BeginTearingDown for /Game/Project/Maps/UEDPIE_0_MAP_2D
[2024.10.04-04.50.01:921][878]LogWorld: UWorld::CleanupWorld for MAP_2D, bSessionEnded=true, bCleanupResources=true
[2024.10.04-04.50.01:935][878]LogSlate: InvalidateAllWidgets triggered.  All widgets were invalidated
[2024.10.04-04.50.01:993][878]LogPlayLevel: Display: Shutting down PIE online subsystems
[2024.10.04-04.50.02:004][878]LogSlate: InvalidateAllWidgets triggered.  All widgets were invalidated
[2024.10.04-04.50.02:123][878]LogSlate: Updating window title bar state: overlay mode, drag disabled, window buttons hidden, title bar hidden
[2024.10.04-04.50.02:218][878]LogAISub: UAISubsystem::~UAISubsystem EnvQueryManager (0000026EAD83CA00), frame # 13878
[2024.10.04-04.50.02:218][878]LogAISub: UAISubsystem::~UAISubsystem AIPerceptionSystem (0000026EAD854A40), frame # 13878
[2024.10.04-04.50.02:304][878]LogUObjectHash: Compacting FUObjectHashTables data took   1.14ms
[2024.10.04-04.50.02:352][879]LogPlayLevel: Display: Destroying online subsystem :Context_1
[2024.10.04-04.50.02:729][900]LogEditorViewport: Clicking on Actor (LMB): PaperTileMapActor (TM_Stage)
[2024.10.04-04.50.03:980][901]LogEditorViewport: Clicking on Actor (LMB): PaperTileMapActor (TM_Stage)
[2024.10.04-04.50.04:556][914]LogTemp: Repeating last play command: Selected Viewport
[2024.10.04-04.50.04:571][914]LogPlayLevel: PlayLevel: No blueprints needed recompiling
[2024.10.04-04.50.04:572][914]PIE: New page: PIE session: MAP_2D (Oct 3, 2024, 8:50:04 PM)
[2024.10.04-04.50.04:572][914]LogPlayLevel: Creating play world package: /Game/Project/Maps/UEDPIE_0_MAP_2D
[2024.10.04-04.50.04:575][914]LogPlayLevel: PIE: StaticDuplicateObject took: (0.002587s)
[2024.10.04-04.50.04:577][914]LogAIModule: Creating AISystem for world MAP_2D
[2024.10.04-04.50.04:577][914]LogAISub: UAISubsystem::UAISubsystem EnvQueryManager (0000026EB9216600), frame # 13914
[2024.10.04-04.50.04:577][914]LogAISub: UAISubsystem::UAISubsystem AIPerceptionSystem (0000026EAD714900), frame # 13914
[2024.10.04-04.50.04:578][914]LogPlayLevel: PIE: World Init took: (0.002332s)
[2024.10.04-04.50.04:578][914]LogPlayLevel: PIE: Created PIE world by copying editor world from /Game/Project/Maps/MAP_2D.MAP_2D to /Game/Project/Maps/UEDPIE_0_MAP_2D.MAP_2D (0.005202s)
[2024.10.04-04.50.04:589][914]LogUObjectHash: Compacting FUObjectHashTables data took   0.84ms
[2024.10.04-04.50.04:590][914]LogAudioMixer: Display: Audio Mixer Platform Settings:
[2024.10.04-04.50.04:590][914]LogAudioMixer: Display: 	Sample Rate:						  48000
[2024.10.04-04.50.04:590][914]LogAudioMixer: Display: 	Callback Buffer Frame Size Requested: 1024
[2024.10.04-04.50.04:590][914]LogAudioMixer: Display: 	Callback Buffer Frame Size To Use:	  1024
[2024.10.04-04.50.04:590][914]LogAudioMixer: Display: 	Number of buffers to queue:			  2
[2024.10.04-04.50.04:590][914]LogAudioMixer: Display: 	Max Channels (voices):				  32
[2024.10.04-04.50.04:590][914]LogAudioMixer: Display: 	Number of Async Source Workers:		  0
[2024.10.04-04.50.04:590][914]LogAudio: Display: AudioDevice MaxSources: 32
[2024.10.04-04.50.04:591][914]LogAudio: Display: Using built-in audio occlusion.
[2024.10.04-04.50.04:591][914]LogAudioMixer: Display: Initializing audio mixer.
[2024.10.04-04.50.04:598][914]LogAudioMixer: Display: 0: FrontLeft
[2024.10.04-04.50.04:598][914]LogAudioMixer: Display: 1: FrontRight
[2024.10.04-04.50.04:700][914]LogAudioMixer: Display: Using Audio Device Haut-parleurs (Realtek High Definition Audio)
[2024.10.04-04.50.04:701][914]LogAudioMixer: Display: Initializing Sound Submixes...
[2024.10.04-04.50.04:701][914]LogAudioMixer: Display: Creating Master Submix 'MasterSubmixDefault'
[2024.10.04-04.50.04:701][914]LogAudioMixer: Display: Creating Master Submix 'MasterReverbSubmixDefault'
[2024.10.04-04.50.04:701][914]LogAudioMixer: Display: Creating Master Submix 'MasterEQSubmixDefault'
[2024.10.04-04.50.04:727][914]LogInit: FAudioDevice initialized.
[2024.10.04-04.50.04:787][914]LogLoad: Game class is 'BP_SMW_GameMode_C'
[2024.10.04-04.50.04:791][914]LogWorld: Bringing World /Game/Project/Maps/UEDPIE_0_MAP_2D.MAP_2D up for play (max tick rate 60) at 2024.10.04-00.50.04
[2024.10.04-04.50.04:791][914]LogWorld: Bringing up level for play took: 0.003381
[2024.10.04-04.50.04:792][914]LogOnline: OSS: Creating online subsystem instance for: :Context_3
[2024.10.04-04.50.04:798][914]PIE: Server logged in
[2024.10.04-04.50.04:800][914]PIE: Play in editor total start time 0.231 seconds.
[2024.10.04-04.50.04:856][914]LogAudio: Warning: Detected orphaned looping sound 'SC_OVERWORLD'.
[2024.10.04-04.50.06:325][  0]LogTemp: Warning: Hello, n00b!
[2024.10.04-04.50.06:806][ 29]LogTemp: Warning: Hello, KOOPA
[2024.10.04-04.50.07:860][ 92]LogTemp: Warning: Hello, n00b!
[2024.10.04-04.50.09:083][163]LogTemp: Warning: Hello, n00b!
[2024.10.04-04.50.10:716][260]LogTemp: Warning: Hello, n00b!
[2024.10.04-04.50.12:027][330]LogTemp: Warning: Hello, n00b!
[2024.10.04-04.50.13:992][442]LogTemp: Warning: Hello, n00b!
[2024.10.04-04.50.15:346][523]LogTemp: Warning: Hello, n00b!
[2024.10.04-04.50.16:026][558]LogSlate: Updating window title bar state: overlay mode, drag disabled, window buttons hidden, title bar hidden
[2024.10.04-04.50.16:027][558]LogWorld: BeginTearingDown for /Game/Project/Maps/UEDPIE_0_MAP_2D
[2024.10.04-04.50.16:027][558]LogWorld: UWorld::CleanupWorld for MAP_2D, bSessionEnded=true, bCleanupResources=true
[2024.10.04-04.50.16:027][558]LogSlate: InvalidateAllWidgets triggered.  All widgets were invalidated
[2024.10.04-04.50.16:039][558]LogPlayLevel: Display: Shutting down PIE online subsystems
[2024.10.04-04.50.16:042][558]LogSlate: InvalidateAllWidgets triggered.  All widgets were invalidated
[2024.10.04-04.50.16:053][558]LogSlate: Updating window title bar state: overlay mode, drag disabled, window buttons hidden, title bar hidden
[2024.10.04-04.50.16:102][558]LogAISub: UAISubsystem::~UAISubsystem AIPerceptionSystem (0000026EAD714900), frame # 14558
[2024.10.04-04.50.16:102][558]LogAISub: UAISubsystem::~UAISubsystem EnvQueryManager (0000026EB9216600), frame # 14558
[2024.10.04-04.50.16:104][558]LogUObjectHash: Compacting FUObjectHashTables data took   1.64ms
[2024.10.04-04.50.16:167][559]LogPlayLevel: Display: Destroying online subsystem :Context_3
[2024.10.04-04.50.17:314][621]LogTemp: Repeating last play command: Selected Viewport
[2024.10.04-04.50.17:330][621]LogPlayLevel: PlayLevel: No blueprints needed recompiling
[2024.10.04-04.50.17:330][621]PIE: New page: PIE session: MAP_2D (Oct 3, 2024, 8:50:17 PM)
[2024.10.04-04.50.17:330][621]LogPlayLevel: Creating play world package: /Game/Project/Maps/UEDPIE_0_MAP_2D
[2024.10.04-04.50.17:332][621]LogPlayLevel: PIE: StaticDuplicateObject took: (0.001634s)
[2024.10.04-04.50.17:333][621]LogAIModule: Creating AISystem for world MAP_2D
[2024.10.04-04.50.17:334][621]LogAISub: UAISubsystem::UAISubsystem EnvQueryManager (0000026EAD2A4600), frame # 14621
[2024.10.04-04.50.17:334][621]LogAISub: UAISubsystem::UAISubsystem AIPerceptionSystem (0000026EAD716D40), frame # 14621
[2024.10.04-04.50.17:334][621]LogPlayLevel: PIE: World Init took: (0.001909s)
[2024.10.04-04.50.17:334][621]LogPlayLevel: PIE: Created PIE world by copying editor world from /Game/Project/Maps/MAP_2D.MAP_2D to /Game/Project/Maps/UEDPIE_0_MAP_2D.MAP_2D (0.003753s)
[2024.10.04-04.50.17:347][621]LogUObjectHash: Compacting FUObjectHashTables data took   0.65ms
[2024.10.04-04.50.17:349][621]LogAudioMixer: Display: Audio Mixer Platform Settings:
[2024.10.04-04.50.17:349][621]LogAudioMixer: Display: 	Sample Rate:						  48000
[2024.10.04-04.50.17:349][621]LogAudioMixer: Display: 	Callback Buffer Frame Size Requested: 1024
[2024.10.04-04.50.17:349][621]LogAudioMixer: Display: 	Callback Buffer Frame Size To Use:	  1024
[2024.10.04-04.50.17:349][621]LogAudioMixer: Display: 	Number of buffers to queue:			  2
[2024.10.04-04.50.17:349][621]LogAudioMixer: Display: 	Max Channels (voices):				  32
[2024.10.04-04.50.17:349][621]LogAudioMixer: Display: 	Number of Async Source Workers:		  0
[2024.10.04-04.50.17:349][621]LogAudio: Display: AudioDevice MaxSources: 32
[2024.10.04-04.50.17:351][621]LogAudio: Display: Using built-in audio occlusion.
[2024.10.04-04.50.17:351][621]LogAudioMixer: Display: Initializing audio mixer.
[2024.10.04-04.50.17:357][621]LogAudioMixer: Display: 0: FrontLeft
[2024.10.04-04.50.17:357][621]LogAudioMixer: Display: 1: FrontRight
[2024.10.04-04.50.17:452][621]LogAudioMixer: Display: Using Audio Device Haut-parleurs (Realtek High Definition Audio)
[2024.10.04-04.50.17:453][621]LogAudioMixer: Display: Initializing Sound Submixes...
[2024.10.04-04.50.17:453][621]LogAudioMixer: Display: Creating Master Submix 'MasterSubmixDefault'
[2024.10.04-04.50.17:453][621]LogAudioMixer: Display: Creating Master Submix 'MasterReverbSubmixDefault'
[2024.10.04-04.50.17:453][621]LogAudioMixer: Display: Creating Master Submix 'MasterEQSubmixDefault'
[2024.10.04-04.50.17:480][621]LogInit: FAudioDevice initialized.
[2024.10.04-04.50.17:490][621]LogLoad: Game class is 'BP_SMW_GameMode_C'
[2024.10.04-04.50.17:493][621]LogWorld: Bringing World /Game/Project/Maps/UEDPIE_0_MAP_2D.MAP_2D up for play (max tick rate 60) at 2024.10.04-00.50.17
[2024.10.04-04.50.17:494][621]LogWorld: Bringing up level for play took: 0.002877
[2024.10.04-04.50.17:494][621]LogOnline: OSS: Creating online subsystem instance for: :Context_4
[2024.10.04-04.50.17:499][621]PIE: Server logged in
[2024.10.04-04.50.17:500][621]PIE: Play in editor total start time 0.171 seconds.
[2024.10.04-04.50.17:505][621]LogAudio: Warning: Detected orphaned looping sound 'SC_OVERWORLD'.
[2024.10.04-04.50.18:731][693]LogTemp: Warning: Hello, n00b!
[2024.10.04-04.50.19:992][762]LogTemp: Warning: Hello, n00b!
[2024.10.04-04.50.21:451][849]LogTemp: Warning: Hello, n00b!
[2024.10.04-04.50.22:637][918]LogTemp: Warning: Hello, n00b!
[2024.10.04-04.50.23:721][983]LogTemp: Warning: Hello, n00b!
[2024.10.04-04.50.25:300][ 75]LogTemp: Warning: Hello, n00b!
[2024.10.04-04.50.27:248][191]LogTemp: Warning: Hello, n00b!
[2024.10.04-04.50.27:919][231]LogTemp: Warning: Hello, KOOPA
[2024.10.04-04.50.29:053][297]LogTemp: Warning: Hello, n00b!
[2024.10.04-04.50.30:225][365]LogTemp: Warning: Hello, n00b!
[2024.10.04-04.50.31:360][433]LogTemp: Warning: Hello, n00b!
[2024.10.04-04.50.31:800][457]LogSlate: Updating window title bar state: overlay mode, drag disabled, window buttons hidden, title bar hidden
[2024.10.04-04.50.31:800][457]LogWorld: BeginTearingDown for /Game/Project/Maps/UEDPIE_0_MAP_2D
[2024.10.04-04.50.31:800][457]LogWorld: UWorld::CleanupWorld for MAP_2D, bSessionEnded=true, bCleanupResources=true
[2024.10.04-04.50.31:801][457]LogSlate: InvalidateAllWidgets triggered.  All widgets were invalidated
[2024.10.04-04.50.31:813][457]LogPlayLevel: Display: Shutting down PIE online subsystems
[2024.10.04-04.50.31:815][457]LogSlate: InvalidateAllWidgets triggered.  All widgets were invalidated
[2024.10.04-04.50.31:825][457]LogSlate: Updating window title bar state: overlay mode, drag disabled, window buttons hidden, title bar hidden
[2024.10.04-04.50.31:853][457]LogAISub: UAISubsystem::~UAISubsystem AIPerceptionSystem (0000026EAD716D40), frame # 15457
[2024.10.04-04.50.31:854][457]LogAISub: UAISubsystem::~UAISubsystem EnvQueryManager (0000026EAD2A4600), frame # 15457
[2024.10.04-04.50.31:854][457]LogUObjectHash: Compacting FUObjectHashTables data took   0.63ms
[2024.10.04-04.50.31:893][458]LogPlayLevel: Display: Destroying online subsystem :Context_4
[2024.10.04-04.50.32:641][492]LogTemp: Repeating last play command: Selected Viewport
[2024.10.04-04.50.32:658][492]LogPlayLevel: PlayLevel: No blueprints needed recompiling
[2024.10.04-04.50.32:658][492]PIE: New page: PIE session: MAP_2D (Oct 3, 2024, 8:50:32 PM)
[2024.10.04-04.50.32:658][492]LogPlayLevel: Creating play world package: /Game/Project/Maps/UEDPIE_0_MAP_2D
[2024.10.04-04.50.32:660][492]LogPlayLevel: PIE: StaticDuplicateObject took: (0.001945s)
[2024.10.04-04.50.32:662][492]LogAIModule: Creating AISystem for world MAP_2D
[2024.10.04-04.50.32:662][492]LogAISub: UAISubsystem::UAISubsystem EnvQueryManager (0000026EAD70DA00), frame # 15492
[2024.10.04-04.50.32:662][492]LogAISub: UAISubsystem::UAISubsystem AIPerceptionSystem (0000026EAD715300), frame # 15492
[2024.10.04-04.50.32:663][492]LogPlayLevel: PIE: World Init took: (0.002179s)
[2024.10.04-04.50.32:663][492]LogPlayLevel: PIE: Created PIE world by copying editor world from /Game/Project/Maps/MAP_2D.MAP_2D to /Game/Project/Maps/UEDPIE_0_MAP_2D.MAP_2D (0.004273s)
[2024.10.04-04.50.32:672][492]LogUObjectHash: Compacting FUObjectHashTables data took   0.63ms
[2024.10.04-04.50.32:674][492]LogAudioMixer: Display: Audio Mixer Platform Settings:
[2024.10.04-04.50.32:674][492]LogAudioMixer: Display: 	Sample Rate:						  48000
[2024.10.04-04.50.32:674][492]LogAudioMixer: Display: 	Callback Buffer Frame Size Requested: 1024
[2024.10.04-04.50.32:674][492]LogAudioMixer: Display: 	Callback Buffer Frame Size To Use:	  1024
[2024.10.04-04.50.32:674][492]LogAudioMixer: Display: 	Number of buffers to queue:			  2
[2024.10.04-04.50.32:674][492]LogAudioMixer: Display: 	Max Channels (voices):				  32
[2024.10.04-04.50.32:674][492]LogAudioMixer: Display: 	Number of Async Source Workers:		  0
[2024.10.04-04.50.32:674][492]LogAudio: Display: AudioDevice MaxSources: 32
[2024.10.04-04.50.32:674][492]LogAudio: Display: Using built-in audio occlusion.
[2024.10.04-04.50.32:674][492]LogAudioMixer: Display: Initializing audio mixer.
[2024.10.04-04.50.32:683][492]LogAudioMixer: Display: 0: FrontLeft
[2024.10.04-04.50.32:683][492]LogAudioMixer: Display: 1: FrontRight
[2024.10.04-04.50.32:792][492]LogAudioMixer: Display: Using Audio Device Haut-parleurs (Realtek High Definition Audio)
[2024.10.04-04.50.32:792][492]LogAudioMixer: Display: Initializing Sound Submixes...
[2024.10.04-04.50.32:792][492]LogAudioMixer: Display: Creating Master Submix 'MasterSubmixDefault'
[2024.10.04-04.50.32:792][492]LogAudioMixer: Display: Creating Master Submix 'MasterReverbSubmixDefault'
[2024.10.04-04.50.32:793][492]LogAudioMixer: Display: Creating Master Submix 'MasterEQSubmixDefault'
[2024.10.04-04.50.32:830][492]LogInit: FAudioDevice initialized.
[2024.10.04-04.50.32:845][492]LogLoad: Game class is 'BP_SMW_GameMode_C'
[2024.10.04-04.50.32:850][492]LogWorld: Bringing World /Game/Project/Maps/UEDPIE_0_MAP_2D.MAP_2D up for play (max tick rate 60) at 2024.10.04-00.50.32
[2024.10.04-04.50.32:851][492]LogWorld: Bringing up level for play took: 0.004865
[2024.10.04-04.50.32:851][492]LogOnline: OSS: Creating online subsystem instance for: :Context_5
[2024.10.04-04.50.32:856][492]PIE: Server logged in
[2024.10.04-04.50.32:857][492]PIE: Play in editor total start time 0.201 seconds.
[2024.10.04-04.50.32:863][492]LogAudio: Warning: Detected orphaned looping sound 'SC_OVERWORLD'.
[2024.10.04-04.50.33:691][541]LogTemp: Warning: Hello, n00b!
[2024.10.04-04.50.34:854][610]LogTemp: Warning: Hello, KOOPA
[2024.10.04-04.50.35:096][624]LogTemp: Warning: Hello, n00b!
[2024.10.04-04.50.36:100][680]LogSlate: Updating window title bar state: overlay mode, drag disabled, window buttons hidden, title bar hidden
[2024.10.04-04.50.36:101][680]LogWorld: BeginTearingDown for /Game/Project/Maps/UEDPIE_0_MAP_2D
[2024.10.04-04.50.36:101][680]LogWorld: UWorld::CleanupWorld for MAP_2D, bSessionEnded=true, bCleanupResources=true
[2024.10.04-04.50.36:101][680]LogSlate: InvalidateAllWidgets triggered.  All widgets were invalidated
[2024.10.04-04.50.36:110][680]LogPlayLevel: Display: Shutting down PIE online subsystems
[2024.10.04-04.50.36:111][680]LogSlate: InvalidateAllWidgets triggered.  All widgets were invalidated
[2024.10.04-04.50.36:151][680]LogSlate: Updating window title bar state: overlay mode, drag disabled, window buttons hidden, title bar hidden
[2024.10.04-04.50.36:152][680]LogAISub: UAISubsystem::~UAISubsystem AIPerceptionSystem (0000026EAD715300), frame # 15680
[2024.10.04-04.50.36:152][680]LogAISub: UAISubsystem::~UAISubsystem EnvQueryManager (0000026EAD70DA00), frame # 15680
[2024.10.04-04.50.36:154][680]LogUObjectHash: Compacting FUObjectHashTables data took   1.24ms
[2024.10.04-04.50.36:195][681]LogPlayLevel: Display: Destroying online subsystem :Context_5
[2024.10.04-04.50.36:930][719]LogTemp: Repeating last play command: Selected Viewport
[2024.10.04-04.50.36:950][719]LogPlayLevel: PlayLevel: No blueprints needed recompiling
[2024.10.04-04.50.36:950][719]PIE: New page: PIE session: MAP_2D (Oct 3, 2024, 8:50:36 PM)
[2024.10.04-04.50.36:950][719]LogPlayLevel: Creating play world package: /Game/Project/Maps/UEDPIE_0_MAP_2D
[2024.10.04-04.50.36:951][719]LogPlayLevel: PIE: StaticDuplicateObject took: (0.001505s)
[2024.10.04-04.50.36:953][719]LogAIModule: Creating AISystem for world MAP_2D
[2024.10.04-04.50.36:953][719]LogAISub: UAISubsystem::UAISubsystem EnvQueryManager (0000026EB9214A00), frame # 15719
[2024.10.04-04.50.36:953][719]LogAISub: UAISubsystem::UAISubsystem AIPerceptionSystem (0000026EAD717C40), frame # 15719
[2024.10.04-04.50.36:953][719]LogPlayLevel: PIE: World Init took: (0.001644s)
[2024.10.04-04.50.36:953][719]LogPlayLevel: PIE: Created PIE world by copying editor world from /Game/Project/Maps/MAP_2D.MAP_2D to /Game/Project/Maps/UEDPIE_0_MAP_2D.MAP_2D (0.003331s)
[2024.10.04-04.50.36:964][719]LogUObjectHash: Compacting FUObjectHashTables data took   0.71ms
[2024.10.04-04.50.36:965][719]LogAudioMixer: Display: Audio Mixer Platform Settings:
[2024.10.04-04.50.36:965][719]LogAudioMixer: Display: 	Sample Rate:						  48000
[2024.10.04-04.50.36:965][719]LogAudioMixer: Display: 	Callback Buffer Frame Size Requested: 1024
[2024.10.04-04.50.36:965][719]LogAudioMixer: Display: 	Callback Buffer Frame Size To Use:	  1024
[2024.10.04-04.50.36:965][719]LogAudioMixer: Display: 	Number of buffers to queue:			  2
[2024.10.04-04.50.36:965][719]LogAudioMixer: Display: 	Max Channels (voices):				  32
[2024.10.04-04.50.36:965][719]LogAudioMixer: Display: 	Number of Async Source Workers:		  0
[2024.10.04-04.50.36:965][719]LogAudio: Display: AudioDevice MaxSources: 32
[2024.10.04-04.50.36:966][719]LogAudio: Display: Using built-in audio occlusion.
[2024.10.04-04.50.36:966][719]LogAudioMixer: Display: Initializing audio mixer.
[2024.10.04-04.50.36:974][719]LogAudioMixer: Display: 0: FrontLeft
[2024.10.04-04.50.36:974][719]LogAudioMixer: Display: 1: FrontRight
[2024.10.04-04.50.37:074][719]LogAudioMixer: Display: Using Audio Device Haut-parleurs (Realtek High Definition Audio)
[2024.10.04-04.50.37:074][719]LogAudioMixer: Display: Initializing Sound Submixes...
[2024.10.04-04.50.37:075][719]LogAudioMixer: Display: Creating Master Submix 'MasterSubmixDefault'
[2024.10.04-04.50.37:075][719]LogAudioMixer: Display: Creating Master Submix 'MasterReverbSubmixDefault'
[2024.10.04-04.50.37:075][719]LogAudioMixer: Display: Creating Master Submix 'MasterEQSubmixDefault'
[2024.10.04-04.50.37:098][719]LogInit: FAudioDevice initialized.
[2024.10.04-04.50.37:110][719]LogLoad: Game class is 'BP_SMW_GameMode_C'
[2024.10.04-04.50.37:113][719]LogWorld: Bringing World /Game/Project/Maps/UEDPIE_0_MAP_2D.MAP_2D up for play (max tick rate 60) at 2024.10.04-00.50.37
[2024.10.04-04.50.37:113][719]LogWorld: Bringing up level for play took: 0.002235
[2024.10.04-04.50.37:113][719]LogOnline: OSS: Creating online subsystem instance for: :Context_6
[2024.10.04-04.50.37:117][719]PIE: Server logged in
[2024.10.04-04.50.37:118][719]PIE: Play in editor total start time 0.17 seconds.
[2024.10.04-04.50.37:122][719]LogAudio: Warning: Detected orphaned looping sound 'SC_OVERWORLD'.
[2024.10.04-04.50.38:619][808]LogTemp: Warning: Hello, n00b!
[2024.10.04-04.50.40:367][912]LogTemp: Warning: Hello, KOOPA
[2024.10.04-04.50.40:501][920]LogTemp: Warning: Hello, n00b!
[2024.10.04-04.50.41:584][985]LogTemp: Warning: Hello, n00b!
[2024.10.04-04.50.41:850][999]LogSlate: Updating window title bar state: overlay mode, drag disabled, window buttons hidden, title bar hidden
[2024.10.04-04.50.41:851][999]LogWorld: BeginTearingDown for /Game/Project/Maps/UEDPIE_0_MAP_2D
[2024.10.04-04.50.41:851][999]LogWorld: UWorld::CleanupWorld for MAP_2D, bSessionEnded=true, bCleanupResources=true
[2024.10.04-04.50.41:852][999]LogSlate: InvalidateAllWidgets triggered.  All widgets were invalidated
[2024.10.04-04.50.41:860][999]LogPlayLevel: Display: Shutting down PIE online subsystems
[2024.10.04-04.50.41:862][999]LogSlate: InvalidateAllWidgets triggered.  All widgets were invalidated
[2024.10.04-04.50.41:872][999]LogSlate: Updating window title bar state: overlay mode, drag disabled, window buttons hidden, title bar hidden
[2024.10.04-04.50.41:897][999]LogAISub: UAISubsystem::~UAISubsystem AIPerceptionSystem (0000026EAD717C40), frame # 15999
[2024.10.04-04.50.41:897][999]LogAISub: UAISubsystem::~UAISubsystem EnvQueryManager (0000026EB9214A00), frame # 15999
[2024.10.04-04.50.41:898][999]LogUObjectHash: Compacting FUObjectHashTables data took   0.79ms
[2024.10.04-04.50.41:934][  0]LogPlayLevel: Display: Destroying online subsystem :Context_6
[2024.10.04-04.50.42:513][ 32]LogEditorViewport: Clicking on Actor (LMB): PaperTileMapActor (TM_Stage)
[2024.10.04-04.50.43:290][ 61]LogTemp: Repeating last play command: Selected Viewport
[2024.10.04-04.50.43:307][ 61]LogPlayLevel: PlayLevel: No blueprints needed recompiling
[2024.10.04-04.50.43:308][ 61]PIE: New page: PIE session: MAP_2D (Oct 3, 2024, 8:50:43 PM)
[2024.10.04-04.50.43:308][ 61]LogPlayLevel: Creating play world package: /Game/Project/Maps/UEDPIE_0_MAP_2D
[2024.10.04-04.50.43:310][ 61]LogPlayLevel: PIE: StaticDuplicateObject took: (0.001718s)
[2024.10.04-04.50.43:311][ 61]LogAIModule: Creating AISystem for world MAP_2D
[2024.10.04-04.50.43:311][ 61]LogAISub: UAISubsystem::UAISubsystem EnvQueryManager (0000026EAD0B7A00), frame # 16061
[2024.10.04-04.50.43:311][ 61]LogAISub: UAISubsystem::UAISubsystem AIPerceptionSystem (0000026EAD771BC0), frame # 16061
[2024.10.04-04.50.43:311][ 61]LogPlayLevel: PIE: World Init took: (0.001245s)
[2024.10.04-04.50.43:311][ 61]LogPlayLevel: PIE: Created PIE world by copying editor world from /Game/Project/Maps/MAP_2D.MAP_2D to /Game/Project/Maps/UEDPIE_0_MAP_2D.MAP_2D (0.003113s)
[2024.10.04-04.50.43:320][ 61]LogUObjectHash: Compacting FUObjectHashTables data took   0.62ms
[2024.10.04-04.50.43:322][ 61]LogAudioMixer: Display: Audio Mixer Platform Settings:
[2024.10.04-04.50.43:322][ 61]LogAudioMixer: Display: 	Sample Rate:						  48000
[2024.10.04-04.50.43:322][ 61]LogAudioMixer: Display: 	Callback Buffer Frame Size Requested: 1024
[2024.10.04-04.50.43:322][ 61]LogAudioMixer: Display: 	Callback Buffer Frame Size To Use:	  1024
[2024.10.04-04.50.43:322][ 61]LogAudioMixer: Display: 	Number of buffers to queue:			  2
[2024.10.04-04.50.43:322][ 61]LogAudioMixer: Display: 	Max Channels (voices):				  32
[2024.10.04-04.50.43:322][ 61]LogAudioMixer: Display: 	Number of Async Source Workers:		  0
[2024.10.04-04.50.43:322][ 61]LogAudio: Display: AudioDevice MaxSources: 32
[2024.10.04-04.50.43:322][ 61]LogAudio: Display: Using built-in audio occlusion.
[2024.10.04-04.50.43:322][ 61]LogAudioMixer: Display: Initializing audio mixer.
[2024.10.04-04.50.43:329][ 61]LogAudioMixer: Display: 0: FrontLeft
[2024.10.04-04.50.43:329][ 61]LogAudioMixer: Display: 1: FrontRight
[2024.10.04-04.50.43:516][ 61]LogAudioMixer: Display: Using Audio Device Haut-parleurs (Realtek High Definition Audio)
[2024.10.04-04.50.43:517][ 61]LogAudioMixer: Display: Initializing Sound Submixes...
[2024.10.04-04.50.43:517][ 61]LogAudioMixer: Display: Creating Master Submix 'MasterSubmixDefault'
[2024.10.04-04.50.43:517][ 61]LogAudioMixer: Display: Creating Master Submix 'MasterReverbSubmixDefault'
[2024.10.04-04.50.43:519][ 61]LogAudioMixer: Display: Creating Master Submix 'MasterEQSubmixDefault'
[2024.10.04-04.50.43:553][ 61]LogInit: FAudioDevice initialized.
[2024.10.04-04.50.43:567][ 61]LogLoad: Game class is 'BP_SMW_GameMode_C'
[2024.10.04-04.50.43:571][ 61]LogWorld: Bringing World /Game/Project/Maps/UEDPIE_0_MAP_2D.MAP_2D up for play (max tick rate 60) at 2024.10.04-00.50.43
[2024.10.04-04.50.43:571][ 61]LogWorld: Bringing up level for play took: 0.003803
[2024.10.04-04.50.43:572][ 61]LogOnline: OSS: Creating online subsystem instance for: :Context_7
[2024.10.04-04.50.43:577][ 61]PIE: Server logged in
[2024.10.04-04.50.43:578][ 61]PIE: Play in editor total start time 0.273 seconds.
[2024.10.04-04.50.43:580][ 61]LogAudio: Warning: Detected orphaned looping sound 'SC_OVERWORLD'.
[2024.10.04-04.50.45:167][151]LogTemp: Warning: Hello, n00b!
[2024.10.04-04.50.46:252][215]LogTemp: Warning: Hello, n00b!
[2024.10.04-04.50.48:004][320]LogTemp: Warning: Hello, n00b!
[2024.10.04-04.50.49:219][391]LogTemp: Warning: Hello, n00b!
[2024.10.04-04.50.50:648][476]LogTemp: Warning: Hello, n00b!
[2024.10.04-04.50.51:965][553]LogTemp: Warning: Hello, n00b!
[2024.10.04-04.50.53:341][633]LogTemp: Warning: Hello, n00b!
[2024.10.04-04.50.54:884][724]LogTemp: Warning: Hello, n00b!
[2024.10.04-04.50.56:311][806]LogTemp: Warning: Hello, n00b!
[2024.10.04-04.50.57:378][868]LogTemp: Warning: Hello, n00b!
[2024.10.04-04.50.59:251][977]LogTemp: Warning: Hello, n00b!
[2024.10.04-04.51.00:825][ 68]LogTemp: Warning: Hello, n00b!
[2024.10.04-04.51.02:239][149]LogTemp: Warning: Hello, n00b!
[2024.10.04-04.51.03:687][234]LogTemp: Warning: Hello, n00b!
[2024.10.04-04.51.04:833][301]LogTemp: Warning: Hello, n00b!
[2024.10.04-04.51.06:343][391]LogTemp: Warning: Hello, n00b!
[2024.10.04-04.51.08:016][489]LogTemp: Warning: Hello, n00b!
[2024.10.04-04.51.09:539][577]LogTemp: Warning: Hello, n00b!
[2024.10.04-04.51.10:700][645]LogTemp: Warning: Hello, n00b!
[2024.10.04-04.51.12:186][734]LogTemp: Warning: Hello, n00b!
[2024.10.04-04.51.13:264][797]LogTemp: Warning: Hello, KOOPA
[2024.10.04-04.51.13:265][797]LogTemp: Warning: Hello, n00b!
[2024.10.04-04.51.14:500][870]LogTemp: Warning: Hello, n00b!
[2024.10.04-04.51.15:910][953]LogTemp: Warning: Hello, n00b!
[2024.10.04-04.51.17:828][ 65]LogTemp: Warning: Hello, n00b!
[2024.10.04-04.51.17:881][ 66]LogSlate: Updating window title bar state: overlay mode, drag disabled, window buttons hidden, title bar hidden
[2024.10.04-04.51.17:881][ 66]LogWorld: BeginTearingDown for /Game/Project/Maps/UEDPIE_0_MAP_2D
[2024.10.04-04.51.17:881][ 66]LogWorld: UWorld::CleanupWorld for MAP_2D, bSessionEnded=true, bCleanupResources=true
[2024.10.04-04.51.17:881][ 66]LogSlate: InvalidateAllWidgets triggered.  All widgets were invalidated
[2024.10.04-04.51.17:892][ 66]LogPlayLevel: Display: Shutting down PIE online subsystems
[2024.10.04-04.51.17:893][ 66]LogSlate: InvalidateAllWidgets triggered.  All widgets were invalidated
[2024.10.04-04.51.17:948][ 66]LogSlate: Updating window title bar state: overlay mode, drag disabled, window buttons hidden, title bar hidden
[2024.10.04-04.51.17:949][ 66]LogAISub: UAISubsystem::~UAISubsystem AIPerceptionSystem (0000026EAD771BC0), frame # 18066
[2024.10.04-04.51.17:949][ 66]LogAISub: UAISubsystem::~UAISubsystem EnvQueryManager (0000026EAD0B7A00), frame # 18066
[2024.10.04-04.51.17:950][ 66]LogUObjectHash: Compacting FUObjectHashTables data took   0.71ms
[2024.10.04-04.51.17:982][ 67]LogPlayLevel: Display: Destroying online subsystem :Context_7
[2024.10.04-04.51.19:015][123]LogTemp: Repeating last play command: Selected Viewport
[2024.10.04-04.51.19:031][123]LogPlayLevel: PlayLevel: No blueprints needed recompiling
[2024.10.04-04.51.19:031][123]PIE: New page: PIE session: MAP_2D (Oct 3, 2024, 8:51:19 PM)
[2024.10.04-04.51.19:031][123]LogPlayLevel: Creating play world package: /Game/Project/Maps/UEDPIE_0_MAP_2D
[2024.10.04-04.51.19:033][123]LogPlayLevel: PIE: StaticDuplicateObject took: (0.001644s)
[2024.10.04-04.51.19:034][123]LogAIModule: Creating AISystem for world MAP_2D
[2024.10.04-04.51.19:034][123]LogAISub: UAISubsystem::UAISubsystem EnvQueryManager (0000026EAD2A4600), frame # 18123
[2024.10.04-04.51.19:034][123]LogAISub: UAISubsystem::UAISubsystem AIPerceptionSystem (0000026EAD6E5940), frame # 18123
[2024.10.04-04.51.19:035][123]LogPlayLevel: PIE: World Init took: (0.001482s)
[2024.10.04-04.51.19:035][123]LogPlayLevel: PIE: Created PIE world by copying editor world from /Game/Project/Maps/MAP_2D.MAP_2D to /Game/Project/Maps/UEDPIE_0_MAP_2D.MAP_2D (0.003304s)
[2024.10.04-04.51.19:044][123]LogUObjectHash: Compacting FUObjectHashTables data took   0.60ms
[2024.10.04-04.51.19:046][123]LogAudioMixer: Display: Audio Mixer Platform Settings:
[2024.10.04-04.51.19:046][123]LogAudioMixer: Display: 	Sample Rate:						  48000
[2024.10.04-04.51.19:046][123]LogAudioMixer: Display: 	Callback Buffer Frame Size Requested: 1024
[2024.10.04-04.51.19:046][123]LogAudioMixer: Display: 	Callback Buffer Frame Size To Use:	  1024
[2024.10.04-04.51.19:046][123]LogAudioMixer: Display: 	Number of buffers to queue:			  2
[2024.10.04-04.51.19:046][123]LogAudioMixer: Display: 	Max Channels (voices):				  32
[2024.10.04-04.51.19:046][123]LogAudioMixer: Display: 	Number of Async Source Workers:		  0
[2024.10.04-04.51.19:046][123]LogAudio: Display: AudioDevice MaxSources: 32
[2024.10.04-04.51.19:047][123]LogAudio: Display: Using built-in audio occlusion.
[2024.10.04-04.51.19:047][123]LogAudioMixer: Display: Initializing audio mixer.
[2024.10.04-04.51.19:054][123]LogAudioMixer: Display: 0: FrontLeft
[2024.10.04-04.51.19:054][123]LogAudioMixer: Display: 1: FrontRight
[2024.10.04-04.51.19:147][123]LogAudioMixer: Display: Using Audio Device Haut-parleurs (Realtek High Definition Audio)
[2024.10.04-04.51.19:148][123]LogAudioMixer: Display: Initializing Sound Submixes...
[2024.10.04-04.51.19:148][123]LogAudioMixer: Display: Creating Master Submix 'MasterSubmixDefault'
[2024.10.04-04.51.19:148][123]LogAudioMixer: Display: Creating Master Submix 'MasterReverbSubmixDefault'
[2024.10.04-04.51.19:149][123]LogAudioMixer: Display: Creating Master Submix 'MasterEQSubmixDefault'
[2024.10.04-04.51.19:172][123]LogInit: FAudioDevice initialized.
[2024.10.04-04.51.19:186][123]LogLoad: Game class is 'BP_SMW_GameMode_C'
[2024.10.04-04.51.19:189][123]LogWorld: Bringing World /Game/Project/Maps/UEDPIE_0_MAP_2D.MAP_2D up for play (max tick rate 60) at 2024.10.04-00.51.19
[2024.10.04-04.51.19:190][123]LogWorld: Bringing up level for play took: 0.002834
[2024.10.04-04.51.19:190][123]LogOnline: OSS: Creating online subsystem instance for: :Context_8
[2024.10.04-04.51.19:193][123]PIE: Server logged in
[2024.10.04-04.51.19:194][123]PIE: Play in editor total start time 0.165 seconds.
[2024.10.04-04.51.19:199][123]LogAudio: Warning: Detected orphaned looping sound 'SC_OVERWORLD'.
[2024.10.04-04.51.20:433][195]LogTemp: Warning: Hello, n00b!
[2024.10.04-04.51.22:300][307]LogTemp: Warning: Hello, n00b!
[2024.10.04-04.51.23:581][382]LogTemp: Warning: Hello, n00b!
[2024.10.04-04.51.25:532][497]LogTemp: Warning: Hello, n00b!
[2024.10.04-04.51.27:102][590]LogTemp: Warning: Hello, n00b!
[2024.10.04-04.51.28:951][700]LogTemp: Warning: Hello, n00b!
[2024.10.04-04.51.30:169][773]LogTemp: Warning: Hello, n00b!
[2024.10.04-04.51.31:757][867]LogTemp: Warning: Hello, n00b!
[2024.10.04-04.51.32:944][936]LogTemp: Warning: Hello, n00b!
[2024.10.04-04.51.34:228][ 12]LogTemp: Warning: Hello, n00b!
[2024.10.04-04.51.35:786][105]LogTemp: Warning: Hello, n00b!
[2024.10.04-04.51.37:353][197]LogTemp: Warning: Hello, n00b!
[2024.10.04-04.51.38:550][268]LogTemp: Warning: Hello, n00b!
[2024.10.04-04.51.40:116][361]LogTemp: Warning: Hello, n00b!
[2024.10.04-04.51.41:455][440]LogTemp: Warning: Hello, n00b!
[2024.10.04-04.51.43:069][536]LogTemp: Warning: Hello, n00b!
[2024.10.04-04.51.44:808][636]LogTemp: Warning: Hello, n00b!
[2024.10.04-04.51.46:583][742]LogTemp: Warning: Hello, n00b!
[2024.10.04-04.51.48:375][849]LogTemp: Warning: Hello, n00b!
[2024.10.04-04.51.50:360][966]LogTemp: Warning: Hello, n00b!
[2024.10.04-04.51.51:562][ 36]LogTemp: Warning: Hello, n00b!
[2024.10.04-04.51.53:548][154]LogTemp: Warning: Hello, n00b!
[2024.10.04-04.51.55:306][258]LogTemp: Warning: Hello, n00b!
[2024.10.04-04.51.56:842][349]LogTemp: Warning: Hello, n00b!
[2024.10.04-04.51.58:173][428]LogTemp: Warning: Hello, n00b!
[2024.10.04-04.51.59:713][520]LogTemp: Warning: Hello, n00b!
[2024.10.04-04.52.01:673][637]LogTemp: Warning: Hello, n00b!
[2024.10.04-04.52.02:947][713]LogTemp: Warning: Hello, n00b!
[2024.10.04-04.52.04:382][798]LogTemp: Warning: Hello, n00b!
[2024.10.04-04.52.05:749][878]LogTemp: Warning: Hello, n00b!
[2024.10.04-04.52.07:354][974]LogTemp: Warning: Hello, n00b!
[2024.10.04-04.52.08:572][ 46]LogTemp: Warning: Hello, n00b!
[2024.10.04-04.52.09:609][108]LogTemp: Warning: Hello, n00b!
[2024.10.04-04.52.10:293][149]LogTemp: Warning: Hello, KOOPA
[2024.10.04-04.52.11:433][215]LogTemp: Warning: Hello, n00b!
[2024.10.04-04.52.11:970][245]LogSlate: Updating window title bar state: overlay mode, drag disabled, window buttons hidden, title bar hidden
[2024.10.04-04.52.11:970][245]LogWorld: BeginTearingDown for /Game/Project/Maps/UEDPIE_0_MAP_2D
[2024.10.04-04.52.11:970][245]LogWorld: UWorld::CleanupWorld for MAP_2D, bSessionEnded=true, bCleanupResources=true
[2024.10.04-04.52.11:971][245]LogSlate: InvalidateAllWidgets triggered.  All widgets were invalidated
[2024.10.04-04.52.11:983][245]LogPlayLevel: Display: Shutting down PIE online subsystems
[2024.10.04-04.52.11:985][245]LogSlate: InvalidateAllWidgets triggered.  All widgets were invalidated
[2024.10.04-04.52.11:993][245]LogSlate: Updating window title bar state: overlay mode, drag disabled, window buttons hidden, title bar hidden
[2024.10.04-04.52.12:023][245]LogAISub: UAISubsystem::~UAISubsystem AIPerceptionSystem (0000026EAD6E5940), frame # 21245
[2024.10.04-04.52.12:023][245]LogAISub: UAISubsystem::~UAISubsystem EnvQueryManager (0000026EAD2A4600), frame # 21245
[2024.10.04-04.52.12:024][245]LogUObjectHash: Compacting FUObjectHashTables data took   0.61ms
[2024.10.04-04.52.12:057][246]LogPlayLevel: Display: Destroying online subsystem :Context_8
[2024.10.04-04.52.39:525][923]LogSlate: Took 0.000473 seconds to synchronously load lazily loaded font '../../../Engine/Content/Slate/Fonts/Roboto-Light.ttf' (167K)
