Log file open, 07/20/20 16:44:50
LogWindows: Failed to load 'aqProf.dll' (GetLastError=126)
LogWindows: File 'aqProf.dll' does not exist
LogWindows: Failed to load 'VtuneApi.dll' (GetLastError=126)
LogWindows: File 'VtuneApi.dll' does not exist
LogWindows: Failed to load 'VtuneApi32e.dll' (GetLastError=126)
LogWindows: File 'VtuneApi32e.dll' does not exist
LogConsoleResponse: Display: Failed to find resolution value strings in scalability ini. Falling back to default.
LogInit: Display: Running engine for game: Project2D
LogPakFile: Registered encryption key '00000000000000000000000000000000': 0 pak files mounted, 0 remain pending
LogPlatformFile: Not using cached read wrapper
LogTaskGraph: Started task graph with 5 named threads and 23 total threads with 3 sets of task threads.
LogStats: Stats thread started at 0.280272
LogD3D11RHI: Loaded GFSDK_Aftermath_Lib.x64.dll
LogICUInternationalization: ICU TimeZone Detection - Raw Offset: -5:00, Platform Override: ''
LogPluginManager: Mounting plugin Paper2D
LogPluginManager: Mounting plugin AISupport
LogPluginManager: Mounting plugin LightPropagationVolume
LogPluginManager: Mounting plugin ActorLayerUtilities
LogPluginManager: Mounting plugin AnimationSharing
LogPluginManager: Mounting plugin CLionSourceCodeAccess
LogPluginManager: Mounting plugin CodeLiteSourceCodeAccess
LogPluginManager: Mounting plugin GitSourceControl
LogPluginManager: Mounting plugin KDevelopSourceCodeAccess
LogPluginManager: Mounting plugin NullSourceCodeAccess
LogPluginManager: Mounting plugin PerforceSourceControl
LogPluginManager: Mounting plugin SubversionSourceControl
LogPluginManager: Mounting plugin UObjectPlugin
LogPluginManager: Mounting plugin VisualStudioCodeSourceCodeAccess
LogPluginManager: Mounting plugin VisualStudioSourceCodeAccess
LogPluginManager: Mounting plugin XCodeSourceCodeAccess
LogPluginManager: Mounting plugin AssetManagerEditor
LogPluginManager: Mounting plugin CryptoKeys
LogPluginManager: Mounting plugin DataValidation
LogPluginManager: Mounting plugin FacialAnimation
LogPluginManager: Mounting plugin GameplayTagsEditor
LogPluginManager: Mounting plugin MacGraphicsSwitching
LogPluginManager: Mounting plugin MaterialAnalyzer
LogPluginManager: Mounting plugin MobileLauncherProfileWizard
LogPluginManager: Mounting plugin PluginBrowser
LogPluginManager: Mounting plugin SpeedTreeImporter
LogPluginManager: Mounting plugin DatasmithContent
LogPluginManager: Mounting plugin VariantManagerContent
LogPluginManager: Mounting plugin AlembicImporter
LogPluginManager: Mounting plugin AppleImageUtils
LogPluginManager: Mounting plugin AppleVision
LogPluginManager: Mounting plugin BackChannel
LogPluginManager: Mounting plugin CharacterAI
LogPluginManager: Mounting plugin GeometryCache
LogPluginManager: Mounting plugin HTML5Networking
LogPluginManager: Mounting plugin ProxyLODPlugin
LogPluginManager: Mounting plugin SkeletalReduction
LogPluginManager: Mounting plugin MagicLeap
LogPluginManager: Mounting plugin MagicLeapMedia
LogPluginManager: Mounting plugin AndroidMedia
LogPluginManager: Mounting plugin AvfMedia
LogPluginManager: Mounting plugin ImgMedia
LogPluginManager: Mounting plugin LinearTimecode
LogPluginManager: Mounting plugin MediaCompositing
LogPluginManager: Mounting plugin MediaPlayerEditor
LogPluginManager: Mounting plugin WebMMedia
LogPluginManager: Mounting plugin WmfMedia
LogPluginManager: Mounting plugin TcpMessaging
LogPluginManager: Mounting plugin UdpMessaging
LogPluginManager: Mounting plugin ActorSequence
LogPluginManager: Mounting plugin LevelSequenceEditor
LogPluginManager: Mounting plugin MatineeToLevelSequence
LogPluginManager: Mounting plugin NetcodeUnitTest
LogPluginManager: Mounting plugin NUTUnrealEngine4
LogPluginManager: Mounting plugin OnlineSubsystemGooglePlay
LogPluginManager: Mounting plugin OnlineSubsystemIOS
LogPluginManager: Mounting plugin OnlineSubsystem
LogPluginManager: Mounting plugin OnlineSubsystemNull
LogPluginManager: Mounting plugin OnlineSubsystemUtils
LogPluginManager: Mounting plugin LauncherChunkInstaller
LogPluginManager: Mounting plugin AndroidDeviceProfileSelector
LogPluginManager: Mounting plugin AndroidMoviePlayer
LogPluginManager: Mounting plugin AndroidPermission
LogPluginManager: Mounting plugin AppleMoviePlayer
LogPluginManager: Mounting plugin ArchVisCharacter
LogPluginManager: Mounting plugin AudioCapture
LogPluginManager: Mounting plugin CableComponent
LogPluginManager: Mounting plugin CustomMeshComponent
LogPluginManager: Mounting plugin EditableMesh
LogPluginManager: Mounting plugin ExampleDeviceProfileSelector
LogPluginManager: Mounting plugin Firebase
LogPluginManager: Mounting plugin GoogleCloudMessaging
LogPluginManager: Mounting plugin IOSDeviceProfileSelector
LogPluginManager: Mounting plugin LinuxDeviceProfileSelector
LogPluginManager: Mounting plugin LocationServicesBPLibrary
LogPluginManager: Mounting plugin MobilePatchingUtils
LogPluginManager: Mounting plugin OculusVR
LogPluginManager: Mounting plugin PhysXVehicles
LogPluginManager: Mounting plugin ProceduralMeshComponent
LogPluginManager: Mounting plugin RuntimePhysXCooking
LogPluginManager: Mounting plugin SignificanceManager
LogPluginManager: Mounting plugin SteamVR
LogPluginManager: Mounting plugin WebMMoviePlayer
LogPluginManager: Mounting plugin WindowsMoviePlayer
LogInit: Using libcurl 7.55.1-DEV
LogInit:  - built for x86_64-pc-win32
LogInit:  - supports SSL with OpenSSL/1.1.1
LogInit:  - supports HTTP deflate (compression) using libz 1.2.8
LogInit:  - other features:
LogInit:      CURL_VERSION_SSL
LogInit:      CURL_VERSION_LIBZ
LogInit:      CURL_VERSION_IPV6
LogInit:      CURL_VERSION_ASYNCHDNS
LogInit:      CURL_VERSION_LARGEFILE
LogInit:      CURL_VERSION_IDN
LogInit:  CurlRequestOptions (configurable via config and command line):
LogInit:  - bVerifyPeer = true  - Libcurl will verify peer certificate
LogInit:  - bUseHttpProxy = false  - Libcurl will NOT use HTTP proxy
LogInit:  - bDontReuseConnections = false  - Libcurl will reuse connections
LogInit:  - MaxHostConnections = 16  - Libcurl will limit the number of connections to a host
LogInit:  - LocalHostAddr = Default
LogInit:  - BufferSize = 65536
LogInit: WinSock: version 1.1 (2.2), MaxSocks=32767, MaxUdp=65467
LogInit: Build: ++UE4+Release-4.22-CL-7053642
LogInit: Engine Version: 4.22.3-7053642+++UE4+Release-4.22
LogInit: Compatible Engine Version: 4.22.0-5660361+++UE4+Release-4.22
LogInit: Net CL: 5660361
LogInit: OS: Windows 10 (Release 1909) (), CPU: Intel(R) Core(TM) i7-7700HQ CPU @ 2.80GHz, GPU: Intel(R) HD Graphics 630
LogInit: Compiled (64-bit): Jun 18 2019 03:09:11
LogInit: Compiled with Visual C++: 19.16.27025.01
LogInit: Build Configuration: Development
LogInit: Branch Name: ++UE4+Release-4.22
LogInit: Command Line: 
LogInit: Base Directory: D:/Programmes(x86)/Epic Games/UE_4.22/Engine/Binaries/Win64/
LogInit: Installed Engine Build: 1
LogDevObjectVersion: Number of dev versions registered: 23
LogDevObjectVersion:   Dev-Blueprints (B0D832E4-1F89-4F0D-ACCF-7EB736FD4AA2): 10
LogDevObjectVersion:   Dev-Build (E1C64328-A22C-4D53-A36C-8E866417BD8C): 0
LogDevObjectVersion:   Dev-Core (375EC13C-06E4-48FB-B500-84F0262A717E): 3
LogDevObjectVersion:   Dev-Editor (E4B068ED-F494-42E9-A231-DA0B2E46BB41): 30
LogDevObjectVersion:   Dev-Framework (CFFC743F-43B0-4480-9391-14DF171D2073): 35
LogDevObjectVersion:   Dev-Mobile (B02B49B5-BB20-44E9-A304-32B752E40360): 2
LogDevObjectVersion:   Dev-Networking (A4E4105C-59A1-49B5-A7C5-40C4547EDFEE): 0
LogDevObjectVersion:   Dev-Online (39C831C9-5AE6-47DC-9A44-9C173E1C8E7C): 0
LogDevObjectVersion:   Dev-Physics (78F01B33-EBEA-4F98-B9B4-84EACCB95AA2): 0
LogDevObjectVersion:   Dev-Platform (6631380F-2D4D-43E0-8009-CF276956A95A): 0
LogDevObjectVersion:   Dev-Rendering (12F88B9F-8875-4AFC-A67C-D90C383ABD29): 28
LogDevObjectVersion:   Dev-Sequencer (7B5AE74C-D270-4C10-A958-57980B212A5A): 11
LogDevObjectVersion:   Dev-VR (D7296918-1DD6-4BDD-9DE2-64A83CC13884): 2
LogDevObjectVersion:   Dev-LoadTimes (C2A15278-BFE7-4AFE-6C17-90FF531DF755): 1
LogDevObjectVersion:   Private-Geometry (6EACA3D4-40EC-4CC1-B786-8BED09428FC5): 3
LogDevObjectVersion:   Dev-AnimPhys (29E575DD-E0A3-4627-9D10-D276232CDCEA): 17
LogDevObjectVersion:   Dev-Anim (AF43A65D-7FD3-4947-9873-3E8ED9C1BB05): 2
LogDevObjectVersion:   Dev-ReflectionCapture (6B266CEC-1EC7-4B8F-A30B-E4D90942FC07): 1
LogDevObjectVersion:   Dev-Automation (0DF73D61-A23F-47EA-B727-89E90C41499A): 1
LogDevObjectVersion:   FortniteMain (601D1886-AC64-4F84-AA16-D3DE0DEAC7D6): 25
LogDevObjectVersion:   Dev-Enterprise (9DFFBCD6-494F-0158-E221-12823C92A888): 6
LogDevObjectVersion:   Dev-Niagara (F2AED0AC-9AFE-416F-8664-AA7FFA26D6FC): 1
LogDevObjectVersion:   Dev-Destruction (174F1F0B-B4C6-45A5-B13F-2EE8D0FB917D): 2
LogInit: Presizing for max 16777216 objects, including 0 objects not considered by GC, pre-allocating 0 bytes for permanent pool.
LogInit: Object subsystem initialized
LogConfig: Setting CVar [[con.DebugEarlyDefault:1]]
LogConfig: Setting CVar [[r.setres:1280x720]]
[2020.07.20-20.44.51:290][  0]LogConfig: Setting CVar [[r.VSync:0]]
[2020.07.20-20.44.51:290][  0]LogConfig: Setting CVar [[r.RHICmdBypass:0]]
[2020.07.20-20.44.51:290][  0]LogConfig: Applying CVar settings from Section [/Script/Engine.RendererSettings] File [D:/Programmes(x86)/Epic Games/Unreal Projects/Project2D/Saved/Config/Windows/Engine.ini]
[2020.07.20-20.44.51:290][  0]LogConfig: Setting CVar [[r.GPUCrashDebugging:0]]
[2020.07.20-20.44.51:290][  0]LogConfig: Setting CVar [[r.ForwardShading:1]]
[2020.07.20-20.44.51:290][  0]LogConfig: Setting CVar [[r.MinScreenRadiusForLights:0.000000]]
[2020.07.20-20.44.51:290][  0]LogConfig: Applying CVar settings from Section [/Script/Engine.RendererOverrideSettings] File [D:/Programmes(x86)/Epic Games/Unreal Projects/Project2D/Saved/Config/Windows/Engine.ini]
[2020.07.20-20.44.51:290][  0]LogConfig: Applying CVar settings from Section [/Script/Engine.StreamingSettings] File [D:/Programmes(x86)/Epic Games/Unreal Projects/Project2D/Saved/Config/Windows/Engine.ini]
[2020.07.20-20.44.51:290][  0]LogConfig: Setting CVar [[s.MinBulkDataSizeForAsyncLoading:131072]]
[2020.07.20-20.44.51:290][  0]LogConfig: Setting CVar [[s.AsyncLoadingThreadEnabled:0]]
[2020.07.20-20.44.51:290][  0]LogConfig: Setting CVar [[s.EventDrivenLoaderEnabled:1]]
[2020.07.20-20.44.51:290][  0]LogConfig: Setting CVar [[s.WarnIfTimeLimitExceeded:0]]
[2020.07.20-20.44.51:290][  0]LogConfig: Setting CVar [[s.TimeLimitExceededMultiplier:1.5]]
[2020.07.20-20.44.51:290][  0]LogConfig: Setting CVar [[s.TimeLimitExceededMinTime:0.005]]
[2020.07.20-20.44.51:290][  0]LogConfig: Setting CVar [[s.UseBackgroundLevelStreaming:1]]
[2020.07.20-20.44.51:290][  0]LogConfig: Setting CVar [[s.PriorityAsyncLoadingExtraTime:15.0]]
[2020.07.20-20.44.51:290][  0]LogConfig: Setting CVar [[s.LevelStreamingActorsUpdateTimeLimit:5.0]]
[2020.07.20-20.44.51:290][  0]LogConfig: Setting CVar [[s.PriorityLevelStreamingActorsUpdateExtraTime:5.0]]
[2020.07.20-20.44.51:290][  0]LogConfig: Setting CVar [[s.LevelStreamingComponentsRegistrationGranularity:10]]
[2020.07.20-20.44.51:290][  0]LogConfig: Setting CVar [[s.UnregisterComponentsTimeLimit:1.0]]
[2020.07.20-20.44.51:290][  0]LogConfig: Setting CVar [[s.LevelStreamingComponentsUnregistrationGranularity:5]]
[2020.07.20-20.44.51:290][  0]LogConfig: Applying CVar settings from Section [/Script/Engine.GarbageCollectionSettings] File [D:/Programmes(x86)/Epic Games/Unreal Projects/Project2D/Saved/Config/Windows/Engine.ini]
[2020.07.20-20.44.51:290][  0]LogConfig: Setting CVar [[gc.MaxObjectsNotConsideredByGC:1]]
[2020.07.20-20.44.51:290][  0]LogConfig: Setting CVar [[gc.SizeOfPermanentObjectPool:0]]
[2020.07.20-20.44.51:290][  0]LogConfig: Setting CVar [[gc.FlushStreamingOnGC:0]]
[2020.07.20-20.44.51:290][  0]LogConfig: Setting CVar [[gc.NumRetriesBeforeForcingGC:10]]
[2020.07.20-20.44.51:290][  0]LogConfig: Setting CVar [[gc.AllowParallelGC:1]]
[2020.07.20-20.44.51:290][  0]LogConfig: Setting CVar [[gc.TimeBetweenPurgingPendingKillObjects:61.1]]
[2020.07.20-20.44.51:290][  0]LogConfig: Setting CVar [[gc.MaxObjectsInEditor:16777216]]
[2020.07.20-20.44.51:290][  0]LogConfig: Setting CVar [[gc.IncrementalBeginDestroyEnabled:1]]
[2020.07.20-20.44.51:290][  0]LogConfig: Setting CVar [[gc.CreateGCClusters:1]]
[2020.07.20-20.44.51:290][  0]LogConfig: Setting CVar [[gc.MinGCClusterSize:5]]
[2020.07.20-20.44.51:290][  0]LogConfig: Setting CVar [[gc.ActorClusteringEnabled:0]]
[2020.07.20-20.44.51:290][  0]LogConfig: Setting CVar [[gc.BlueprintClusteringEnabled:0]]
[2020.07.20-20.44.51:290][  0]LogConfig: Setting CVar [[gc.UseDisregardForGCOnDedicatedServers:0]]
[2020.07.20-20.44.51:290][  0]LogConfig: Applying CVar settings from Section [/Script/Engine.NetworkSettings] File [D:/Programmes(x86)/Epic Games/Unreal Projects/Project2D/Saved/Config/Windows/Engine.ini]
[2020.07.20-20.44.51:290][  0]LogConfig: Applying CVar settings from Section [/Script/UnrealEd.CookerSettings] File [D:/Programmes(x86)/Epic Games/Unreal Projects/Project2D/Saved/Config/Windows/Engine.ini]
[2020.07.20-20.44.51:296][  0]LogConfig: Applying CVar settings from Section [ViewDistanceQuality@3] File [D:/Programmes(x86)/Epic Games/Unreal Projects/Project2D/Saved/Config/Windows/Scalability.ini]
[2020.07.20-20.44.51:296][  0]LogConfig: Setting CVar [[r.SkeletalMeshLODBias:0]]
[2020.07.20-20.44.51:296][  0]LogConfig: Setting CVar [[r.ViewDistanceScale:1.0]]
[2020.07.20-20.44.51:296][  0]LogConfig: Applying CVar settings from Section [AntiAliasingQuality@3] File [D:/Programmes(x86)/Epic Games/Unreal Projects/Project2D/Saved/Config/Windows/Scalability.ini]
[2020.07.20-20.44.51:296][  0]LogConfig: Setting CVar [[r.PostProcessAAQuality:4]]
[2020.07.20-20.44.51:296][  0]LogConfig: Applying CVar settings from Section [ShadowQuality@3] File [D:/Programmes(x86)/Epic Games/Unreal Projects/Project2D/Saved/Config/Windows/Scalability.ini]
[2020.07.20-20.44.51:296][  0]LogConfig: Setting CVar [[r.LightFunctionQuality:1]]
[2020.07.20-20.44.51:296][  0]LogConfig: Setting CVar [[r.ShadowQuality:5]]
[2020.07.20-20.44.51:296][  0]LogConfig: Setting CVar [[r.Shadow.CSM.MaxCascades:10]]
[2020.07.20-20.44.51:296][  0]LogConfig: Setting CVar [[r.Shadow.MaxResolution:2048]]
[2020.07.20-20.44.51:296][  0]LogConfig: Setting CVar [[r.Shadow.MaxCSMResolution:2048]]
[2020.07.20-20.44.51:296][  0]LogConfig: Setting CVar [[r.Shadow.RadiusThreshold:0.01]]
[2020.07.20-20.44.51:296][  0]LogConfig: Setting CVar [[r.Shadow.DistanceScale:1.0]]
[2020.07.20-20.44.51:296][  0]LogConfig: Setting CVar [[r.Shadow.CSM.TransitionScale:1.0]]
[2020.07.20-20.44.51:296][  0]LogConfig: Setting CVar [[r.Shadow.PreShadowResolutionFactor:1.0]]
[2020.07.20-20.44.51:296][  0]LogConfig: Setting CVar [[r.DistanceFieldShadowing:1]]
[2020.07.20-20.44.51:296][  0]LogConfig: Setting CVar [[r.DistanceFieldAO:1]]
[2020.07.20-20.44.51:296][  0]LogConfig: Setting CVar [[r.AOQuality:2]]
[2020.07.20-20.44.51:296][  0]LogConfig: Setting CVar [[r.VolumetricFog:1]]
[2020.07.20-20.44.51:296][  0]LogConfig: Setting CVar [[r.VolumetricFog.GridPixelSize:8]]
[2020.07.20-20.44.51:296][  0]LogConfig: Setting CVar [[r.VolumetricFog.GridSizeZ:128]]
[2020.07.20-20.44.51:296][  0]LogConfig: Setting CVar [[r.VolumetricFog.HistoryMissSupersampleCount:4]]
[2020.07.20-20.44.51:296][  0]LogConfig: Setting CVar [[r.LightMaxDrawDistanceScale:1]]
[2020.07.20-20.44.51:296][  0]LogConfig: Setting CVar [[r.CapsuleShadows:1]]
[2020.07.20-20.44.51:296][  0]LogConfig: Applying CVar settings from Section [PostProcessQuality@3] File [D:/Programmes(x86)/Epic Games/Unreal Projects/Project2D/Saved/Config/Windows/Scalability.ini]
[2020.07.20-20.44.51:296][  0]LogConfig: Setting CVar [[r.MotionBlurQuality:4]]
[2020.07.20-20.44.51:296][  0]LogConfig: Setting CVar [[r.AmbientOcclusionMipLevelFactor:0.4]]
[2020.07.20-20.44.51:296][  0]LogConfig: Setting CVar [[r.AmbientOcclusionMaxQuality:100]]
[2020.07.20-20.44.51:296][  0]LogConfig: Setting CVar [[r.AmbientOcclusionLevels:-1]]
[2020.07.20-20.44.51:296][  0]LogConfig: Setting CVar [[r.AmbientOcclusionRadiusScale:1.0]]
[2020.07.20-20.44.51:296][  0]LogConfig: Setting CVar [[r.DepthOfFieldQuality:2]]
[2020.07.20-20.44.51:296][  0]LogConfig: Setting CVar [[r.RenderTargetPoolMin:400]]
[2020.07.20-20.44.51:296][  0]LogConfig: Setting CVar [[r.LensFlareQuality:2]]
[2020.07.20-20.44.51:296][  0]LogConfig: Setting CVar [[r.SceneColorFringeQuality:1]]
[2020.07.20-20.44.51:296][  0]LogConfig: Setting CVar [[r.EyeAdaptationQuality:2]]
[2020.07.20-20.44.51:296][  0]LogConfig: Setting CVar [[r.BloomQuality:5]]
[2020.07.20-20.44.51:296][  0]LogConfig: Setting CVar [[r.FastBlurThreshold:100]]
[2020.07.20-20.44.51:296][  0]LogConfig: Setting CVar [[r.Upscale.Quality:3]]
[2020.07.20-20.44.51:296][  0]LogConfig: Setting CVar [[r.Tonemapper.GrainQuantization:1]]
[2020.07.20-20.44.51:296][  0]LogConfig: Setting CVar [[r.LightShaftQuality:1]]
[2020.07.20-20.44.51:296][  0]LogConfig: Setting CVar [[r.Filter.SizeScale:1]]
[2020.07.20-20.44.51:296][  0]LogConfig: Setting CVar [[r.Tonemapper.Quality:5]]
[2020.07.20-20.44.51:296][  0]LogConfig: Setting CVar [[r.DOF.Gather.AccumulatorQuality:1        ; higher gathering accumulator quality]]
[2020.07.20-20.44.51:296][  0]LogConfig: Setting CVar [[r.DOF.Gather.PostfilterMethod:1          ; Median3x3 postfilering method]]
[2020.07.20-20.44.51:296][  0]LogConfig: Setting CVar [[r.DOF.Gather.EnableBokehSettings:0       ; no bokeh simulation when gathering]]
[2020.07.20-20.44.51:296][  0]LogConfig: Setting CVar [[r.DOF.Gather.RingCount:4                 ; medium number of samples when gathering]]
[2020.07.20-20.44.51:296][  0]LogConfig: Setting CVar [[r.DOF.Scatter.ForegroundCompositing:1    ; additive foreground scattering]]
[2020.07.20-20.44.51:296][  0]LogConfig: Setting CVar [[r.DOF.Scatter.BackgroundCompositing:2    ; additive background scattering]]
[2020.07.20-20.44.51:296][  0]LogConfig: Setting CVar [[r.DOF.Scatter.EnableBokehSettings:1      ; bokeh simulation when scattering]]
[2020.07.20-20.44.51:297][  0]LogConfig: Setting CVar [[r.DOF.Scatter.MaxSpriteRatio:0.1         ; only a maximum of 10% of scattered bokeh]]
[2020.07.20-20.44.51:297][  0]LogConfig: Setting CVar [[r.DOF.Recombine.Quality:1                ; cheap slight out of focus]]
[2020.07.20-20.44.51:297][  0]LogConfig: Setting CVar [[r.DOF.Recombine.EnableBokehSettings:0    ; no bokeh simulation on slight out of focus]]
[2020.07.20-20.44.51:297][  0]LogConfig: Setting CVar [[r.DOF.TemporalAAQuality:1                ; more stable temporal accumulation]]
[2020.07.20-20.44.51:297][  0]LogConfig: Setting CVar [[r.DOF.Kernel.MaxForegroundRadius:0.025]]
[2020.07.20-20.44.51:297][  0]LogConfig: Setting CVar [[r.DOF.Kernel.MaxBackgroundRadius:0.025]]
[2020.07.20-20.44.51:297][  0]LogConfig: Applying CVar settings from Section [TextureQuality@3] File [D:/Programmes(x86)/Epic Games/Unreal Projects/Project2D/Saved/Config/Windows/Scalability.ini]
[2020.07.20-20.44.51:297][  0]LogConfig: Setting CVar [[r.Streaming.MipBias:0]]
[2020.07.20-20.44.51:297][  0]LogConfig: Setting CVar [[r.Streaming.AmortizeCPUToGPUCopy:0]]
[2020.07.20-20.44.51:297][  0]LogConfig: Setting CVar [[r.Streaming.MaxNumTexturesToStreamPerFrame:0]]
[2020.07.20-20.44.51:297][  0]LogConfig: Setting CVar [[r.Streaming.Boost:1]]
[2020.07.20-20.44.51:297][  0]LogConfig: Setting CVar [[r.MaxAnisotropy:8]]
[2020.07.20-20.44.51:297][  0]LogConfig: Setting CVar [[r.Streaming.LimitPoolSizeToVRAM:0]]
[2020.07.20-20.44.51:297][  0]LogConfig: Setting CVar [[r.Streaming.PoolSize:1000]]
[2020.07.20-20.44.51:297][  0]LogConfig: Setting CVar [[r.Streaming.MaxEffectiveScreenSize:0]]
[2020.07.20-20.44.51:297][  0]LogConfig: Applying CVar settings from Section [EffectsQuality@3] File [D:/Programmes(x86)/Epic Games/Unreal Projects/Project2D/Saved/Config/Windows/Scalability.ini]
[2020.07.20-20.44.51:297][  0]LogConfig: Setting CVar [[r.TranslucencyLightingVolumeDim:64]]
[2020.07.20-20.44.51:297][  0]LogConfig: Setting CVar [[r.RefractionQuality:2]]
[2020.07.20-20.44.51:297][  0]LogConfig: Setting CVar [[r.SSR.Quality:3]]
[2020.07.20-20.44.51:297][  0]LogConfig: Setting CVar [[r.SceneColorFormat:4]]
[2020.07.20-20.44.51:297][  0]LogConfig: Setting CVar [[r.DetailMode:2]]
[2020.07.20-20.44.51:297][  0]LogConfig: Setting CVar [[r.TranslucencyVolumeBlur:1]]
[2020.07.20-20.44.51:297][  0]LogConfig: Setting CVar [[r.MaterialQualityLevel:1 ; High quality]]
[2020.07.20-20.44.51:297][  0]LogConfig: Setting CVar [[r.SSS.Scale:1]]
[2020.07.20-20.44.51:297][  0]LogConfig: Setting CVar [[r.SSS.SampleSet:2]]
[2020.07.20-20.44.51:297][  0]LogConfig: Setting CVar [[r.SSS.Quality:1]]
[2020.07.20-20.44.51:297][  0]LogConfig: Setting CVar [[r.SSS.HalfRes:1]]
[2020.07.20-20.44.51:297][  0]LogConfig: Setting CVar [[r.EmitterSpawnRateScale:1.0]]
[2020.07.20-20.44.51:297][  0]LogConfig: Setting CVar [[r.ParticleLightQuality:2]]
[2020.07.20-20.44.51:297][  0]LogConfig: Applying CVar settings from Section [FoliageQuality@3] File [D:/Programmes(x86)/Epic Games/Unreal Projects/Project2D/Saved/Config/Windows/Scalability.ini]
[2020.07.20-20.44.51:297][  0]LogConfig: Setting CVar [[foliage.DensityScale:1.0]]
[2020.07.20-20.44.51:297][  0]LogConfig: Setting CVar [[grass.DensityScale:1.0]]
[2020.07.20-20.44.51:297][  0]LogInit: Selected Device Profile: [Windows]
[2020.07.20-20.44.51:297][  0]LogInit: Applying CVar settings loaded from the selected device profile: [Windows]
[2020.07.20-20.44.51:314][  0]LogHAL: Display: Platform has ~ 16 GB [17058197504 / 17179869184 / 16], which maps to Larger [LargestMinGB=32, LargerMinGB=12, DefaultMinGB=8, SmallerMinGB=6, SmallestMinGB=0)
[2020.07.20-20.44.51:314][  0]LogConfig: Setting CVar [[r.Vulkan.UseRealUBs:0		; Required until we fix HLR fall-out]]
[2020.07.20-20.44.51:314][  0]LogInit: Going up to parent DeviceProfile []
[2020.07.20-20.44.51:314][  0]LogConfig: Applying CVar settings from Section [ViewDistanceQuality@3] File [D:/Programmes(x86)/Epic Games/Unreal Projects/Project2D/Saved/Config/Windows/Scalability.ini]
[2020.07.20-20.44.51:314][  0]LogConfig: Setting CVar [[r.SkeletalMeshLODBias:0]]
[2020.07.20-20.44.51:314][  0]LogConfig: Setting CVar [[r.ViewDistanceScale:1.0]]
[2020.07.20-20.44.51:314][  0]LogConfig: Applying CVar settings from Section [AntiAliasingQuality@3] File [D:/Programmes(x86)/Epic Games/Unreal Projects/Project2D/Saved/Config/Windows/Scalability.ini]
[2020.07.20-20.44.51:314][  0]LogConfig: Setting CVar [[r.PostProcessAAQuality:4]]
[2020.07.20-20.44.51:314][  0]LogConfig: Applying CVar settings from Section [ShadowQuality@3] File [D:/Programmes(x86)/Epic Games/Unreal Projects/Project2D/Saved/Config/Windows/Scalability.ini]
[2020.07.20-20.44.51:314][  0]LogConfig: Setting CVar [[r.LightFunctionQuality:1]]
[2020.07.20-20.44.51:314][  0]LogConfig: Setting CVar [[r.ShadowQuality:5]]
[2020.07.20-20.44.51:314][  0]LogConfig: Setting CVar [[r.Shadow.CSM.MaxCascades:10]]
[2020.07.20-20.44.51:314][  0]LogConfig: Setting CVar [[r.Shadow.MaxResolution:2048]]
[2020.07.20-20.44.51:314][  0]LogConfig: Setting CVar [[r.Shadow.MaxCSMResolution:2048]]
[2020.07.20-20.44.51:314][  0]LogConfig: Setting CVar [[r.Shadow.RadiusThreshold:0.01]]
[2020.07.20-20.44.51:314][  0]LogConfig: Setting CVar [[r.Shadow.DistanceScale:1.0]]
[2020.07.20-20.44.51:314][  0]LogConfig: Setting CVar [[r.Shadow.CSM.TransitionScale:1.0]]
[2020.07.20-20.44.51:314][  0]LogConfig: Setting CVar [[r.Shadow.PreShadowResolutionFactor:1.0]]
[2020.07.20-20.44.51:314][  0]LogConfig: Setting CVar [[r.DistanceFieldShadowing:1]]
[2020.07.20-20.44.51:314][  0]LogConfig: Setting CVar [[r.DistanceFieldAO:1]]
[2020.07.20-20.44.51:314][  0]LogConfig: Setting CVar [[r.AOQuality:2]]
[2020.07.20-20.44.51:314][  0]LogConfig: Setting CVar [[r.VolumetricFog:1]]
[2020.07.20-20.44.51:315][  0]LogConfig: Setting CVar [[r.VolumetricFog.GridPixelSize:8]]
[2020.07.20-20.44.51:315][  0]LogConfig: Setting CVar [[r.VolumetricFog.GridSizeZ:128]]
[2020.07.20-20.44.51:315][  0]LogConfig: Setting CVar [[r.VolumetricFog.HistoryMissSupersampleCount:4]]
[2020.07.20-20.44.51:315][  0]LogConfig: Setting CVar [[r.LightMaxDrawDistanceScale:1]]
[2020.07.20-20.44.51:315][  0]LogConfig: Setting CVar [[r.CapsuleShadows:1]]
[2020.07.20-20.44.51:315][  0]LogConfig: Applying CVar settings from Section [PostProcessQuality@3] File [D:/Programmes(x86)/Epic Games/Unreal Projects/Project2D/Saved/Config/Windows/Scalability.ini]
[2020.07.20-20.44.51:315][  0]LogConfig: Setting CVar [[r.MotionBlurQuality:4]]
[2020.07.20-20.44.51:315][  0]LogConfig: Setting CVar [[r.AmbientOcclusionMipLevelFactor:0.4]]
[2020.07.20-20.44.51:315][  0]LogConfig: Setting CVar [[r.AmbientOcclusionMaxQuality:100]]
[2020.07.20-20.44.51:315][  0]LogConfig: Setting CVar [[r.AmbientOcclusionLevels:-1]]
[2020.07.20-20.44.51:315][  0]LogConfig: Setting CVar [[r.AmbientOcclusionRadiusScale:1.0]]
[2020.07.20-20.44.51:315][  0]LogConfig: Setting CVar [[r.DepthOfFieldQuality:2]]
[2020.07.20-20.44.51:315][  0]LogConfig: Setting CVar [[r.RenderTargetPoolMin:400]]
[2020.07.20-20.44.51:315][  0]LogConfig: Setting CVar [[r.LensFlareQuality:2]]
[2020.07.20-20.44.51:315][  0]LogConfig: Setting CVar [[r.SceneColorFringeQuality:1]]
[2020.07.20-20.44.51:315][  0]LogConfig: Setting CVar [[r.EyeAdaptationQuality:2]]
[2020.07.20-20.44.51:315][  0]LogConfig: Setting CVar [[r.BloomQuality:5]]
[2020.07.20-20.44.51:315][  0]LogConfig: Setting CVar [[r.FastBlurThreshold:100]]
[2020.07.20-20.44.51:315][  0]LogConfig: Setting CVar [[r.Upscale.Quality:3]]
[2020.07.20-20.44.51:315][  0]LogConfig: Setting CVar [[r.Tonemapper.GrainQuantization:1]]
[2020.07.20-20.44.51:315][  0]LogConfig: Setting CVar [[r.LightShaftQuality:1]]
[2020.07.20-20.44.51:315][  0]LogConfig: Setting CVar [[r.Filter.SizeScale:1]]
[2020.07.20-20.44.51:315][  0]LogConfig: Setting CVar [[r.Tonemapper.Quality:5]]
[2020.07.20-20.44.51:315][  0]LogConfig: Setting CVar [[r.DOF.Gather.AccumulatorQuality:1        ; higher gathering accumulator quality]]
[2020.07.20-20.44.51:315][  0]LogConfig: Setting CVar [[r.DOF.Gather.PostfilterMethod:1          ; Median3x3 postfilering method]]
[2020.07.20-20.44.51:315][  0]LogConfig: Setting CVar [[r.DOF.Gather.EnableBokehSettings:0       ; no bokeh simulation when gathering]]
[2020.07.20-20.44.51:315][  0]LogConfig: Setting CVar [[r.DOF.Gather.RingCount:4                 ; medium number of samples when gathering]]
[2020.07.20-20.44.51:315][  0]LogConfig: Setting CVar [[r.DOF.Scatter.ForegroundCompositing:1    ; additive foreground scattering]]
[2020.07.20-20.44.51:315][  0]LogConfig: Setting CVar [[r.DOF.Scatter.BackgroundCompositing:2    ; additive background scattering]]
[2020.07.20-20.44.51:315][  0]LogConfig: Setting CVar [[r.DOF.Scatter.EnableBokehSettings:1      ; bokeh simulation when scattering]]
[2020.07.20-20.44.51:315][  0]LogConfig: Setting CVar [[r.DOF.Scatter.MaxSpriteRatio:0.1         ; only a maximum of 10% of scattered bokeh]]
[2020.07.20-20.44.51:315][  0]LogConfig: Setting CVar [[r.DOF.Recombine.Quality:1                ; cheap slight out of focus]]
[2020.07.20-20.44.51:315][  0]LogConfig: Setting CVar [[r.DOF.Recombine.EnableBokehSettings:0    ; no bokeh simulation on slight out of focus]]
[2020.07.20-20.44.51:315][  0]LogConfig: Setting CVar [[r.DOF.TemporalAAQuality:1                ; more stable temporal accumulation]]
[2020.07.20-20.44.51:315][  0]LogConfig: Setting CVar [[r.DOF.Kernel.MaxForegroundRadius:0.025]]
[2020.07.20-20.44.51:315][  0]LogConfig: Setting CVar [[r.DOF.Kernel.MaxBackgroundRadius:0.025]]
[2020.07.20-20.44.51:315][  0]LogConfig: Applying CVar settings from Section [TextureQuality@3] File [D:/Programmes(x86)/Epic Games/Unreal Projects/Project2D/Saved/Config/Windows/Scalability.ini]
[2020.07.20-20.44.51:315][  0]LogConfig: Setting CVar [[r.Streaming.MipBias:0]]
[2020.07.20-20.44.51:315][  0]LogConfig: Setting CVar [[r.Streaming.AmortizeCPUToGPUCopy:0]]
[2020.07.20-20.44.51:315][  0]LogConfig: Setting CVar [[r.Streaming.MaxNumTexturesToStreamPerFrame:0]]
[2020.07.20-20.44.51:315][  0]LogConfig: Setting CVar [[r.Streaming.Boost:1]]
[2020.07.20-20.44.51:315][  0]LogConfig: Setting CVar [[r.MaxAnisotropy:8]]
[2020.07.20-20.44.51:315][  0]LogConfig: Setting CVar [[r.Streaming.LimitPoolSizeToVRAM:0]]
[2020.07.20-20.44.51:315][  0]LogConfig: Setting CVar [[r.Streaming.PoolSize:1000]]
[2020.07.20-20.44.51:315][  0]LogConfig: Setting CVar [[r.Streaming.MaxEffectiveScreenSize:0]]
[2020.07.20-20.44.51:315][  0]LogConfig: Applying CVar settings from Section [EffectsQuality@3] File [D:/Programmes(x86)/Epic Games/Unreal Projects/Project2D/Saved/Config/Windows/Scalability.ini]
[2020.07.20-20.44.51:315][  0]LogConfig: Setting CVar [[r.TranslucencyLightingVolumeDim:64]]
[2020.07.20-20.44.51:315][  0]LogConfig: Setting CVar [[r.RefractionQuality:2]]
[2020.07.20-20.44.51:315][  0]LogConfig: Setting CVar [[r.SSR.Quality:3]]
[2020.07.20-20.44.51:315][  0]LogConfig: Setting CVar [[r.SceneColorFormat:4]]
[2020.07.20-20.44.51:315][  0]LogConfig: Setting CVar [[r.DetailMode:2]]
[2020.07.20-20.44.51:315][  0]LogConfig: Setting CVar [[r.TranslucencyVolumeBlur:1]]
[2020.07.20-20.44.51:315][  0]LogConfig: Setting CVar [[r.MaterialQualityLevel:1 ; High quality]]
[2020.07.20-20.44.51:315][  0]LogConfig: Setting CVar [[r.SSS.Scale:1]]
[2020.07.20-20.44.51:315][  0]LogConfig: Setting CVar [[r.SSS.SampleSet:2]]
[2020.07.20-20.44.51:315][  0]LogConfig: Setting CVar [[r.SSS.Quality:1]]
[2020.07.20-20.44.51:315][  0]LogConfig: Setting CVar [[r.SSS.HalfRes:1]]
[2020.07.20-20.44.51:315][  0]LogConfig: Setting CVar [[r.EmitterSpawnRateScale:1.0]]
[2020.07.20-20.44.51:315][  0]LogConfig: Setting CVar [[r.ParticleLightQuality:2]]
[2020.07.20-20.44.51:316][  0]LogConfig: Applying CVar settings from Section [FoliageQuality@3] File [D:/Programmes(x86)/Epic Games/Unreal Projects/Project2D/Saved/Config/Windows/Scalability.ini]
[2020.07.20-20.44.51:316][  0]LogConfig: Setting CVar [[foliage.DensityScale:1.0]]
[2020.07.20-20.44.51:316][  0]LogConfig: Setting CVar [[grass.DensityScale:1.0]]
[2020.07.20-20.44.51:316][  0]LogConfig: Applying CVar settings from Section [Startup] File [../../../Engine/Config/ConsoleVariables.ini]
[2020.07.20-20.44.51:316][  0]LogConfig: Setting CVar [[net.UseAdaptiveNetUpdateFrequency:0]]
[2020.07.20-20.44.51:316][  0]LogConfig: Setting CVar [[p.chaos.AllowCreatePhysxBodies:1]]
[2020.07.20-20.44.51:316][  0]LogConfig: Applying CVar settings from Section [ConsoleVariables] File [D:/Programmes(x86)/Epic Games/Unreal Projects/Project2D/Saved/Config/Windows/Engine.ini]
[2020.07.20-20.44.51:316][  0]LogInit: Computer: DESKTOP-IRMJCUU
[2020.07.20-20.44.51:316][  0]LogInit: User: maxpe
[2020.07.20-20.44.51:316][  0]LogInit: CPU Page size=4096, Cores=4
[2020.07.20-20.44.51:316][  0]LogInit: High frequency timer resolution =10.000000 MHz
[2020.07.20-20.44.51:316][  0]LogMemory: Memory total: Physical=15.9GB (16GB approx)
[2020.07.20-20.44.51:316][  0]LogMemory: Platform Memory Stats for Windows
[2020.07.20-20.44.51:316][  0]LogMemory: Process Physical Memory: 98.11 MB used, 98.11 MB peak
[2020.07.20-20.44.51:316][  0]LogMemory: Process Virtual Memory: 89.17 MB used, 89.17 MB peak
[2020.07.20-20.44.51:316][  0]LogMemory: Physical Memory: 9099.69 MB used,  7168.27 MB free, 16267.96 MB total
[2020.07.20-20.44.51:316][  0]LogMemory: Virtual Memory: 4642.28 MB used,  134213088.00 MB free, 134217728.00 MB total
[2020.07.20-20.44.51:347][  0]LogInit: Using OS detected language (en-US).
[2020.07.20-20.44.51:347][  0]LogInit: Using OS detected locale (en-US).
[2020.07.20-20.44.51:348][  0]LogTextLocalizationManager: No specific localization for 'en-US' exists, so the 'en' localization will be used.
[2020.07.20-20.44.51:529][  0]LogInit: Setting process to per monitor DPI aware
[2020.07.20-20.44.51:562][  0]LogSlate: New Slate User Created.  User Index 0, Is Virtual User: 0
[2020.07.20-20.44.51:562][  0]LogSlate: Slate User Registered.  User Index 0, Is Virtual User: 0
[2020.07.20-20.44.51:847][  0]LogHMD: Failed to initialize OpenVR with code 110
[2020.07.20-20.44.51:847][  0]LogD3D11RHI: D3D11 adapters:
[2020.07.20-20.44.51:928][  0]LogD3D11RHI:    0. 'NVIDIA GeForce GTX 1050' (Feature Level 11_0)
[2020.07.20-20.44.51:928][  0]LogD3D11RHI:       4021/0/8133 MB DedicatedVideo/DedicatedSystem/SharedSystem, Outputs:2, VendorId:0x10de
[2020.07.20-20.44.51:959][  0]LogD3D11RHI:    1. 'Intel(R) HD Graphics 630' (Feature Level 11_0)
[2020.07.20-20.44.51:959][  0]LogD3D11RHI:       128/0/8133 MB DedicatedVideo/DedicatedSystem/SharedSystem, Outputs:0, VendorId:0x8086
[2020.07.20-20.44.51:962][  0]LogD3D11RHI:    2. 'Microsoft Basic Render Driver' (Feature Level 11_0)
[2020.07.20-20.44.51:962][  0]LogD3D11RHI:       0/0/8133 MB DedicatedVideo/DedicatedSystem/SharedSystem, Outputs:0, VendorId:0x1414
[2020.07.20-20.44.51:962][  0]LogD3D11RHI: Chosen D3D11 Adapter: 0
[2020.07.20-20.44.51:998][  0]LogD3D11RHI: Creating new Direct3DDevice
[2020.07.20-20.44.51:998][  0]LogD3D11RHI:     GPU DeviceId: 0x1c8d (for the marketing name, search the web for "GPU Device Id")
[2020.07.20-20.44.51:998][  0]LogWindows: EnumDisplayDevices:
[2020.07.20-20.44.51:998][  0]LogWindows:    0. 'Intel(R) HD Graphics 630' (P:1 D:1)
[2020.07.20-20.44.51:999][  0]LogWindows:    1. 'Intel(R) HD Graphics 630' (P:0 D:1)
[2020.07.20-20.44.51:999][  0]LogWindows:    2. 'Intel(R) HD Graphics 630' (P:0 D:0)
[2020.07.20-20.44.51:999][  0]LogWindows: DebugString: PrimaryIsNotTheChoosenAdapter PrimaryIsNotTheChoosenAdapter PrimaryIsNotTheChoosenAdapter FoundDriverCount:0 
[2020.07.20-20.44.51:999][  0]LogD3D11RHI:     Adapter Name: NVIDIA GeForce GTX 1050
[2020.07.20-20.44.51:999][  0]LogD3D11RHI:   Driver Version: Unknown (internal:Unknown, unified:Unknown)
[2020.07.20-20.44.52:000][  0]LogD3D11RHI:      Driver Date: Unknown
[2020.07.20-20.44.52:000][  0]LogRHI: Texture pool is 2814 MB (70% of 4021 MB)
[2020.07.20-20.44.52:056][  0]LogD3D11RHI: Async texture creation enabled
[2020.07.20-20.44.52:083][  0]LogRendererCore: FGlobalReadBuffer::InitRHI
[2020.07.20-20.44.52:084][  0]LogRendererCore: FGlobalReadBuffer::InitRHI
[2020.07.20-20.44.52:084][  0]LogRendererCore: FGlobalReadBuffer::InitRHI
[2020.07.20-20.44.52:103][  0]LogD3D11RHI: GPU Timing Frequency: 1000.000000 (Debug: 2 3)
[2020.07.20-20.44.52:459][  0]LogTemp: Display: Module 'AllDesktopTargetPlatform' loaded TargetPlatform 'AllDesktop'
[2020.07.20-20.44.52:473][  0]LogTemp: Display: Module 'MacClientTargetPlatform' loaded TargetPlatform 'MacClient'
[2020.07.20-20.44.52:488][  0]LogTemp: Display: Module 'MacNoEditorTargetPlatform' loaded TargetPlatform 'MacNoEditor'
[2020.07.20-20.44.52:501][  0]LogTemp: Display: Module 'MacServerTargetPlatform' loaded TargetPlatform 'MacServer'
[2020.07.20-20.44.52:516][  0]LogTemp: Display: Module 'MacTargetPlatform' loaded TargetPlatform 'Mac'
[2020.07.20-20.44.52:529][  0]LogTemp: Display: Module 'WindowsClientTargetPlatform' loaded TargetPlatform 'WindowsClient'
[2020.07.20-20.44.52:543][  0]LogTemp: Display: Module 'WindowsNoEditorTargetPlatform' loaded TargetPlatform 'WindowsNoEditor'
[2020.07.20-20.44.52:556][  0]LogTemp: Display: Module 'WindowsServerTargetPlatform' loaded TargetPlatform 'WindowsServer'
[2020.07.20-20.44.52:564][  0]LogTemp: Display: Module 'WindowsTargetPlatform' loaded TargetPlatform 'Windows'
[2020.07.20-20.44.52:652][  0]LogTemp: Display: Module 'AndroidTargetPlatform' loaded TargetPlatform 'Android'
[2020.07.20-20.44.52:652][  0]LogTemp: Display: Module 'AndroidTargetPlatform' loaded TargetPlatform 'Android_ASTC'
[2020.07.20-20.44.52:652][  0]LogTemp: Display: Module 'AndroidTargetPlatform' loaded TargetPlatform 'Android_ATC'
[2020.07.20-20.44.52:652][  0]LogTemp: Display: Module 'AndroidTargetPlatform' loaded TargetPlatform 'Android_DXT'
[2020.07.20-20.44.52:652][  0]LogTemp: Display: Module 'AndroidTargetPlatform' loaded TargetPlatform 'Android_ETC1'
[2020.07.20-20.44.52:652][  0]LogTemp: Display: Module 'AndroidTargetPlatform' loaded TargetPlatform 'Android_ETC1a'
[2020.07.20-20.44.52:652][  0]LogTemp: Display: Module 'AndroidTargetPlatform' loaded TargetPlatform 'Android_ETC2'
[2020.07.20-20.44.52:652][  0]LogTemp: Display: Module 'AndroidTargetPlatform' loaded TargetPlatform 'Android_PVRTC'
[2020.07.20-20.44.52:652][  0]LogTemp: Display: Module 'AndroidTargetPlatform' loaded TargetPlatform 'AndroidClient'
[2020.07.20-20.44.52:652][  0]LogTemp: Display: Module 'AndroidTargetPlatform' loaded TargetPlatform 'Android_ASTCClient'
[2020.07.20-20.44.52:652][  0]LogTemp: Display: Module 'AndroidTargetPlatform' loaded TargetPlatform 'Android_ATCClient'
[2020.07.20-20.44.52:652][  0]LogTemp: Display: Module 'AndroidTargetPlatform' loaded TargetPlatform 'Android_DXTClient'
[2020.07.20-20.44.52:652][  0]LogTemp: Display: Module 'AndroidTargetPlatform' loaded TargetPlatform 'Android_ETC1Client'
[2020.07.20-20.44.52:652][  0]LogTemp: Display: Module 'AndroidTargetPlatform' loaded TargetPlatform 'Android_ETC1aClient'
[2020.07.20-20.44.52:652][  0]LogTemp: Display: Module 'AndroidTargetPlatform' loaded TargetPlatform 'Android_ETC2Client'
[2020.07.20-20.44.52:652][  0]LogTemp: Display: Module 'AndroidTargetPlatform' loaded TargetPlatform 'Android_PVRTCClient'
[2020.07.20-20.44.52:652][  0]LogTemp: Display: Module 'AndroidTargetPlatform' loaded TargetPlatform 'Android_Multi'
[2020.07.20-20.44.52:652][  0]LogTemp: Display: Module 'AndroidTargetPlatform' loaded TargetPlatform 'Android_MultiClient'
[2020.07.20-20.44.52:654][  0]LogTemp: Display: Module 'HTML5TargetPlatform' loaded TargetPlatform 'HTML5'
[2020.07.20-20.44.52:707][  0]LogTemp: Display: Module 'IOSTargetPlatform' loaded TargetPlatform 'IOSClient'
[2020.07.20-20.44.52:707][  0]LogTemp: Display: Module 'IOSTargetPlatform' loaded TargetPlatform 'IOS'
[2020.07.20-20.44.52:732][  0]LogTemp: Display: Module 'TVOSTargetPlatform' loaded TargetPlatform 'TVOSClient'
[2020.07.20-20.44.52:732][  0]LogTemp: Display: Module 'TVOSTargetPlatform' loaded TargetPlatform 'TVOS'
[2020.07.20-20.44.52:748][  0]LogTemp: Display: Module 'LinuxClientTargetPlatform' loaded TargetPlatform 'LinuxClient'
[2020.07.20-20.44.52:761][  0]LogTemp: Display: Module 'LinuxNoEditorTargetPlatform' loaded TargetPlatform 'LinuxNoEditor'
[2020.07.20-20.44.52:775][  0]LogTemp: Display: Module 'LinuxServerTargetPlatform' loaded TargetPlatform 'LinuxServer'
[2020.07.20-20.44.52:791][  0]LogTemp: Display: Module 'LinuxTargetPlatform' loaded TargetPlatform 'Linux'
[2020.07.20-20.44.52:843][  0]LogTemp: Display: Module 'LuminTargetPlatform' loaded TargetPlatform 'Lumin'
[2020.07.20-20.44.52:843][  0]LogTemp: Display: Module 'LuminTargetPlatform' loaded TargetPlatform 'LuminClient'
[2020.07.20-20.44.52:844][  0]LogTargetPlatformManager: Display: Building Assets For Windows
[2020.07.20-20.44.52:853][  0]LogAudioDebug: Display: Lib vorbis DLL was dynamically loaded.
[2020.07.20-20.44.52:898][  0]LogShaderCompilers: Guid format shader working directory is 9 characters bigger than the processId version (../../../../Unreal Projects/Project2D/Intermediate/Shaders/WorkingDirectory/4452/).
[2020.07.20-20.44.52:898][  0]LogShaderCompilers: Cleaned the shader compiler working directory 'C:/Users/maxpe/AppData/Local/Temp/UnrealShaderWorkingDir/920F0F4344318ADCD8FE09936221E01A/'.
[2020.07.20-20.44.52:900][  0]LogXGEController: Cleaning working directory: C:/Users/maxpe/AppData/Local/Temp/UnrealXGEWorkingDir/
[2020.07.20-20.44.52:900][  0]LogXGEController: Cannot use XGE Controller as Incredibuild is not installed on this machine.
[2020.07.20-20.44.52:900][  0]LogShaderCompilers: Cannot use XGE Shader Compiler as Incredibuild is not installed on this machine.
[2020.07.20-20.44.52:900][  0]LogShaderCompilers: Display: Using Local Shader Compiler.
[2020.07.20-20.44.53:535][  0]LogDerivedDataCache: Display: Max Cache Size: 512 MB
[2020.07.20-20.44.53:596][  0]LogDerivedDataCache: Loaded boot cache 0.06s 75MB C:/Users/maxpe/AppData/Local/UnrealEngine/4.22/DerivedDataCache/Boot.ddc.
[2020.07.20-20.44.53:596][  0]LogDerivedDataCache: Display: Loaded Boot cache: C:/Users/maxpe/AppData/Local/UnrealEngine/4.22/DerivedDataCache/Boot.ddc
[2020.07.20-20.44.53:596][  0]LogDerivedDataCache: FDerivedDataBackendGraph:  Pak pak cache file ../../../../Unreal Projects/Project2D/DerivedDataCache/DDC.ddp not found, will not use a pak cache.
[2020.07.20-20.44.53:596][  0]LogDerivedDataCache: Unable to find inner node Pak for hierarchical cache Hierarchy.
[2020.07.20-20.44.53:596][  0]LogDerivedDataCache: FDerivedDataBackendGraph:  CompressedPak pak cache file ../../../../Unreal Projects/Project2D/DerivedDataCache/Compressed.ddp not found, will not use a pak cache.
[2020.07.20-20.44.53:596][  0]LogDerivedDataCache: Unable to find inner node CompressedPak for hierarchical cache Hierarchy.
[2020.07.20-20.44.53:610][  0]LogDerivedDataCache: Display: Pak cache opened for reading ../../../Engine/DerivedDataCache/Compressed.ddp.
[2020.07.20-20.44.53:610][  0]LogDerivedDataCache: FDerivedDataBackendGraph:  EnterprisePak pak cache file ../../../Enterprise/DerivedDataCache/Compressed.ddp not found, will not use a pak cache.
[2020.07.20-20.44.53:610][  0]LogDerivedDataCache: Unable to find inner node EnterprisePak for hierarchical cache Hierarchy.
[2020.07.20-20.44.53:623][  0]LogDerivedDataCache: Using Local data cache path C:/Users/maxpe/AppData/Local/UnrealEngine/Common/DerivedDataCache: Writable
[2020.07.20-20.44.53:623][  0]LogDerivedDataCache: Shared data cache path not found in *engine.ini, will not use an Shared cache.
[2020.07.20-20.44.53:623][  0]LogDerivedDataCache: Unable to find inner node Shared for hierarchical cache Hierarchy.
[2020.07.20-20.44.53:650][  0]LogMaterial: Verifying Global Shaders for PCD3D_SM5
[2020.07.20-20.44.53:651][  0]LogSlate: Using FreeType 2.6.0
[2020.07.20-20.44.53:652][  0]LogSlate: SlateFontServices - WITH_FREETYPE: 1, WITH_HARFBUZZ: 1
[2020.07.20-20.44.53:776][  0]LogAssetRegistry: FAssetRegistry took 0.0569 seconds to start up
[2020.07.20-20.44.54:136][  0]LogInit: Selected Device Profile: [Windows]
[2020.07.20-20.44.54:194][  0]LogMeshReduction: Using QuadricMeshReduction for automatic static mesh reduction
[2020.07.20-20.44.54:194][  0]LogMeshReduction: Using SimplygonMeshReduction for automatic skeletal mesh reduction
[2020.07.20-20.44.54:194][  0]LogMeshReduction: Using ProxyLODMeshReduction for automatic mesh merging
[2020.07.20-20.44.54:194][  0]LogMeshReduction: No distributed automatic mesh merging module available
[2020.07.20-20.44.54:194][  0]LogMeshMerging: No distributed automatic mesh merging module available
[2020.07.20-20.44.54:297][  0]LogNetVersion: Project2D 1.0.0, NetCL: 5660361, EngineNetVer: 10, GameNetVer: 0 (Checksum: 178207166)
[2020.07.20-20.44.54:786][  0]LogPackageLocalizationCache: Processed 10 localized package path(s) for 1 prioritized culture(s) in 0.053425 seconds
[2020.07.20-20.44.54:793][  0]LogUObjectArray: 42205 objects as part of root set at end of initial load.
[2020.07.20-20.44.54:793][  0]LogUObjectAllocator: 7325032 out of 0 bytes used by permanent object pool.
[2020.07.20-20.44.54:793][  0]LogUObjectArray: CloseDisregardForGC: 0/0 objects in disregard for GC pool
[2020.07.20-20.44.55:616][  0]LogMaterial: Display: Missing cached shader map for material BaseColor, compiling. 
[2020.07.20-20.44.55:616][  0]LogMaterial: Warning: D:\Programmes(x86)\Epic Games\UE_4.22\Engine\Content\BufferVisualization\BaseColor.uasset: Failed to compile Material for platform PCD3D_SM5, Default Material will be used in game.
[2020.07.20-20.44.55:616][  0]LogMaterial: 	(Node SceneTexture) GBuffer scene textures not available with forward shading.
[2020.07.20-20.44.55:645][  0]LogMaterial: Display: Missing cached shader map for material LightingModel, compiling. 
[2020.07.20-20.44.55:646][  0]LogMaterial: Warning: D:\Programmes(x86)\Epic Games\UE_4.22\Engine\Content\BufferVisualization\LightingModel.uasset: Failed to compile Material for platform PCD3D_SM5, Default Material will be used in game.
[2020.07.20-20.44.55:646][  0]LogMaterial: 	(Node SceneTexture) GBuffer scene textures not available with forward shading.
[2020.07.20-20.44.55:649][  0]LogMaterial: Display: Missing cached shader map for material MaterialAO, compiling. 
[2020.07.20-20.44.55:649][  0]LogMaterial: Warning: D:\Programmes(x86)\Epic Games\UE_4.22\Engine\Content\BufferVisualization\MaterialAO.uasset: Failed to compile Material for platform PCD3D_SM5, Default Material will be used in game.
[2020.07.20-20.44.55:649][  0]LogMaterial: 	(Node SceneTexture) GBuffer scene textures not available with forward shading.
[2020.07.20-20.44.55:652][  0]LogMaterial: Display: Missing cached shader map for material Metallic, compiling. 
[2020.07.20-20.44.55:653][  0]LogMaterial: Warning: D:\Programmes(x86)\Epic Games\UE_4.22\Engine\Content\BufferVisualization\Metallic.uasset: Failed to compile Material for platform PCD3D_SM5, Default Material will be used in game.
[2020.07.20-20.44.55:653][  0]LogMaterial: 	(Node SceneTexture) GBuffer scene textures not available with forward shading.
[2020.07.20-20.44.55:656][  0]LogMaterial: Display: Missing cached shader map for material Opacity, compiling. 
[2020.07.20-20.44.55:657][  0]LogMaterial: Warning: D:\Programmes(x86)\Epic Games\UE_4.22\Engine\Content\BufferVisualization\Opacity.uasset: Failed to compile Material for platform PCD3D_SM5, Default Material will be used in game.
[2020.07.20-20.44.55:657][  0]LogMaterial: 	(Node SceneTexture) GBuffer scene textures not available with forward shading.
[2020.07.20-20.44.55:660][  0]LogMaterial: Display: Missing cached shader map for material Roughness, compiling. 
[2020.07.20-20.44.55:660][  0]LogMaterial: Warning: D:\Programmes(x86)\Epic Games\UE_4.22\Engine\Content\BufferVisualization\Roughness.uasset: Failed to compile Material for platform PCD3D_SM5, Default Material will be used in game.
[2020.07.20-20.44.55:660][  0]LogMaterial: 	(Node SceneTexture) GBuffer scene textures not available with forward shading.
[2020.07.20-20.44.55:685][  0]LogMaterial: Display: Missing cached shader map for material Specular, compiling. 
[2020.07.20-20.44.55:686][  0]LogMaterial: Warning: D:\Programmes(x86)\Epic Games\UE_4.22\Engine\Content\BufferVisualization\Specular.uasset: Failed to compile Material for platform PCD3D_SM5, Default Material will be used in game.
[2020.07.20-20.44.55:686][  0]LogMaterial: 	(Node SceneTexture) GBuffer scene textures not available with forward shading.
[2020.07.20-20.44.55:689][  0]LogMaterial: Display: Missing cached shader map for material SubsurfaceColor, compiling. 
[2020.07.20-20.44.55:689][  0]LogMaterial: Warning: D:\Programmes(x86)\Epic Games\UE_4.22\Engine\Content\BufferVisualization\SubsurfaceColor.uasset: Failed to compile Material for platform PCD3D_SM5, Default Material will be used in game.
[2020.07.20-20.44.55:689][  0]LogMaterial: 	(Node SceneTexture) GBuffer scene textures not available with forward shading.
[2020.07.20-20.44.55:692][  0]LogMaterial: Display: Missing cached shader map for material WorldNormal, compiling. 
[2020.07.20-20.44.55:693][  0]LogMaterial: Warning: D:\Programmes(x86)\Epic Games\UE_4.22\Engine\Content\BufferVisualization\WorldNormal.uasset: Failed to compile Material for platform PCD3D_SM5, Default Material will be used in game.
[2020.07.20-20.44.55:693][  0]LogMaterial: 	(Node SceneTexture) GBuffer scene textures not available with forward shading.
[2020.07.20-20.44.55:716][  0]LogMaterial: Display: Missing cached shader map for material Velocity, compiling. 
[2020.07.20-20.44.55:716][  0]LogMaterial: Warning: D:\Programmes(x86)\Epic Games\UE_4.22\Engine\Content\BufferVisualization\Velocity.uasset: Failed to compile Material for platform PCD3D_SM5, Default Material will be used in game.
[2020.07.20-20.44.55:716][  0]LogMaterial: 	(Node SceneTexture) GBuffer scene textures not available with forward shading.
[2020.07.20-20.44.55:773][  0]LogTcpMessaging: Initializing TcpMessaging bridge
[2020.07.20-20.44.55:788][  0]LogUdpMessaging: Initializing bridge on interface 0.0.0.0:0 to multicast group 230.0.0.1:6666.
[2020.07.20-20.44.55:923][  0]SourceControl: Source control is disabled
[2020.07.20-20.44.55:923][  0]SourceControl: Source control is disabled
[2020.07.20-20.44.55:925][  0]SourceControl: Source control is disabled
[2020.07.20-20.44.55:926][  0]SourceControl: Source control is disabled
[2020.07.20-20.44.56:008][  0]LogAndroidPermission: UAndroidPermissionCallbackProxy::GetInstance
[2020.07.20-20.44.56:110][  0]LogOcInput: OculusInput pre-init called
[2020.07.20-20.44.57:023][  0]LogEngine: Initializing Engine...
[2020.07.20-20.44.57:024][  0]LogHMD: Failed to initialize OpenVR with code 110
[2020.07.20-20.44.57:025][  0]LogStats: UGameplayTagsManager::InitializeManager -  0.000 s
[2020.07.20-20.44.57:266][  0]LogInit: Initializing FReadOnlyCVARCache
[2020.07.20-20.44.57:280][  0]LogAIModule: Creating AISystem for world Untitled
[2020.07.20-20.44.57:315][  0]LogInit: XAudio2 using 'Haut-parleurs (Realtek High Definition Audio)' : 2 channels at 48 kHz using 32 bits per sample (channel mask 0x3)
[2020.07.20-20.44.57:388][  0]LogInit: FAudioDevice initialized.
[2020.07.20-20.44.57:388][  0]LogNetVersion: Set ProjectVersion to 1.0.0.0. Version Checksum will be recalculated on next use.
[2020.07.20-20.44.57:487][  0]LogDerivedDataCache: Saved boot cache 0.10s 75MB C:/Users/maxpe/AppData/Local/UnrealEngine/4.22/DerivedDataCache/Boot.ddc.
[2020.07.20-20.44.57:497][  0]LogInit: Texture streaming: Enabled
[2020.07.20-20.44.57:516][  0]LogEngineSessionManager: EngineSessionManager initialized
[2020.07.20-20.44.57:516][  0]LogEngineSessionManager: EngineSessionManager sent abnormal shutdown report. Type=Crashed, SessionId={245D334D-4DFA-E48B-D1C8-E3B0082B1065}
[2020.07.20-20.44.57:534][  0]LogInit: Transaction tracking system initialized
[2020.07.20-20.44.57:555][  0]BlueprintLog: New page: Editor Load
[2020.07.20-20.44.57:624][  0]LocalizationService: Localization service is disabled
[2020.07.20-20.44.57:973][  0]LogFileCache: Scanning file cache for directory 'D:/Programmes(x86)/Epic Games/Unreal Projects/Project2D/Content/' took 0.02s
[2020.07.20-20.44.57:973][  0]LogCook: Display: Max memory allowance for cook 16384mb min free memory 0mb
[2020.07.20-20.44.57:974][  0]LogCook: Display: Mobile HDR setting 1
[2020.07.20-20.44.58:155][  0]SourceControl: Source control is disabled
[2020.07.20-20.44.58:155][  0]Cmd: MAP LOAD FILE="../../../../Unreal Projects/Project2D/Content/Project/Maps/First2DWorld.umap" TEMPLATE=0 SHOWPROGRESS=1 FEATURELEVEL=3
[2020.07.20-20.44.58:155][  0]LightingResults: New page: Lighting Build
[2020.07.20-20.44.58:157][  0]MapCheck: New page: Map Check
[2020.07.20-20.44.58:157][  0]LightingResults: New page: Lighting Build
[2020.07.20-20.44.58:182][  0]LogUObjectHash: Compacting FUObjectHashTables data took   1.63ms
[2020.07.20-20.44.58:231][  0]LogAIModule: Creating AISystem for world First2DWorld
[2020.07.20-20.44.58:237][  0]LogEditorServer: Finished looking for orphan Actors (0.000 secs)
[2020.07.20-20.44.58:262][  0]LogUObjectHash: Compacting FUObjectHashTables data took   2.56ms
[2020.07.20-20.44.58:262][  0]Cmd: MAP CHECKDEP NOCLEARLOG
[2020.07.20-20.44.58:262][  0]MapCheck: Map check complete: 0 Error(s), 0 Warning(s), took 0.152ms to complete.
[2020.07.20-20.44.58:262][  0]LogFileHelpers: Loading map 'First2DWorld' took 0.108
[2020.07.20-20.44.58:395][  0]LogSlate: Updating window title bar state: overlay mode, drag disabled, window buttons hidden, title bar hidden
[2020.07.20-20.44.58:402][  0]LogSlate: Updating window title bar state: overlay mode, drag disabled, window buttons hidden, title bar hidden
[2020.07.20-20.44.58:410][  0]LogSlate: Updating window title bar state: overlay mode, drag disabled, window buttons hidden, title bar hidden
[2020.07.20-20.44.58:418][  0]LogSlate: Updating window title bar state: overlay mode, drag disabled, window buttons hidden, title bar hidden
[2020.07.20-20.44.58:423][  0]LogCollectionManager: Loaded 0 collections in 0.001183 seconds
[2020.07.20-20.44.58:469][  0]LogFileCache: Scanning file cache for directory 'D:/Programmes(x86)/Epic Games/Unreal Projects/Project2D/Saved/Collections/' took 0.01s
[2020.07.20-20.44.58:469][  0]LogFileCache: Scanning file cache for directory 'D:/Programmes(x86)/Epic Games/Unreal Projects/Project2D/Content/Developers/maxpe/Collections/' took 0.01s
[2020.07.20-20.44.58:469][  0]LogFileCache: Scanning file cache for directory 'D:/Programmes(x86)/Epic Games/Unreal Projects/Project2D/Content/Collections/' took 0.01s
[2020.07.20-20.44.58:469][  0]LogCollectionManager: Rebuilt the GUID cache for 0 collections in 0.000001 seconds
[2020.07.20-20.44.58:484][  0]LogContentBrowser: Native class hierarchy populated in 0.0143 seconds. Added 2735 classes and 661 folders.
[2020.07.20-20.44.58:492][  0]LogContentBrowser: Native class hierarchy updated for 'WidgetCarousel' in 0.0005 seconds. Added 0 classes and 0 folders.
[2020.07.20-20.44.58:494][  0]LogPakFile: Registered encryption key '00000000000000000000000000000000': 0 pak files mounted, 0 remain pending
[2020.07.20-20.44.58:495][  0]LogPakFile: Registered encryption key '00000000000000000000000000000000': 0 pak files mounted, 0 remain pending
[2020.07.20-20.44.58:496][  0]LogPakFile: Registered encryption key '00000000000000000000000000000000': 0 pak files mounted, 0 remain pending
[2020.07.20-20.44.58:497][  0]LogPakFile: Registered encryption key '00000000000000000000000000000000': 0 pak files mounted, 0 remain pending
[2020.07.20-20.44.58:497][  0]LogPakFile: Registered encryption key '00000000000000000000000000000000': 0 pak files mounted, 0 remain pending
[2020.07.20-20.44.58:498][  0]LogPakFile: Registered encryption key '00000000000000000000000000000000': 0 pak files mounted, 0 remain pending
[2020.07.20-20.44.58:499][  0]LogPakFile: Registered encryption key '00000000000000000000000000000000': 0 pak files mounted, 0 remain pending
[2020.07.20-20.44.58:500][  0]LogPakFile: Registered encryption key '00000000000000000000000000000000': 0 pak files mounted, 0 remain pending
[2020.07.20-20.44.58:501][  0]LogPakFile: Registered encryption key '00000000000000000000000000000000': 0 pak files mounted, 0 remain pending
[2020.07.20-20.44.58:501][  0]LogPakFile: Registered encryption key '00000000000000000000000000000000': 0 pak files mounted, 0 remain pending
[2020.07.20-20.44.58:502][  0]LogPakFile: Registered encryption key '00000000000000000000000000000000': 0 pak files mounted, 0 remain pending
[2020.07.20-20.44.58:503][  0]LogPakFile: Registered encryption key '00000000000000000000000000000000': 0 pak files mounted, 0 remain pending
[2020.07.20-20.44.58:504][  0]LogPakFile: Registered encryption key '00000000000000000000000000000000': 0 pak files mounted, 0 remain pending
[2020.07.20-20.44.58:504][  0]LogPakFile: Registered encryption key '00000000000000000000000000000000': 0 pak files mounted, 0 remain pending
[2020.07.20-20.44.58:505][  0]LogPakFile: Registered encryption key '00000000000000000000000000000000': 0 pak files mounted, 0 remain pending
[2020.07.20-20.44.58:506][  0]LogPakFile: Registered encryption key '00000000000000000000000000000000': 0 pak files mounted, 0 remain pending
[2020.07.20-20.44.58:507][  0]LogPakFile: Registered encryption key '00000000000000000000000000000000': 0 pak files mounted, 0 remain pending
[2020.07.20-20.44.58:507][  0]LogPakFile: Registered encryption key '00000000000000000000000000000000': 0 pak files mounted, 0 remain pending
[2020.07.20-20.44.58:508][  0]LogPakFile: Registered encryption key '00000000000000000000000000000000': 0 pak files mounted, 0 remain pending
[2020.07.20-20.44.58:509][  0]LogPakFile: Registered encryption key '00000000000000000000000000000000': 0 pak files mounted, 0 remain pending
[2020.07.20-20.44.58:510][  0]LogPakFile: Registered encryption key '00000000000000000000000000000000': 0 pak files mounted, 0 remain pending
[2020.07.20-20.44.58:510][  0]LogPakFile: Registered encryption key '00000000000000000000000000000000': 0 pak files mounted, 0 remain pending
[2020.07.20-20.44.58:511][  0]LogPakFile: Registered encryption key '00000000000000000000000000000000': 0 pak files mounted, 0 remain pending
[2020.07.20-20.44.58:512][  0]LogPakFile: Registered encryption key '00000000000000000000000000000000': 0 pak files mounted, 0 remain pending
[2020.07.20-20.44.58:513][  0]LogPakFile: Registered encryption key '00000000000000000000000000000000': 0 pak files mounted, 0 remain pending
[2020.07.20-20.44.58:514][  0]LogPakFile: Registered encryption key '00000000000000000000000000000000': 0 pak files mounted, 0 remain pending
[2020.07.20-20.44.58:564][  0]LogContentBrowser: Native class hierarchy updated for 'AddContentDialog' in 0.0005 seconds. Added 0 classes and 0 folders.
[2020.07.20-20.44.58:572][  0]LogContentBrowser: Native class hierarchy updated for 'SceneOutliner' in 0.0005 seconds. Added 1 classes and 2 folders.
[2020.07.20-20.44.58:636][  0]LogSlate: Took 0.000305 seconds to synchronously load lazily loaded font '../../../Engine/Content/Slate/Fonts/Roboto-Regular.ttf' (155K)
[2020.07.20-20.44.58:642][  0]LogSlate: Took 0.000301 seconds to synchronously load lazily loaded font '../../../Engine/Content/Slate/Fonts/Roboto-Bold.ttf' (160K)
[2020.07.20-20.44.58:644][  0]LogSlate: Took 0.000331 seconds to synchronously load lazily loaded font '../../../Engine/Content/Editor/Slate/Fonts/FontAwesome.ttf' (139K)
[2020.07.20-20.44.58:703][  0]LogRenderer: Reallocating scene render targets to support 1116x420 Format 10 NumSamples 1 (Frame:1).
[2020.07.20-20.44.58:874][  0]LogContentBrowser: Native class hierarchy updated for 'HierarchicalLODOutliner' in 0.0005 seconds. Added 0 classes and 0 folders.
[2020.07.20-20.44.58:874][  0]LogLoad: (Engine Initialization) Total time: 10.04 seconds
[2020.07.20-20.44.58:874][  0]LogLoad: (Engine Initialization) Total Blueprint compile time: 0.00 seconds
[2020.07.20-20.44.58:922][  0]LogAssetRegistry: Asset discovery search completed in 5.1766 seconds
[2020.07.20-20.44.58:924][  0]LogCollectionManager: Rebuilt the object cache for 0 collections in 0.000000 seconds (found 0 objects)
[2020.07.20-20.44.58:924][  0]LogCollectionManager: Fixed up redirectors for 0 collections in 0.000064 seconds (updated 0 objects)
[2020.07.20-20.44.58:925][  0]LogContentStreaming: Texture pool size now 1000 MB
[2020.07.20-20.44.58:970][  0]LogSlate: Took 0.000254 seconds to synchronously load lazily loaded font '../../../Engine/Content/Slate/Fonts/Roboto-Light.ttf' (167K)
[2020.07.20-20.45.00:244][  4]LogSlate: Took 0.000355 seconds to synchronously load lazily loaded font '../../../Engine/Content/Slate/Fonts/Roboto-Light.ttf' (167K)
[2020.07.20-20.45.28:219][265]LogSlate: FSceneViewport::OnFocusLost() reason 0
[2020.07.20-20.45.28:397][274]LogAssetEditorManager: Opening Asset editor for PaperTileMap /Game/Project/Art/TileMaps/PTM_Map1.PTM_Map1
[2020.07.20-20.45.28:510][274]LogAssetEditorManager: Opening Asset editor for Blueprint /Game/Project/Logic/Blueprints/BP_Mario_Character.BP_Mario_Character
[2020.07.20-20.45.28:792][274]LogContentBrowser: Native class hierarchy updated for 'BlueprintGraph' in 0.0007 seconds. Added 121 classes and 0 folders.
[2020.07.20-20.45.29:632][274]LogSlate: Took 0.000237 seconds to synchronously load lazily loaded font '../../../Engine/Content/Slate/Fonts/Roboto-BoldCondensed.ttf' (158K)
[2020.07.20-20.45.34:101][537]LogTemp: Repeating last play command: Selected Viewport
[2020.07.20-20.45.34:124][537]LogBlueprintUserMessages: Early PlayInEditor Detection: Level '/Game/Project/Maps/First2DWorld.First2DWorld:PersistentLevel' has LevelScriptBlueprint '/Game/Project/Maps/First2DWorld.First2DWorld:PersistentLevel.First2DWorld' with GeneratedClass '/Game/Project/Maps/First2DWorld.First2DWorld_C' with ClassGeneratedBy '/Game/Project/Maps/First2DWorld.First2DWorld:PersistentLevel.First2DWorld'
[2020.07.20-20.45.34:124][537]LogPlayLevel: PlayLevel: No blueprints needed recompiling
[2020.07.20-20.45.34:124][537]PIE: New page: PIE session: First2DWorld (Jul 20, 2020, 12:45:34 PM)
[2020.07.20-20.45.34:137][537]LogPlayLevel: Creating play world package: /Game/Project/Maps/UEDPIE_0_First2DWorld
[2020.07.20-20.45.34:138][537]LogPlayLevel: PIE: StaticDuplicateObject took: (0.001249s)
[2020.07.20-20.45.34:139][537]LogAIModule: Creating AISystem for world First2DWorld
[2020.07.20-20.45.34:139][537]LogPlayLevel: PIE: World Init took: (0.000553s)
[2020.07.20-20.45.34:139][537]LogPlayLevel: PIE: Created PIE world by copying editor world from /Game/Project/Maps/First2DWorld.First2DWorld to /Game/Project/Maps/UEDPIE_0_First2DWorld.First2DWorld (0.002091s)
[2020.07.20-20.45.34:173][537]LogUObjectHash: Compacting FUObjectHashTables data took   2.89ms
[2020.07.20-20.45.34:185][537]LogInit: XAudio2 using 'Haut-parleurs (Realtek High Definition Audio)' : 2 channels at 48 kHz using 32 bits per sample (channel mask 0x3)
[2020.07.20-20.45.34:248][537]LogInit: FAudioDevice initialized.
[2020.07.20-20.45.34:294][537]LogLoad: Game class is 'BP_SMW_GameMode_C'
[2020.07.20-20.45.34:295][537]LogWorld: Bringing World /Game/Project/Maps/UEDPIE_0_First2DWorld.First2DWorld up for play (max tick rate 60) at 2020.07.20-16.45.34
[2020.07.20-20.45.34:296][537]LogWorld: Bringing up level for play took: 0.001302
[2020.07.20-20.45.34:314][537]LogBlueprintActionDatabase: Requesting refresh due to module change: Voice (loaded)
[2020.07.20-20.45.34:318][537]LogBlueprintActionDatabase: Requesting refresh due to module change: MovieSceneCapture (loaded)
[2020.07.20-20.45.34:319][537]LogContentBrowser: Native class hierarchy updated for 'MovieSceneCapture' in 0.0011 seconds. Added 20 classes and 0 folders.
[2020.07.20-20.45.34:321][537]PIE: Play in editor start time for /Game/Project/Maps/UEDPIE_0_First2DWorld -0.418
[2020.07.20-20.45.34:322][537]LogBlueprintUserMessages: Late PlayInEditor Detection: Level '/Game/Project/Maps/First2DWorld.First2DWorld:PersistentLevel' has LevelScriptBlueprint '/Game/Project/Maps/First2DWorld.First2DWorld:PersistentLevel.First2DWorld' with GeneratedClass '/Game/Project/Maps/First2DWorld.First2DWorld_C' with ClassGeneratedBy '/Game/Project/Maps/First2DWorld.First2DWorld:PersistentLevel.First2DWorld'
[2020.07.20-20.45.37:252][589]LogWindows: Error: === Critical error: ===
[2020.07.20-20.45.37:252][589]LogWindows: Error: 
[2020.07.20-20.45.37:252][589]LogWindows: Error: Fatal error!
[2020.07.20-20.45.37:252][589]LogWindows: Error: 
[2020.07.20-20.45.37:252][589]LogWindows: Error: Unhandled Exception: EXCEPTION_STACK_OVERFLOW
[2020.07.20-20.45.37:252][589]LogWindows: Error: 
[2020.07.20-20.45.37:252][589]LogWindows: Error: [Callstack] 0x00007ffc6a46443c UE4Editor-Project2D-5792.dll!AProject2DCharacter::Jump() [D:\Programmes(x86)\Epic Games\Unreal Projects\Project2D\Source\Project2D\Project2DCharacter.cpp:149]
[2020.07.20-20.45.37:252][589]LogWindows: Error: [Callstack] 0x00007ffc6a464442 UE4Editor-Project2D-5792.dll!AProject2DCharacter::Jump() [D:\Programmes(x86)\Epic Games\Unreal Projects\Project2D\Source\Project2D\Project2DCharacter.cpp:150]
[2020.07.20-20.45.37:252][589]LogWindows: Error: [Callstack] 0x00007ffc6a464442 UE4Editor-Project2D-5792.dll!AProject2DCharacter::Jump() [D:\Programmes(x86)\Epic Games\Unreal Projects\Project2D\Source\Project2D\Project2DCharacter.cpp:150]
[2020.07.20-20.45.37:252][589]LogWindows: Error: [Callstack] 0x00007ffc6a464442 UE4Editor-Project2D-5792.dll!AProject2DCharacter::Jump() [D:\Programmes(x86)\Epic Games\Unreal Projects\Project2D\Source\Project2D\Project2DCharacter.cpp:150]
[2020.07.20-20.45.37:252][589]LogWindows: Error: [Callstack] 0x00007ffc6a464442 UE4Editor-Project2D-5792.dll!AProject2DCharacter::Jump() [D:\Programmes(x86)\Epic Games\Unreal Projects\Project2D\Source\Project2D\Project2DCharacter.cpp:150]
[2020.07.20-20.45.37:252][589]LogWindows: Error: [Callstack] 0x00007ffc6a464442 UE4Editor-Project2D-5792.dll!AProject2DCharacter::Jump() [D:\Programmes(x86)\Epic Games\Unreal Projects\Project2D\Source\Project2D\Project2DCharacter.cpp:150]
[2020.07.20-20.45.37:252][589]LogWindows: Error: [Callstack] 0x00007ffc6a464442 UE4Editor-Project2D-5792.dll!AProject2DCharacter::Jump() [D:\Programmes(x86)\Epic Games\Unreal Projects\Project2D\Source\Project2D\Project2DCharacter.cpp:150]
[2020.07.20-20.45.37:252][589]LogWindows: Error: [Callstack] 0x00007ffc6a464442 UE4Editor-Project2D-5792.dll!AProject2DCharacter::Jump() [D:\Programmes(x86)\Epic Games\Unreal Projects\Project2D\Source\Project2D\Project2DCharacter.cpp:150]
[2020.07.20-20.45.37:252][589]LogWindows: Error: [Callstack] 0x00007ffc6a464442 UE4Editor-Project2D-5792.dll!AProject2DCharacter::Jump() [D:\Programmes(x86)\Epic Games\Unreal Projects\Project2D\Source\Project2D\Project2DCharacter.cpp:150]
[2020.07.20-20.45.37:252][589]LogWindows: Error: [Callstack] 0x00007ffc6a464442 UE4Editor-Project2D-5792.dll!AProject2DCharacter::Jump() [D:\Programmes(x86)\Epic Games\Unreal Projects\Project2D\Source\Project2D\Project2DCharacter.cpp:150]
[2020.07.20-20.45.37:252][589]LogWindows: Error: [Callstack] 0x00007ffc6a464442 UE4Editor-Project2D-5792.dll!AProject2DCharacter::Jump() [D:\Programmes(x86)\Epic Games\Unreal Projects\Project2D\Source\Project2D\Project2DCharacter.cpp:150]
[2020.07.20-20.45.37:252][589]LogWindows: Error: [Callstack] 0x00007ffc6a464442 UE4Editor-Project2D-5792.dll!AProject2DCharacter::Jump() [D:\Programmes(x86)\Epic Games\Unreal Projects\Project2D\Source\Project2D\Project2DCharacter.cpp:150]
[2020.07.20-20.45.37:252][589]LogWindows: Error: [Callstack] 0x00007ffc6a464442 UE4Editor-Project2D-5792.dll!AProject2DCharacter::Jump() [D:\Programmes(x86)\Epic Games\Unreal Projects\Project2D\Source\Project2D\Project2DCharacter.cpp:150]
[2020.07.20-20.45.37:252][589]LogWindows: Error: [Callstack] 0x00007ffc6a464442 UE4Editor-Project2D-5792.dll!AProject2DCharacter::Jump() [D:\Programmes(x86)\Epic Games\Unreal Projects\Project2D\Source\Project2D\Project2DCharacter.cpp:150]
[2020.07.20-20.45.37:252][589]LogWindows: Error: [Callstack] 0x00007ffc6a464442 UE4Editor-Project2D-5792.dll!AProject2DCharacter::Jump() [D:\Programmes(x86)\Epic Games\Unreal Projects\Project2D\Source\Project2D\Project2DCharacter.cpp:150]
[2020.07.20-20.45.37:252][589]LogWindows: Error: [Callstack] 0x00007ffc6a464442 UE4Editor-Project2D-5792.dll!AProject2DCharacter::Jump() [D:\Programmes(x86)\Epic Games\Unreal Projects\Project2D\Source\Project2D\Project2DCharacter.cpp:150]
[2020.07.20-20.45.37:252][589]LogWindows: Error: [Callstack] 0x00007ffc6a464442 UE4Editor-Project2D-5792.dll!AProject2DCharacter::Jump() [D:\Programmes(x86)\Epic Games\Unreal Projects\Project2D\Source\Project2D\Project2DCharacter.cpp:150]
[2020.07.20-20.45.37:252][589]LogWindows: Error: [Callstack] 0x00007ffc6a464442 UE4Editor-Project2D-5792.dll!AProject2DCharacter::Jump() [D:\Programmes(x86)\Epic Games\Unreal Projects\Project2D\Source\Project2D\Project2DCharacter.cpp:150]
[2020.07.20-20.45.37:253][589]LogWindows: Error: [Callstack] 0x00007ffc6a464442 UE4Editor-Project2D-5792.dll!AProject2DCharacter::Jump() [D:\Programmes(x86)\Epic Games\Unreal Projects\Project2D\Source\Project2D\Project2DCharacter.cpp:150]
[2020.07.20-20.45.37:253][589]LogWindows: Error: [Callstack] 0x00007ffc6a464442 UE4Editor-Project2D-5792.dll!AProject2DCharacter::Jump() [D:\Programmes(x86)\Epic Games\Unreal Projects\Project2D\Source\Project2D\Project2DCharacter.cpp:150]
[2020.07.20-20.45.37:253][589]LogWindows: Error: [Callstack] 0x00007ffc6a464442 UE4Editor-Project2D-5792.dll!AProject2DCharacter::Jump() [D:\Programmes(x86)\Epic Games\Unreal Projects\Project2D\Source\Project2D\Project2DCharacter.cpp:150]
[2020.07.20-20.45.37:253][589]LogWindows: Error: [Callstack] 0x00007ffc6a464442 UE4Editor-Project2D-5792.dll!AProject2DCharacter::Jump() [D:\Programmes(x86)\Epic Games\Unreal Projects\Project2D\Source\Project2D\Project2DCharacter.cpp:150]
[2020.07.20-20.45.37:253][589]LogWindows: Error: [Callstack] 0x00007ffc6a464442 UE4Editor-Project2D-5792.dll!AProject2DCharacter::Jump() [D:\Programmes(x86)\Epic Games\Unreal Projects\Project2D\Source\Project2D\Project2DCharacter.cpp:150]
[2020.07.20-20.45.37:253][589]LogWindows: Error: [Callstack] 0x00007ffc6a464442 UE4Editor-Project2D-5792.dll!AProject2DCharacter::Jump() [D:\Programmes(x86)\Epic Games\Unreal Projects\Project2D\Source\Project2D\Project2DCharacter.cpp:150]
[2020.07.20-20.45.37:253][589]LogWindows: Error: [Callstack] 0x00007ffc6a464442 UE4Editor-Project2D-5792.dll!AProject2DCharacter::Jump() [D:\Programmes(x86)\Epic Games\Unreal Projects\Project2D\Source\Project2D\Project2DCharacter.cpp:150]
[2020.07.20-20.45.37:253][589]LogWindows: Error: [Callstack] 0x00007ffc6a464442 UE4Editor-Project2D-5792.dll!AProject2DCharacter::Jump() [D:\Programmes(x86)\Epic Games\Unreal Projects\Project2D\Source\Project2D\Project2DCharacter.cpp:150]
[2020.07.20-20.45.37:253][589]LogWindows: Error: [Callstack] 0x00007ffc6a464442 UE4Editor-Project2D-5792.dll!AProject2DCharacter::Jump() [D:\Programmes(x86)\Epic Games\Unreal Projects\Project2D\Source\Project2D\Project2DCharacter.cpp:150]
[2020.07.20-20.45.37:253][589]LogWindows: Error: [Callstack] 0x00007ffc6a464442 UE4Editor-Project2D-5792.dll!AProject2DCharacter::Jump() [D:\Programmes(x86)\Epic Games\Unreal Projects\Project2D\Source\Project2D\Project2DCharacter.cpp:150]
[2020.07.20-20.45.37:253][589]LogWindows: Error: [Callstack] 0x00007ffc6a464442 UE4Editor-Project2D-5792.dll!AProject2DCharacter::Jump() [D:\Programmes(x86)\Epic Games\Unreal Projects\Project2D\Source\Project2D\Project2DCharacter.cpp:150]
[2020.07.20-20.45.37:253][589]LogWindows: Error: [Callstack] 0x00007ffc6a464442 UE4Editor-Project2D-5792.dll!AProject2DCharacter::Jump() [D:\Programmes(x86)\Epic Games\Unreal Projects\Project2D\Source\Project2D\Project2DCharacter.cpp:150]
[2020.07.20-20.45.37:253][589]LogWindows: Error: [Callstack] 0x00007ffc6a464442 UE4Editor-Project2D-5792.dll!AProject2DCharacter::Jump() [D:\Programmes(x86)\Epic Games\Unreal Projects\Project2D\Source\Project2D\Project2DCharacter.cpp:150]
[2020.07.20-20.45.37:253][589]LogWindows: Error: [Callstack] 0x00007ffc6a464442 UE4Editor-Project2D-5792.dll!AProject2DCharacter::Jump() [D:\Programmes(x86)\Epic Games\Unreal Projects\Project2D\Source\Project2D\Project2DCharacter.cpp:150]
[2020.07.20-20.45.37:253][589]LogWindows: Error: [Callstack] 0x00007ffc6a464442 UE4Editor-Project2D-5792.dll!AProject2DCharacter::Jump() [D:\Programmes(x86)\Epic Games\Unreal Projects\Project2D\Source\Project2D\Project2DCharacter.cpp:150]
[2020.07.20-20.45.37:253][589]LogWindows: Error: [Callstack] 0x00007ffc6a464442 UE4Editor-Project2D-5792.dll!AProject2DCharacter::Jump() [D:\Programmes(x86)\Epic Games\Unreal Projects\Project2D\Source\Project2D\Project2DCharacter.cpp:150]
[2020.07.20-20.45.37:253][589]LogWindows: Error: [Callstack] 0x00007ffc6a464442 UE4Editor-Project2D-5792.dll!AProject2DCharacter::Jump() [D:\Programmes(x86)\Epic Games\Unreal Projects\Project2D\Source\Project2D\Project2DCharacter.cpp:150]
[2020.07.20-20.45.37:253][589]LogWindows: Error: [Callstack] 0x00007ffc6a464442 UE4Editor-Project2D-5792.dll!AProject2DCharacter::Jump() [D:\Programmes(x86)\Epic Games\Unreal Projects\Project2D\Source\Project2D\Project2DCharacter.cpp:150]
[2020.07.20-20.45.37:253][589]LogWindows: Error: [Callstack] 0x00007ffc6a464442 UE4Editor-Project2D-5792.dll!AProject2DCharacter::Jump() [D:\Programmes(x86)\Epic Games\Unreal Projects\Project2D\Source\Project2D\Project2DCharacter.cpp:150]
[2020.07.20-20.45.37:253][589]LogWindows: Error: [Callstack] 0x00007ffc6a464442 UE4Editor-Project2D-5792.dll!AProject2DCharacter::Jump() [D:\Programmes(x86)\Epic Games\Unreal Projects\Project2D\Source\Project2D\Project2DCharacter.cpp:150]
[2020.07.20-20.45.37:253][589]LogWindows: Error: [Callstack] 0x00007ffc6a464442 UE4Editor-Project2D-5792.dll!AProject2DCharacter::Jump() [D:\Programmes(x86)\Epic Games\Unreal Projects\Project2D\Source\Project2D\Project2DCharacter.cpp:150]
[2020.07.20-20.45.37:253][589]LogWindows: Error: [Callstack] 0x00007ffc6a464442 UE4Editor-Project2D-5792.dll!AProject2DCharacter::Jump() [D:\Programmes(x86)\Epic Games\Unreal Projects\Project2D\Source\Project2D\Project2DCharacter.cpp:150]
[2020.07.20-20.45.37:253][589]LogWindows: Error: [Callstack] 0x00007ffc6a464442 UE4Editor-Project2D-5792.dll!AProject2DCharacter::Jump() [D:\Programmes(x86)\Epic Games\Unreal Projects\Project2D\Source\Project2D\Project2DCharacter.cpp:150]
[2020.07.20-20.45.37:253][589]LogWindows: Error: [Callstack] 0x00007ffc6a464442 UE4Editor-Project2D-5792.dll!AProject2DCharacter::Jump() [D:\Programmes(x86)\Epic Games\Unreal Projects\Project2D\Source\Project2D\Project2DCharacter.cpp:150]
[2020.07.20-20.45.37:253][589]LogWindows: Error: [Callstack] 0x00007ffc6a464442 UE4Editor-Project2D-5792.dll!AProject2DCharacter::Jump() [D:\Programmes(x86)\Epic Games\Unreal Projects\Project2D\Source\Project2D\Project2DCharacter.cpp:150]
[2020.07.20-20.45.37:253][589]LogWindows: Error: [Callstack] 0x00007ffc6a464442 UE4Editor-Project2D-5792.dll!AProject2DCharacter::Jump() [D:\Programmes(x86)\Epic Games\Unreal Projects\Project2D\Source\Project2D\Project2DCharacter.cpp:150]
[2020.07.20-20.45.37:253][589]LogWindows: Error: [Callstack] 0x00007ffc6a464442 UE4Editor-Project2D-5792.dll!AProject2DCharacter::Jump() [D:\Programmes(x86)\Epic Games\Unreal Projects\Project2D\Source\Project2D\Project2DCharacter.cpp:150]
[2020.07.20-20.45.37:253][589]LogWindows: Error: [Callstack] 0x00007ffc6a464442 UE4Editor-Project2D-5792.dll!AProject2DCharacter::Jump() [D:\Programmes(x86)\Epic Games\Unreal Projects\Project2D\Source\Project2D\Project2DCharacter.cpp:150]
[2020.07.20-20.45.37:253][589]LogWindows: Error: [Callstack] 0x00007ffc6a464442 UE4Editor-Project2D-5792.dll!AProject2DCharacter::Jump() [D:\Programmes(x86)\Epic Games\Unreal Projects\Project2D\Source\Project2D\Project2DCharacter.cpp:150]
[2020.07.20-20.45.37:253][589]LogWindows: Error: [Callstack] 0x00007ffc6a464442 UE4Editor-Project2D-5792.dll!AProject2DCharacter::Jump() [D:\Programmes(x86)\Epic Games\Unreal Projects\Project2D\Source\Project2D\Project2DCharacter.cpp:150]
[2020.07.20-20.45.37:253][589]LogWindows: Error: [Callstack] 0x00007ffc6a464442 UE4Editor-Project2D-5792.dll!AProject2DCharacter::Jump() [D:\Programmes(x86)\Epic Games\Unreal Projects\Project2D\Source\Project2D\Project2DCharacter.cpp:150]
[2020.07.20-20.45.37:253][589]LogWindows: Error: [Callstack] 0x00007ffc6a464442 UE4Editor-Project2D-5792.dll!AProject2DCharacter::Jump() [D:\Programmes(x86)\Epic Games\Unreal Projects\Project2D\Source\Project2D\Project2DCharacter.cpp:150]
[2020.07.20-20.45.37:253][589]LogWindows: Error: [Callstack] 0x00007ffc6a464442 UE4Editor-Project2D-5792.dll!AProject2DCharacter::Jump() [D:\Programmes(x86)\Epic Games\Unreal Projects\Project2D\Source\Project2D\Project2DCharacter.cpp:150]
[2020.07.20-20.45.37:253][589]LogWindows: Error: [Callstack] 0x00007ffc6a464442 UE4Editor-Project2D-5792.dll!AProject2DCharacter::Jump() [D:\Programmes(x86)\Epic Games\Unreal Projects\Project2D\Source\Project2D\Project2DCharacter.cpp:150]
[2020.07.20-20.45.37:253][589]LogWindows: Error: [Callstack] 0x00007ffc6a464442 UE4Editor-Project2D-5792.dll!AProject2DCharacter::Jump() [D:\Programmes(x86)\Epic Games\Unreal Projects\Project2D\Source\Project2D\Project2DCharacter.cpp:150]
[2020.07.20-20.45.37:253][589]LogWindows: Error: [Callstack] 0x00007ffc6a464442 UE4Editor-Project2D-5792.dll!AProject2DCharacter::Jump() [D:\Programmes(x86)\Epic Games\Unreal Projects\Project2D\Source\Project2D\Project2DCharacter.cpp:150]
[2020.07.20-20.45.37:253][589]LogWindows: Error: [Callstack] 0x00007ffc6a464442 UE4Editor-Project2D-5792.dll!AProject2DCharacter::Jump() [D:\Programmes(x86)\Epic Games\Unreal Projects\Project2D\Source\Project2D\Project2DCharacter.cpp:150]
[2020.07.20-20.45.37:253][589]LogWindows: Error: [Callstack] 0x00007ffc6a464442 UE4Editor-Project2D-5792.dll!AProject2DCharacter::Jump() [D:\Programmes(x86)\Epic Games\Unreal Projects\Project2D\Source\Project2D\Project2DCharacter.cpp:150]
[2020.07.20-20.45.37:253][589]LogWindows: Error: [Callstack] 0x00007ffc6a464442 UE4Editor-Project2D-5792.dll!AProject2DCharacter::Jump() [D:\Programmes(x86)\Epic Games\Unreal Projects\Project2D\Source\Project2D\Project2DCharacter.cpp:150]
[2020.07.20-20.45.37:253][589]LogWindows: Error: [Callstack] 0x00007ffc6a464442 UE4Editor-Project2D-5792.dll!AProject2DCharacter::Jump() [D:\Programmes(x86)\Epic Games\Unreal Projects\Project2D\Source\Project2D\Project2DCharacter.cpp:150]
[2020.07.20-20.45.37:253][589]LogWindows: Error: [Callstack] 0x00007ffc6a464442 UE4Editor-Project2D-5792.dll!AProject2DCharacter::Jump() [D:\Programmes(x86)\Epic Games\Unreal Projects\Project2D\Source\Project2D\Project2DCharacter.cpp:150]
[2020.07.20-20.45.37:253][589]LogWindows: Error: [Callstack] 0x00007ffc6a464442 UE4Editor-Project2D-5792.dll!AProject2DCharacter::Jump() [D:\Programmes(x86)\Epic Games\Unreal Projects\Project2D\Source\Project2D\Project2DCharacter.cpp:150]
[2020.07.20-20.45.37:253][589]LogWindows: Error: [Callstack] 0x00007ffc6a464442 UE4Editor-Project2D-5792.dll!AProject2DCharacter::Jump() [D:\Programmes(x86)\Epic Games\Unreal Projects\Project2D\Source\Project2D\Project2DCharacter.cpp:150]
[2020.07.20-20.45.37:253][589]LogWindows: Error: [Callstack] 0x00007ffc6a464442 UE4Editor-Project2D-5792.dll!AProject2DCharacter::Jump() [D:\Programmes(x86)\Epic Games\Unreal Projects\Project2D\Source\Project2D\Project2DCharacter.cpp:150]
[2020.07.20-20.45.37:253][589]LogWindows: Error: [Callstack] 0x00007ffc6a464442 UE4Editor-Project2D-5792.dll!AProject2DCharacter::Jump() [D:\Programmes(x86)\Epic Games\Unreal Projects\Project2D\Source\Project2D\Project2DCharacter.cpp:150]
[2020.07.20-20.45.37:253][589]LogWindows: Error: [Callstack] 0x00007ffc6a464442 UE4Editor-Project2D-5792.dll!AProject2DCharacter::Jump() [D:\Programmes(x86)\Epic Games\Unreal Projects\Project2D\Source\Project2D\Project2DCharacter.cpp:150]
[2020.07.20-20.45.37:253][589]LogWindows: Error: [Callstack] 0x00007ffc6a464442 UE4Editor-Project2D-5792.dll!AProject2DCharacter::Jump() [D:\Programmes(x86)\Epic Games\Unreal Projects\Project2D\Source\Project2D\Project2DCharacter.cpp:150]
[2020.07.20-20.45.37:253][589]LogWindows: Error: [Callstack] 0x00007ffc6a464442 UE4Editor-Project2D-5792.dll!AProject2DCharacter::Jump() [D:\Programmes(x86)\Epic Games\Unreal Projects\Project2D\Source\Project2D\Project2DCharacter.cpp:150]
[2020.07.20-20.45.37:253][589]LogWindows: Error: [Callstack] 0x00007ffc6a464442 UE4Editor-Project2D-5792.dll!AProject2DCharacter::Jump() [D:\Programmes(x86)\Epic Games\Unreal Projects\Project2D\Source\Project2D\Project2DCharacter.cpp:150]
[2020.07.20-20.45.37:253][589]LogWindows: Error: [Callstack] 0x00007ffc6a464442 UE4Editor-Project2D-5792.dll!AProject2DCharacter::Jump() [D:\Programmes(x86)\Epic Games\Unreal Projects\Project2D\Source\Project2D\Project2DCharacter.cpp:150]
[2020.07.20-20.45.37:253][589]LogWindows: Error: [Callstack] 0x00007ffc6a464442 UE4Editor-Project2D-5792.dll!AProject2DCharacter::Jump() [D:\Programmes(x86)\Epic Games\Unreal Projects\Project2D\Source\Project2D\Project2DCharacter.cpp:150]
[2020.07.20-20.45.37:253][589]LogWindows: Error: [Callstack] 0x00007ffc6a464442 UE4Editor-Project2D-5792.dll!AProject2DCharacter::Jump() [D:\Programmes(x86)\Epic Games\Unreal Projects\Project2D\Source\Project2D\Project2DCharacter.cpp:150]
[2020.07.20-20.45.37:253][589]LogWindows: Error: [Callstack] 0x00007ffc6a464442 UE4Editor-Project2D-5792.dll!AProject2DCharacter::Jump() [D:\Programmes(x86)\Epic Games\Unreal Projects\Project2D\Source\Project2D\Project2DCharacter.cpp:150]
[2020.07.20-20.45.37:253][589]LogWindows: Error: [Callstack] 0x00007ffc6a464442 UE4Editor-Project2D-5792.dll!AProject2DCharacter::Jump() [D:\Programmes(x86)\Epic Games\Unreal Projects\Project2D\Source\Project2D\Project2DCharacter.cpp:150]
[2020.07.20-20.45.37:253][589]LogWindows: Error: [Callstack] 0x00007ffc6a464442 UE4Editor-Project2D-5792.dll!AProject2DCharacter::Jump() [D:\Programmes(x86)\Epic Games\Unreal Projects\Project2D\Source\Project2D\Project2DCharacter.cpp:150]
[2020.07.20-20.45.37:253][589]LogWindows: Error: [Callstack] 0x00007ffc6a464442 UE4Editor-Project2D-5792.dll!AProject2DCharacter::Jump() [D:\Programmes(x86)\Epic Games\Unreal Projects\Project2D\Source\Project2D\Project2DCharacter.cpp:150]
[2020.07.20-20.45.37:253][589]LogWindows: Error: [Callstack] 0x00007ffc6a464442 UE4Editor-Project2D-5792.dll!AProject2DCharacter::Jump() [D:\Programmes(x86)\Epic Games\Unreal Projects\Project2D\Source\Project2D\Project2DCharacter.cpp:150]
[2020.07.20-20.45.37:253][589]LogWindows: Error: [Callstack] 0x00007ffc6a464442 UE4Editor-Project2D-5792.dll!AProject2DCharacter::Jump() [D:\Programmes(x86)\Epic Games\Unreal Projects\Project2D\Source\Project2D\Project2DCharacter.cpp:150]
[2020.07.20-20.45.37:253][589]LogWindows: Error: [Callstack] 0x00007ffc6a464442 UE4Editor-Project2D-5792.dll!AProject2DCharacter::Jump() [D:\Programmes(x86)\Epic Games\Unreal Projects\Project2D\Source\Project2D\Project2DCharacter.cpp:150]
[2020.07.20-20.45.37:253][589]LogWindows: Error: [Callstack] 0x00007ffc6a464442 UE4Editor-Project2D-5792.dll!AProject2DCharacter::Jump() [D:\Programmes(x86)\Epic Games\Unreal Projects\Project2D\Source\Project2D\Project2DCharacter.cpp:150]
[2020.07.20-20.45.37:253][589]LogWindows: Error: [Callstack] 0x00007ffc6a464442 UE4Editor-Project2D-5792.dll!AProject2DCharacter::Jump() [D:\Programmes(x86)\Epic Games\Unreal Projects\Project2D\Source\Project2D\Project2DCharacter.cpp:150]
[2020.07.20-20.45.37:253][589]LogWindows: Error: [Callstack] 0x00007ffc6a464442 UE4Editor-Project2D-5792.dll!AProject2DCharacter::Jump() [D:\Programmes(x86)\Epic Games\Unreal Projects\Project2D\Source\Project2D\Project2DCharacter.cpp:150]
[2020.07.20-20.45.37:253][589]LogWindows: Error: [Callstack] 0x00007ffc6a464442 UE4Editor-Project2D-5792.dll!AProject2DCharacter::Jump() [D:\Programmes(x86)\Epic Games\Unreal Projects\Project2D\Source\Project2D\Project2DCharacter.cpp:150]
[2020.07.20-20.45.37:253][589]LogWindows: Error: [Callstack] 0x00007ffc6a464442 UE4Editor-Project2D-5792.dll!AProject2DCharacter::Jump() [D:\Programmes(x86)\Epic Games\Unreal Projects\Project2D\Source\Project2D\Project2DCharacter.cpp:150]
[2020.07.20-20.45.37:253][589]LogWindows: Error: [Callstack] 0x00007ffc6a464442 UE4Editor-Project2D-5792.dll!AProject2DCharacter::Jump() [D:\Programmes(x86)\Epic Games\Unreal Projects\Project2D\Source\Project2D\Project2DCharacter.cpp:150]
[2020.07.20-20.45.37:253][589]LogWindows: Error: [Callstack] 0x00007ffc6a464442 UE4Editor-Project2D-5792.dll!AProject2DCharacter::Jump() [D:\Programmes(x86)\Epic Games\Unreal Projects\Project2D\Source\Project2D\Project2DCharacter.cpp:150]
[2020.07.20-20.45.37:253][589]LogWindows: Error: [Callstack] 0x00007ffc6a464442 UE4Editor-Project2D-5792.dll!AProject2DCharacter::Jump() [D:\Programmes(x86)\Epic Games\Unreal Projects\Project2D\Source\Project2D\Project2DCharacter.cpp:150]
[2020.07.20-20.45.37:253][589]LogWindows: Error: [Callstack] 0x00007ffc6a464442 UE4Editor-Project2D-5792.dll!AProject2DCharacter::Jump() [D:\Programmes(x86)\Epic Games\Unreal Projects\Project2D\Source\Project2D\Project2DCharacter.cpp:150]
[2020.07.20-20.45.37:253][589]LogWindows: Error: [Callstack] 0x00007ffc6a464442 UE4Editor-Project2D-5792.dll!AProject2DCharacter::Jump() [D:\Programmes(x86)\Epic Games\Unreal Projects\Project2D\Source\Project2D\Project2DCharacter.cpp:150]
[2020.07.20-20.45.37:254][589]LogWindows: Error: [Callstack] 0x00007ffc6a464442 UE4Editor-Project2D-5792.dll!AProject2DCharacter::Jump() [D:\Programmes(x86)\Epic Games\Unreal Projects\Project2D\Source\Project2D\Project2DCharacter.cpp:150]
[2020.07.20-20.45.37:254][589]LogWindows: Error: [Callstack] 0x00007ffc6a464442 UE4Editor-Project2D-5792.dll!AProject2DCharacter::Jump() [D:\Programmes(x86)\Epic Games\Unreal Projects\Project2D\Source\Project2D\Project2DCharacter.cpp:150]
[2020.07.20-20.45.37:254][589]LogWindows: Error: [Callstack] 0x00007ffc6a464442 UE4Editor-Project2D-5792.dll!AProject2DCharacter::Jump() [D:\Programmes(x86)\Epic Games\Unreal Projects\Project2D\Source\Project2D\Project2DCharacter.cpp:150]
[2020.07.20-20.45.37:254][589]LogWindows: Error: [Callstack] 0x00007ffc6a464442 UE4Editor-Project2D-5792.dll!AProject2DCharacter::Jump() [D:\Programmes(x86)\Epic Games\Unreal Projects\Project2D\Source\Project2D\Project2DCharacter.cpp:150]
[2020.07.20-20.45.37:254][589]LogWindows: Error: [Callstack] 0x00007ffc6a464442 UE4Editor-
[2020.07.20-20.45.37:318][589]LogExit: Executing StaticShutdownAfterError
[2020.07.20-20.45.37:322][589]LogWindows: FPlatformMisc::RequestExit(1)
[2020.07.20-20.45.37:377][589]Log file closed, 07/20/20 16:45:37
